
==========================================================================
resizer report_tns
--------------------------------------------------------------------------
tns 0.00

==========================================================================
resizer report_wns
--------------------------------------------------------------------------
wns 0.00

==========================================================================
resizer report_worst_slack
--------------------------------------------------------------------------
worst slack 5.35

==========================================================================
resizer report_checks -path_delay min
--------------------------------------------------------------------------
Startpoint: core.CPU_rd_a2[1]$_DFF_P_
            (rising edge-triggered flip-flop clocked by clk)
Endpoint: core.CPU_rd_a3[1]$_DFF_P_
          (rising edge-triggered flip-flop clocked by clk)
Path Group: clk
Path Type: min

Fanout     Cap    Slew   Delay    Time   Description
-----------------------------------------------------------------------------
                  0.52    0.00    0.00   clock clk (rise edge)
                          0.00    0.00   clock network delay (ideal)
                  0.52    0.00    0.00 ^ core.CPU_rd_a2[1]$_DFF_P_/CLK (sky130_fd_sc_hd__dfxtp_1)
     1    0.00    0.03    0.41    0.41 v core.CPU_rd_a2[1]$_DFF_P_/Q (sky130_fd_sc_hd__dfxtp_1)
                                         core.CPU_rd_a2[1] (net)
                  0.03    0.00    0.41 v core.CPU_rd_a3[1]$_DFF_P_/D (sky130_fd_sc_hd__dfxtp_2)
                                  0.41   data arrival time

                  0.52    0.00    0.00   clock clk (rise edge)
                          0.00    0.00   clock network delay (ideal)
                          0.83    0.83   clock uncertainty
                          0.00    0.83   clock reconvergence pessimism
                                  0.83 ^ core.CPU_rd_a3[1]$_DFF_P_/CLK (sky130_fd_sc_hd__dfxtp_2)
                          0.06    0.89   library hold time
                                  0.89   data required time
-----------------------------------------------------------------------------
                                  0.89   data required time
                                 -0.41   data arrival time
-----------------------------------------------------------------------------
                                 -0.49   slack (VIOLATED)



==========================================================================
resizer report_checks -path_delay max
--------------------------------------------------------------------------
Startpoint: core.CPU_valid_load_a5$_DFF_P_
            (rising edge-triggered flip-flop clocked by clk)
Endpoint: core.CPU_Xreg_value_a4[6][18]$_SDFFE_PP0P_
          (rising edge-triggered flip-flop clocked by clk)
Path Group: clk
Path Type: max

Fanout     Cap    Slew   Delay    Time   Description
-----------------------------------------------------------------------------
                  0.52    0.00    0.00   clock clk (rise edge)
                          0.00    0.00   clock network delay (ideal)
                  0.52    0.00    0.00 ^ core.CPU_valid_load_a5$_DFF_P_/CLK (sky130_fd_sc_hd__dfxtp_1)
     2    0.02    0.17    0.52    0.52 ^ core.CPU_valid_load_a5$_DFF_P_/Q (sky130_fd_sc_hd__dfxtp_1)
                                         core.CPU_valid_load_a5 (net)
                  0.17    0.00    0.52 ^ _05805_/D (sky130_fd_sc_hd__or4_4)
    48    0.47    1.33    1.04    1.56 ^ _05805_/X (sky130_fd_sc_hd__or4_4)
                                         _01035_ (net)
                  1.33    0.04    1.60 ^ _05806_/A (sky130_fd_sc_hd__clkinv_16)
    48    0.45    0.53    0.56    2.16 v _05806_/Y (sky130_fd_sc_hd__clkinv_16)
                                         _01036_ (net)
                  0.54    0.04    2.19 v _07859_/C (sky130_fd_sc_hd__nor3_1)
     1    0.01    0.28    0.36    2.56 ^ _07859_/Y (sky130_fd_sc_hd__nor3_1)
                                         _02490_ (net)
                  0.28    0.00    2.56 ^ _07860_/B1 (sky130_fd_sc_hd__a21oi_2)
     3    0.02    0.13    0.11    2.66 v _07860_/Y (sky130_fd_sc_hd__a21oi_2)
                                         _02491_ (net)
                  0.13    0.00    2.66 v _07956_/B (sky130_fd_sc_hd__nor3_4)
     4    0.07    0.74    0.65    3.31 ^ _07956_/Y (sky130_fd_sc_hd__nor3_4)
                                         _02586_ (net)
                  0.74    0.00    3.31 ^ _09628_/A (sky130_fd_sc_hd__nand2_8)
    49    0.28    0.43    0.49    3.80 v _09628_/Y (sky130_fd_sc_hd__nand2_8)
                                         _03902_ (net)
                  0.43    0.00    3.81 v _09653_/B (sky130_fd_sc_hd__nor2_2)
     5    0.03    0.32    0.40    4.21 ^ _09653_/Y (sky130_fd_sc_hd__nor2_2)
                                         _03919_ (net)
                  0.32    0.00    4.21 ^ _09654_/B1 (sky130_fd_sc_hd__o21ai_0)
     1    0.00    0.11    0.15    4.35 v _09654_/Y (sky130_fd_sc_hd__o21ai_0)
                                         _03920_ (net)
                  0.11    0.00    4.35 v _09657_/A1 (sky130_fd_sc_hd__a21oi_1)
     1    0.00    0.10    0.13    4.48 ^ _09657_/Y (sky130_fd_sc_hd__a21oi_1)
                                         _00905_ (net)
                  0.10    0.00    4.48 ^ core.CPU_Xreg_value_a4[6][18]$_SDFFE_PP0P_/D (sky130_fd_sc_hd__dfxtp_1)
                                  4.48   data arrival time

                  0.52   10.35   10.35   clock clk (rise edge)
                          0.00   10.35   clock network delay (ideal)
                         -0.52    9.83   clock uncertainty
                          0.00    9.83   clock reconvergence pessimism
                                  9.83 ^ core.CPU_Xreg_value_a4[6][18]$_SDFFE_PP0P_/CLK (sky130_fd_sc_hd__dfxtp_1)
                          0.00    9.83   library setup time
                                  9.83   data required time
-----------------------------------------------------------------------------
                                  9.83   data required time
                                 -4.48   data arrival time
-----------------------------------------------------------------------------
                                  5.35   slack (MET)



==========================================================================
resizer report_checks -unconstrained
--------------------------------------------------------------------------
Startpoint: core.CPU_valid_load_a5$_DFF_P_
            (rising edge-triggered flip-flop clocked by clk)
Endpoint: core.CPU_Xreg_value_a4[6][18]$_SDFFE_PP0P_
          (rising edge-triggered flip-flop clocked by clk)
Path Group: clk
Path Type: max

Fanout     Cap    Slew   Delay    Time   Description
-----------------------------------------------------------------------------
                  0.52    0.00    0.00   clock clk (rise edge)
                          0.00    0.00   clock network delay (ideal)
                  0.52    0.00    0.00 ^ core.CPU_valid_load_a5$_DFF_P_/CLK (sky130_fd_sc_hd__dfxtp_1)
     2    0.02    0.17    0.52    0.52 ^ core.CPU_valid_load_a5$_DFF_P_/Q (sky130_fd_sc_hd__dfxtp_1)
                                         core.CPU_valid_load_a5 (net)
                  0.17    0.00    0.52 ^ _05805_/D (sky130_fd_sc_hd__or4_4)
    48    0.47    1.33    1.04    1.56 ^ _05805_/X (sky130_fd_sc_hd__or4_4)
                                         _01035_ (net)
                  1.33    0.04    1.60 ^ _05806_/A (sky130_fd_sc_hd__clkinv_16)
    48    0.45    0.53    0.56    2.16 v _05806_/Y (sky130_fd_sc_hd__clkinv_16)
                                         _01036_ (net)
                  0.54    0.04    2.19 v _07859_/C (sky130_fd_sc_hd__nor3_1)
     1    0.01    0.28    0.36    2.56 ^ _07859_/Y (sky130_fd_sc_hd__nor3_1)
                                         _02490_ (net)
                  0.28    0.00    2.56 ^ _07860_/B1 (sky130_fd_sc_hd__a21oi_2)
     3    0.02    0.13    0.11    2.66 v _07860_/Y (sky130_fd_sc_hd__a21oi_2)
                                         _02491_ (net)
                  0.13    0.00    2.66 v _07956_/B (sky130_fd_sc_hd__nor3_4)
     4    0.07    0.74    0.65    3.31 ^ _07956_/Y (sky130_fd_sc_hd__nor3_4)
                                         _02586_ (net)
                  0.74    0.00    3.31 ^ _09628_/A (sky130_fd_sc_hd__nand2_8)
    49    0.28    0.43    0.49    3.80 v _09628_/Y (sky130_fd_sc_hd__nand2_8)
                                         _03902_ (net)
                  0.43    0.00    3.81 v _09653_/B (sky130_fd_sc_hd__nor2_2)
     5    0.03    0.32    0.40    4.21 ^ _09653_/Y (sky130_fd_sc_hd__nor2_2)
                                         _03919_ (net)
                  0.32    0.00    4.21 ^ _09654_/B1 (sky130_fd_sc_hd__o21ai_0)
     1    0.00    0.11    0.15    4.35 v _09654_/Y (sky130_fd_sc_hd__o21ai_0)
                                         _03920_ (net)
                  0.11    0.00    4.35 v _09657_/A1 (sky130_fd_sc_hd__a21oi_1)
     1    0.00    0.10    0.13    4.48 ^ _09657_/Y (sky130_fd_sc_hd__a21oi_1)
                                         _00905_ (net)
                  0.10    0.00    4.48 ^ core.CPU_Xreg_value_a4[6][18]$_SDFFE_PP0P_/D (sky130_fd_sc_hd__dfxtp_1)
                                  4.48   data arrival time

                  0.52   10.35   10.35   clock clk (rise edge)
                          0.00   10.35   clock network delay (ideal)
                         -0.52    9.83   clock uncertainty
                          0.00    9.83   clock reconvergence pessimism
                                  9.83 ^ core.CPU_Xreg_value_a4[6][18]$_SDFFE_PP0P_/CLK (sky130_fd_sc_hd__dfxtp_1)
                          0.00    9.83   library setup time
                                  9.83   data required time
-----------------------------------------------------------------------------
                                  9.83   data required time
                                 -4.48   data arrival time
-----------------------------------------------------------------------------
                                  5.35   slack (MET)



==========================================================================
resizer report_check_types -max_slew -max_cap -max_fanout -violators
--------------------------------------------------------------------------

==========================================================================
resizer max_slew_check_slack
--------------------------------------------------------------------------
0.16367529332637787

==========================================================================
resizer max_slew_check_limit
--------------------------------------------------------------------------
1.5

==========================================================================
resizer max_slew_check_slack_limit
--------------------------------------------------------------------------
0.1091

==========================================================================
resizer max_fanout_check_slack
--------------------------------------------------------------------------
1.0000000150474662e+30

==========================================================================
resizer max_fanout_check_limit
--------------------------------------------------------------------------
1.0000000150474662e+30

==========================================================================
resizer max_capacitance_check_slack
--------------------------------------------------------------------------
0.018436558544635773

==========================================================================
resizer max_capacitance_check_limit
--------------------------------------------------------------------------
0.021067000925540924

==========================================================================
resizer max_capacitance_check_slack_limit
--------------------------------------------------------------------------
0.8751

==========================================================================
resizer max_slew_violation_count
--------------------------------------------------------------------------
max slew violation count 0

==========================================================================
resizer max_fanout_violation_count
--------------------------------------------------------------------------
max fanout violation count 0

==========================================================================
resizer max_cap_violation_count
--------------------------------------------------------------------------
max cap violation count 0

==========================================================================
resizer setup_violation_count
--------------------------------------------------------------------------
setup violation count 0

==========================================================================
resizer hold_violation_count
--------------------------------------------------------------------------
hold violation count 1238

==========================================================================
resizer report_checks -path_delay max reg to reg
--------------------------------------------------------------------------
Startpoint: core.CPU_valid_load_a5$_DFF_P_
            (rising edge-triggered flip-flop clocked by clk)
Endpoint: core.CPU_Xreg_value_a4[6][18]$_SDFFE_PP0P_
          (rising edge-triggered flip-flop clocked by clk)
Path Group: clk
Path Type: max

  Delay    Time   Description
---------------------------------------------------------
   0.00    0.00   clock clk (rise edge)
   0.00    0.00   clock network delay (ideal)
   0.00    0.00 ^ core.CPU_valid_load_a5$_DFF_P_/CLK (sky130_fd_sc_hd__dfxtp_1)
   0.52    0.52 ^ core.CPU_valid_load_a5$_DFF_P_/Q (sky130_fd_sc_hd__dfxtp_1)
   1.04    1.56 ^ _05805_/X (sky130_fd_sc_hd__or4_4)
   0.60    2.16 v _05806_/Y (sky130_fd_sc_hd__clkinv_16)
   0.40    2.56 ^ _07859_/Y (sky130_fd_sc_hd__nor3_1)
   0.11    2.66 v _07860_/Y (sky130_fd_sc_hd__a21oi_2)
   0.65    3.31 ^ _07956_/Y (sky130_fd_sc_hd__nor3_4)
   0.49    3.80 v _09628_/Y (sky130_fd_sc_hd__nand2_8)
   0.40    4.21 ^ _09653_/Y (sky130_fd_sc_hd__nor2_2)
   0.15    4.35 v _09654_/Y (sky130_fd_sc_hd__o21ai_0)
   0.13    4.48 ^ _09657_/Y (sky130_fd_sc_hd__a21oi_1)
   0.00    4.48 ^ core.CPU_Xreg_value_a4[6][18]$_SDFFE_PP0P_/D (sky130_fd_sc_hd__dfxtp_1)
           4.48   data arrival time

  10.35   10.35   clock clk (rise edge)
   0.00   10.35   clock network delay (ideal)
  -0.52    9.83   clock uncertainty
   0.00    9.83   clock reconvergence pessimism
           9.83 ^ core.CPU_Xreg_value_a4[6][18]$_SDFFE_PP0P_/CLK (sky130_fd_sc_hd__dfxtp_1)
   0.00    9.83   library setup time
           9.83   data required time
---------------------------------------------------------
           9.83   data required time
          -4.48   data arrival time
---------------------------------------------------------
           5.35   slack (MET)



==========================================================================
resizer report_checks -path_delay min reg to reg
--------------------------------------------------------------------------
Startpoint: core.CPU_rd_a2[1]$_DFF_P_
            (rising edge-triggered flip-flop clocked by clk)
Endpoint: core.CPU_rd_a3[1]$_DFF_P_
          (rising edge-triggered flip-flop clocked by clk)
Path Group: clk
Path Type: min

  Delay    Time   Description
---------------------------------------------------------
   0.00    0.00   clock clk (rise edge)
   0.00    0.00   clock network delay (ideal)
   0.00    0.00 ^ core.CPU_rd_a2[1]$_DFF_P_/CLK (sky130_fd_sc_hd__dfxtp_1)
   0.41    0.41 v core.CPU_rd_a2[1]$_DFF_P_/Q (sky130_fd_sc_hd__dfxtp_1)
   0.00    0.41 v core.CPU_rd_a3[1]$_DFF_P_/D (sky130_fd_sc_hd__dfxtp_2)
           0.41   data arrival time

   0.00    0.00   clock clk (rise edge)
   0.00    0.00   clock network delay (ideal)
   0.83    0.83   clock uncertainty
   0.00    0.83   clock reconvergence pessimism
           0.83 ^ core.CPU_rd_a3[1]$_DFF_P_/CLK (sky130_fd_sc_hd__dfxtp_2)
   0.06    0.89   library hold time
           0.89   data required time
---------------------------------------------------------
           0.89   data required time
          -0.41   data arrival time
---------------------------------------------------------
          -0.49   slack (VIOLATED)



==========================================================================
resizer critical path target clock latency max path
--------------------------------------------------------------------------
0

==========================================================================
resizer critical path target clock latency min path
--------------------------------------------------------------------------
0

==========================================================================
resizer critical path source clock latency min path
--------------------------------------------------------------------------
0

==========================================================================
resizer critical path delay
--------------------------------------------------------------------------
4.4821

==========================================================================
resizer critical path slack
--------------------------------------------------------------------------
5.3509

==========================================================================
resizer slack div critical path delay
--------------------------------------------------------------------------
119.383771

==========================================================================
resizer report_power
--------------------------------------------------------------------------
Group                  Internal  Switching    Leakage      Total
                          Power      Power      Power      Power (Watts)
----------------------------------------------------------------
Sequential             5.47e-03   8.12e-04   1.04e-08   6.28e-03  57.1%
Combinational          1.49e-03   3.24e-03   1.07e-08   4.73e-03  42.9%
Clock                  0.00e+00   0.00e+00   0.00e+00   0.00e+00   0.0%
Macro                  0.00e+00   0.00e+00   0.00e+00   0.00e+00   0.0%
Pad                    0.00e+00   0.00e+00   0.00e+00   0.00e+00   0.0%
----------------------------------------------------------------
Total                  6.96e-03   4.05e-03   2.11e-08   1.10e-02 100.0%
                          63.2%      36.8%       0.0%
