Net: RV_TO_DAC\[7\]
  Pin:   dac/D[7] (avsddac)
    Layer: mcon
      Partial area ratio:    0.03
      Required ratio:    3.00 (Gate area) 
      Cumulative area ratio:    0.03
      Required ratio:    0.00 (Cumulative area) 

    Layer: met1
      Partial area ratio:  101.79
      Required ratio:    0.00 (Gate area) 
      Cumulative area ratio:  101.79
      Required ratio:    0.00 (Cumulative area) 
      Partial area ratio:  508.68
      Required ratio:  400.00 (Side area) (VIOLATED)
      Cumulative area ratio:  508.68
      Required ratio:    0.00 (Cumulative side area) 

    Layer: via
      Partial area ratio:    0.06
      Required ratio:    6.00 (Gate area) 
      Cumulative area ratio:    0.09
      Required ratio:    0.00 (Cumulative area) 

    Layer: met2
      Partial area ratio:   91.48
      Required ratio:    0.00 (Gate area) 
      Cumulative area ratio:  193.27
      Required ratio:    0.00 (Cumulative area) 
      Partial area ratio:  456.94
      Required ratio: 3825.80 (Side area) 
      Cumulative area ratio:  965.62
      Required ratio:    0.00 (Cumulative side area) 


Net: RV_TO_DAC\[8\]
  Pin:   dac/D[8] (avsddac)
    Layer: mcon
      Partial area ratio:    0.05
      Required ratio:    3.00 (Gate area) 
      Cumulative area ratio:    0.05
      Required ratio:    0.00 (Cumulative area) 

    Layer: met1
      Partial area ratio:  134.16
      Required ratio:    0.00 (Gate area) 
      Cumulative area ratio:  134.16
      Required ratio:    0.00 (Cumulative area) 
      Partial area ratio:  670.74
      Required ratio:  400.00 (Side area) (VIOLATED)
      Cumulative area ratio:  670.74
      Required ratio:    0.00 (Cumulative side area) 

    Layer: via
      Partial area ratio:    0.12
      Required ratio:    6.00 (Gate area) 
      Cumulative area ratio:    0.18
      Required ratio:    0.00 (Cumulative area) 

    Layer: met2
      Partial area ratio:  110.04
      Required ratio:    0.00 (Gate area) 
      Cumulative area ratio:  244.20
      Required ratio:    0.00 (Cumulative area) 
      Partial area ratio:  549.64
      Required ratio: 3825.80 (Side area) 
      Cumulative area ratio: 1220.38
      Required ratio:    0.00 (Cumulative side area) 


