1. Executing RTLIL frontend.
2. Executing Liberty frontend: ./objects/sky130hd/rvmyth/base/lib/sky130_fd_sc_hd__tt_025C_1v80.lib
3. Executing Verilog-2005 frontend: /home/ayush/OpenRoad/flow/platforms/sky130hd/cells_clkgate_hd.v
Using ABC speed script.
Extracting clock period from SDC file: ./results/sky130hd/rvmyth/base/clock_period.txt
synth -top RV_CPU -run :fine
4. Executing SYNTH pass.
4.1. Executing HIERARCHY pass (managing design hierarchy).
4.1.1. Analyzing design hierarchy..
4.1.2. Analyzing design hierarchy..
4.2. Executing PROC pass (convert processes to netlists).
4.2.1. Executing PROC_CLEAN pass (remove empty switches from decision trees).
4.2.2. Executing PROC_RMDEAD pass (remove dead branches from decision trees).
4.2.3. Executing PROC_PRUNE pass (remove redundant assignments in processes).
4.2.4. Executing PROC_INIT pass (extract init attributes).
4.2.5. Executing PROC_ARST pass (detect async resets in processes).
4.2.6. Executing PROC_ROM pass (convert switches to ROMs).
4.2.7. Executing PROC_MUX pass (convert decision trees to multiplexers).
4.2.8. Executing PROC_DLATCH pass (convert process syncs to latches).
4.2.9. Executing PROC_DFF pass (convert process syncs to FFs).
4.2.10. Executing PROC_MEMWR pass (convert process memory writes to cells).
4.2.11. Executing PROC_CLEAN pass (remove empty switches from decision trees).
4.2.12. Executing OPT_EXPR pass (perform const folding).
4.3. Executing OPT_EXPR pass (perform const folding).
4.4. Executing OPT_CLEAN pass (remove unused cells and wires).
4.5. Executing CHECK pass (checking for obvious problems).
4.6. Executing OPT pass (performing simple optimizations).
4.6.1. Executing OPT_EXPR pass (perform const folding).
4.6.2. Executing OPT_MERGE pass (detect identical cells).
4.6.3. Executing OPT_MUXTREE pass (detect dead branches in mux trees).
4.6.4. Executing OPT_REDUCE pass (consolidate $*mux and $reduce_* inputs).
4.6.5. Executing OPT_MERGE pass (detect identical cells).
4.6.6. Executing OPT_DFF pass (perform DFF optimizations).
4.6.7. Executing OPT_CLEAN pass (remove unused cells and wires).
4.6.8. Executing OPT_EXPR pass (perform const folding).
4.6.9. Rerunning OPT passes. (Maybe there is more to do..)
4.6.10. Executing OPT_MUXTREE pass (detect dead branches in mux trees).
4.6.11. Executing OPT_REDUCE pass (consolidate $*mux and $reduce_* inputs).
4.6.12. Executing OPT_MERGE pass (detect identical cells).
4.6.13. Executing OPT_DFF pass (perform DFF optimizations).
4.6.14. Executing OPT_CLEAN pass (remove unused cells and wires).
4.6.15. Executing OPT_EXPR pass (perform const folding).
4.6.16. Finished OPT passes. (There is nothing left to do.)
4.7. Executing FSM pass (extract and optimize FSM).
4.7.1. Executing FSM_DETECT pass (finding FSMs in design).
4.7.2. Executing FSM_EXTRACT pass (extracting FSM from design).
4.7.3. Executing FSM_OPT pass (simple optimizations of FSMs).
4.7.4. Executing OPT_CLEAN pass (remove unused cells and wires).
4.7.5. Executing FSM_OPT pass (simple optimizations of FSMs).
4.7.6. Executing FSM_RECODE pass (re-assigning FSM state encoding).
4.7.7. Executing FSM_INFO pass (dumping all available information on FSM cells).
4.7.8. Executing FSM_MAP pass (mapping FSMs to basic logic).
4.8. Executing OPT pass (performing simple optimizations).
4.8.1. Executing OPT_EXPR pass (perform const folding).
4.8.2. Executing OPT_MERGE pass (detect identical cells).
4.8.3. Executing OPT_MUXTREE pass (detect dead branches in mux trees).
4.8.4. Executing OPT_REDUCE pass (consolidate $*mux and $reduce_* inputs).
4.8.5. Executing OPT_MERGE pass (detect identical cells).
4.8.6. Executing OPT_DFF pass (perform DFF optimizations).
4.8.7. Executing OPT_CLEAN pass (remove unused cells and wires).
4.8.8. Executing OPT_EXPR pass (perform const folding).
4.8.9. Rerunning OPT passes. (Maybe there is more to do..)
4.8.10. Executing OPT_MUXTREE pass (detect dead branches in mux trees).
4.8.11. Executing OPT_REDUCE pass (consolidate $*mux and $reduce_* inputs).
4.8.12. Executing OPT_MERGE pass (detect identical cells).
4.8.13. Executing OPT_DFF pass (perform DFF optimizations).
4.8.14. Executing OPT_CLEAN pass (remove unused cells and wires).
4.8.15. Executing OPT_EXPR pass (perform const folding).
4.8.16. Rerunning OPT passes. (Maybe there is more to do..)
4.8.17. Executing OPT_MUXTREE pass (detect dead branches in mux trees).
4.8.18. Executing OPT_REDUCE pass (consolidate $*mux and $reduce_* inputs).
4.8.19. Executing OPT_MERGE pass (detect identical cells).
4.8.20. Executing OPT_DFF pass (perform DFF optimizations).
4.8.21. Executing OPT_CLEAN pass (remove unused cells and wires).
4.8.22. Executing OPT_EXPR pass (perform const folding).
4.8.23. Finished OPT passes. (There is nothing left to do.)
4.9. Executing WREDUCE pass (reducing word size of cells).
4.10. Executing PEEPOPT pass (run peephole optimizers).
4.11. Executing OPT_CLEAN pass (remove unused cells and wires).
4.12. Executing ALUMACC pass (create $alu and $macc cells).
4.13. Executing SHARE pass (SAT-based resource sharing).
4.14. Executing OPT pass (performing simple optimizations).
4.14.1. Executing OPT_EXPR pass (perform const folding).
4.14.2. Executing OPT_MERGE pass (detect identical cells).
4.14.3. Executing OPT_MUXTREE pass (detect dead branches in mux trees).
4.14.4. Executing OPT_REDUCE pass (consolidate $*mux and $reduce_* inputs).
4.14.5. Executing OPT_MERGE pass (detect identical cells).
4.14.6. Executing OPT_DFF pass (perform DFF optimizations).
4.14.7. Executing OPT_CLEAN pass (remove unused cells and wires).
4.14.8. Executing OPT_EXPR pass (perform const folding).
4.14.9. Rerunning OPT passes. (Maybe there is more to do..)
4.14.10. Executing OPT_MUXTREE pass (detect dead branches in mux trees).
4.14.11. Executing OPT_REDUCE pass (consolidate $*mux and $reduce_* inputs).
4.14.12. Executing OPT_MERGE pass (detect identical cells).
4.14.13. Executing OPT_DFF pass (perform DFF optimizations).
4.14.14. Executing OPT_CLEAN pass (remove unused cells and wires).
4.14.15. Executing OPT_EXPR pass (perform const folding).
4.14.16. Finished OPT passes. (There is nothing left to do.)
4.15. Executing MEMORY pass.
4.15.1. Executing OPT_MEM pass (optimize memories).
4.15.2. Executing OPT_MEM_PRIORITY pass (removing unnecessary memory write priority relations).
4.15.3. Executing OPT_MEM_FEEDBACK pass (finding memory read-to-write feedback paths).
4.15.4. Executing MEMORY_BMUX2ROM pass (converting muxes to ROMs).
4.15.5. Executing MEMORY_DFF pass (merging $dff cells to $memrd).
4.15.6. Executing OPT_CLEAN pass (remove unused cells and wires).
4.15.7. Executing MEMORY_SHARE pass (consolidating $memrd/$memwr cells).
4.15.8. Executing OPT_MEM_WIDEN pass (optimize memories where all ports are wide).
4.15.9. Executing OPT_CLEAN pass (remove unused cells and wires).
4.15.10. Executing MEMORY_COLLECT pass (generating $mem cells).
4.16. Executing OPT_CLEAN pass (remove unused cells and wires).
5. Executing SYNTH pass.
5.1. Executing OPT pass (performing simple optimizations).
5.1.1. Executing OPT_EXPR pass (perform const folding).
5.1.2. Executing OPT_MERGE pass (detect identical cells).
5.1.3. Executing OPT_DFF pass (perform DFF optimizations).
5.1.4. Executing OPT_CLEAN pass (remove unused cells and wires).
5.1.5. Rerunning OPT passes. (Removed registers in this run.)
5.1.6. Executing OPT_EXPR pass (perform const folding).
5.1.7. Executing OPT_MERGE pass (detect identical cells).
5.1.8. Executing OPT_DFF pass (perform DFF optimizations).
5.1.9. Executing OPT_CLEAN pass (remove unused cells and wires).
5.1.10. Finished fast OPT passes.
5.2. Executing MEMORY_MAP pass (converting memories to logic and flip-flops).
5.3. Executing OPT pass (performing simple optimizations).
5.3.1. Executing OPT_EXPR pass (perform const folding).
5.3.2. Executing OPT_MERGE pass (detect identical cells).
5.3.3. Executing OPT_MUXTREE pass (detect dead branches in mux trees).
5.3.4. Executing OPT_REDUCE pass (consolidate $*mux and $reduce_* inputs).
5.3.5. Executing OPT_MERGE pass (detect identical cells).
5.3.6. Executing OPT_SHARE pass.
5.3.7. Executing OPT_DFF pass (perform DFF optimizations).
5.3.8. Executing OPT_CLEAN pass (remove unused cells and wires).
5.3.9. Executing OPT_EXPR pass (perform const folding).
5.3.10. Rerunning OPT passes. (Maybe there is more to do..)
5.3.11. Executing OPT_MUXTREE pass (detect dead branches in mux trees).
5.3.12. Executing OPT_REDUCE pass (consolidate $*mux and $reduce_* inputs).
5.3.13. Executing OPT_MERGE pass (detect identical cells).
5.3.14. Executing OPT_SHARE pass.
5.3.15. Executing OPT_DFF pass (perform DFF optimizations).
5.3.16. Executing OPT_CLEAN pass (remove unused cells and wires).
5.3.17. Executing OPT_EXPR pass (perform const folding).
5.3.18. Rerunning OPT passes. (Maybe there is more to do..)
5.3.19. Executing OPT_MUXTREE pass (detect dead branches in mux trees).
5.3.20. Executing OPT_REDUCE pass (consolidate $*mux and $reduce_* inputs).
5.3.21. Executing OPT_MERGE pass (detect identical cells).
5.3.22. Executing OPT_SHARE pass.
5.3.23. Executing OPT_DFF pass (perform DFF optimizations).
5.3.24. Executing OPT_CLEAN pass (remove unused cells and wires).
5.3.25. Executing OPT_EXPR pass (perform const folding).
5.3.26. Rerunning OPT passes. (Maybe there is more to do..)
5.3.27. Executing OPT_MUXTREE pass (detect dead branches in mux trees).
5.3.28. Executing OPT_REDUCE pass (consolidate $*mux and $reduce_* inputs).
5.3.29. Executing OPT_MERGE pass (detect identical cells).
5.3.30. Executing OPT_SHARE pass.
5.3.31. Executing OPT_DFF pass (perform DFF optimizations).
5.3.32. Executing OPT_CLEAN pass (remove unused cells and wires).
5.3.33. Executing OPT_EXPR pass (perform const folding).
5.3.34. Rerunning OPT passes. (Maybe there is more to do..)
5.3.35. Executing OPT_MUXTREE pass (detect dead branches in mux trees).
5.3.36. Executing OPT_REDUCE pass (consolidate $*mux and $reduce_* inputs).
5.3.37. Executing OPT_MERGE pass (detect identical cells).
5.3.38. Executing OPT_SHARE pass.
5.3.39. Executing OPT_DFF pass (perform DFF optimizations).
5.3.40. Executing OPT_CLEAN pass (remove unused cells and wires).
5.3.41. Executing OPT_EXPR pass (perform const folding).
5.3.42. Rerunning OPT passes. (Maybe there is more to do..)
5.3.43. Executing OPT_MUXTREE pass (detect dead branches in mux trees).
5.3.44. Executing OPT_REDUCE pass (consolidate $*mux and $reduce_* inputs).
5.3.45. Executing OPT_MERGE pass (detect identical cells).
5.3.46. Executing OPT_SHARE pass.
5.3.47. Executing OPT_DFF pass (perform DFF optimizations).
5.3.48. Executing OPT_CLEAN pass (remove unused cells and wires).
5.3.49. Executing OPT_EXPR pass (perform const folding).
5.3.50. Rerunning OPT passes. (Maybe there is more to do..)
5.3.51. Executing OPT_MUXTREE pass (detect dead branches in mux trees).
5.3.52. Executing OPT_REDUCE pass (consolidate $*mux and $reduce_* inputs).
5.3.53. Executing OPT_MERGE pass (detect identical cells).
5.3.54. Executing OPT_SHARE pass.
5.3.55. Executing OPT_DFF pass (perform DFF optimizations).
5.3.56. Executing OPT_CLEAN pass (remove unused cells and wires).
5.3.57. Executing OPT_EXPR pass (perform const folding).
5.3.58. Finished OPT passes. (There is nothing left to do.)
5.4. Executing TECHMAP pass (map to technology primitives).
5.4.1. Executing Verilog-2005 frontend: /home/ayush/OpenRoad/tools/install/yosys/bin/../share/yosys/techmap.v
5.4.2. Continuing TECHMAP pass.
5.5. Executing OPT pass (performing simple optimizations).
5.5.1. Executing OPT_EXPR pass (perform const folding).
5.5.2. Executing OPT_MERGE pass (detect identical cells).
5.5.3. Executing OPT_DFF pass (perform DFF optimizations).
5.5.4. Executing OPT_CLEAN pass (remove unused cells and wires).
5.5.5. Finished fast OPT passes.
5.6. Executing ABC pass (technology mapping using ABC).
5.6.1. Extracting gate netlist of module `\RV_CPU' to `<abc-temp-dir>/input.blif'..
5.6.2. Extracting gate netlist of module `\clk_gate' to `<abc-temp-dir>/input.blif'..
5.7. Executing OPT pass (performing simple optimizations).
5.7.1. Executing OPT_EXPR pass (perform const folding).
5.7.2. Executing OPT_MERGE pass (detect identical cells).
5.7.3. Executing OPT_DFF pass (perform DFF optimizations).
5.7.4. Executing OPT_CLEAN pass (remove unused cells and wires).
5.7.5. Finished fast OPT passes.
5.8. Executing HIERARCHY pass (managing design hierarchy).
5.8.1. Analyzing design hierarchy..
5.8.2. Analyzing design hierarchy..
5.9. Printing statistics.
5.10. Executing CHECK pass (checking for obvious problems).
6. Executing TECHMAP pass (map to technology primitives).
6.1. Executing Verilog-2005 frontend: /home/ayush/OpenRoad/flow/platforms/sky130hd/cells_adders_hd.v
6.2. Continuing TECHMAP pass.
7. Executing TECHMAP pass (map to technology primitives).
7.1. Executing Verilog-2005 frontend: /home/ayush/OpenRoad/tools/install/yosys/bin/../share/yosys/techmap.v
7.2. Continuing TECHMAP pass.
8. Executing DFFLIBMAP pass (mapping DFF cells to sequential cells from liberty file).
Warning: Found unsupported expression 'D&!SCE|SCD&SCE' in pin attribute of cell 'sky130_fd_sc_hd__sdfbbn_1' - skipping.
Warning: Found unsupported expression 'D&!SCE|SCD&SCE' in pin attribute of cell 'sky130_fd_sc_hd__sdfbbn_2' - skipping.
Warning: Found unsupported expression 'D&!SCE|SCD&SCE' in pin attribute of cell 'sky130_fd_sc_hd__sdfrtn_1' - skipping.
Warning: Found unsupported expression 'D&DE|IQ&!DE' in pin attribute of cell 'sky130_fd_sc_hd__edfxbp_1' - skipping.
Warning: Found unsupported expression 'D&DE|IQ&!DE' in pin attribute of cell 'sky130_fd_sc_hd__edfxtp_1' - skipping.
Warning: Found unsupported expression 'D&!SCE|SCD&SCE' in pin attribute of cell 'sky130_fd_sc_hd__sdfbbp_1' - skipping.
Warning: Found unsupported expression 'D&!SCE|SCD&SCE' in pin attribute of cell 'sky130_fd_sc_hd__sdfrbp_1' - skipping.
Warning: Found unsupported expression 'D&!SCE|SCD&SCE' in pin attribute of cell 'sky130_fd_sc_hd__sdfrbp_2' - skipping.
Warning: Found unsupported expression 'D&!SCE|SCD&SCE' in pin attribute of cell 'sky130_fd_sc_hd__sdfrtp_1' - skipping.
Warning: Found unsupported expression 'D&!SCE|SCD&SCE' in pin attribute of cell 'sky130_fd_sc_hd__sdfrtp_2' - skipping.
Warning: Found unsupported expression 'D&!SCE|SCD&SCE' in pin attribute of cell 'sky130_fd_sc_hd__sdfrtp_4' - skipping.
Warning: Found unsupported expression 'D&!SCE|SCD&SCE' in pin attribute of cell 'sky130_fd_sc_hd__sdfsbp_1' - skipping.
Warning: Found unsupported expression 'D&!SCE|SCD&SCE' in pin attribute of cell 'sky130_fd_sc_hd__sdfsbp_2' - skipping.
Warning: Found unsupported expression 'D&!SCE|SCD&SCE' in pin attribute of cell 'sky130_fd_sc_hd__sdfstp_1' - skipping.
Warning: Found unsupported expression 'D&!SCE|SCD&SCE' in pin attribute of cell 'sky130_fd_sc_hd__sdfstp_2' - skipping.
Warning: Found unsupported expression 'D&!SCE|SCD&SCE' in pin attribute of cell 'sky130_fd_sc_hd__sdfstp_4' - skipping.
Warning: Found unsupported expression 'D&!SCE|SCD&SCE' in pin attribute of cell 'sky130_fd_sc_hd__sdfxbp_1' - skipping.
Warning: Found unsupported expression 'D&!SCE|SCD&SCE' in pin attribute of cell 'sky130_fd_sc_hd__sdfxbp_2' - skipping.
Warning: Found unsupported expression 'D&!SCE|SCD&SCE' in pin attribute of cell 'sky130_fd_sc_hd__sdfxtp_1' - skipping.
Warning: Found unsupported expression 'D&!SCE|SCD&SCE' in pin attribute of cell 'sky130_fd_sc_hd__sdfxtp_2' - skipping.
Warning: Found unsupported expression 'D&!SCE|SCD&SCE' in pin attribute of cell 'sky130_fd_sc_hd__sdfxtp_4' - skipping.
Warning: Found unsupported expression 'D&DE&!SCE|IQ&!DE&!SCE|SCD&SCE' in pin attribute of cell 'sky130_fd_sc_hd__sedfxbp_1' - skipping.
Warning: Found unsupported expression 'D&DE&!SCE|IQ&!DE&!SCE|SCD&SCE' in pin attribute of cell 'sky130_fd_sc_hd__sedfxbp_2' - skipping.
Warning: Found unsupported expression 'D&DE&!SCE|IQ&!DE&!SCE|SCD&SCE' in pin attribute of cell 'sky130_fd_sc_hd__sedfxtp_1' - skipping.
Warning: Found unsupported expression 'D&DE&!SCE|IQ&!DE&!SCE|SCD&SCE' in pin attribute of cell 'sky130_fd_sc_hd__sedfxtp_2' - skipping.
Warning: Found unsupported expression 'D&DE&!SCE|IQ&!DE&!SCE|SCD&SCE' in pin attribute of cell 'sky130_fd_sc_hd__sedfxtp_4' - skipping.
8.1. Executing DFFLEGALIZE pass (convert FFs to types supported by the target).
abc -script /home/ayush/OpenRoad/flow/scripts/abc_speed.script -liberty ./objects/sky130hd/rvmyth/base/lib/sky130_fd_sc_hd__tt_025C_1v80.lib -constr ./objects/sky130hd/rvmyth/base/abc.constr -dont_use sky130_fd_sc_hd__probe_p_8 -dont_use sky130_fd_sc_hd__probec_p_8 -dont_use sky130_fd_sc_hd__lpflow_bleeder_1 -dont_use sky130_fd_sc_hd__lpflow_clkbufkapwr_1 -dont_use sky130_fd_sc_hd__lpflow_clkbufkapwr_16 -dont_use sky130_fd_sc_hd__lpflow_clkbufkapwr_2 -dont_use sky130_fd_sc_hd__lpflow_clkbufkapwr_4 -dont_use sky130_fd_sc_hd__lpflow_clkbufkapwr_8 -dont_use sky130_fd_sc_hd__lpflow_clkinvkapwr_1 -dont_use sky130_fd_sc_hd__lpflow_clkinvkapwr_16 -dont_use sky130_fd_sc_hd__lpflow_clkinvkapwr_2 -dont_use sky130_fd_sc_hd__lpflow_clkinvkapwr_4 -dont_use sky130_fd_sc_hd__lpflow_clkinvkapwr_8 -dont_use sky130_fd_sc_hd__lpflow_decapkapwr_12 -dont_use sky130_fd_sc_hd__lpflow_decapkapwr_3 -dont_use sky130_fd_sc_hd__lpflow_decapkapwr_4 -dont_use sky130_fd_sc_hd__lpflow_decapkapwr_6 -dont_use sky130_fd_sc_hd__lpflow_decapkapwr_8 -dont_use sky130_fd_sc_hd__lpflow_inputiso0n_1 -dont_use sky130_fd_sc_hd__lpflow_inputiso0p_1 -dont_use sky130_fd_sc_hd__lpflow_inputiso1n_1 -dont_use sky130_fd_sc_hd__lpflow_inputiso1p_1 -dont_use sky130_fd_sc_hd__lpflow_inputisolatch_1 -dont_use sky130_fd_sc_hd__lpflow_isobufsrc_1 -dont_use sky130_fd_sc_hd__lpflow_isobufsrc_16 -dont_use sky130_fd_sc_hd__lpflow_isobufsrc_2 -dont_use sky130_fd_sc_hd__lpflow_isobufsrc_4 -dont_use sky130_fd_sc_hd__lpflow_isobufsrc_8 -dont_use sky130_fd_sc_hd__lpflow_isobufsrckapwr_16 -dont_use sky130_fd_sc_hd__lpflow_lsbuf_lh_hl_isowell_tap_1 -dont_use sky130_fd_sc_hd__lpflow_lsbuf_lh_hl_isowell_tap_2 -dont_use sky130_fd_sc_hd__lpflow_lsbuf_lh_hl_isowell_tap_4 -dont_use sky130_fd_sc_hd__lpflow_lsbuf_lh_isowell_4 -dont_use sky130_fd_sc_hd__lpflow_lsbuf_lh_isowell_tap_1 -dont_use sky130_fd_sc_hd__lpflow_lsbuf_lh_isowell_tap_2 -dont_use sky130_fd_sc_hd__lpflow_lsbuf_lh_isowell_tap_4
9. Executing ABC pass (technology mapping using ABC).
9.1. Extracting gate netlist of module `\RV_CPU' to `<abc-temp-dir>/input.blif'..
9.1.1. Executing ABC.
9.1.2. Re-integrating ABC results.
9.2. Extracting gate netlist of module `\clk_gate' to `<abc-temp-dir>/input.blif'..
10. Printing statistics.
11. Executing HIERARCHY pass (managing design hierarchy).
11.1. Analyzing design hierarchy..
11.2. Analyzing design hierarchy..
Found module RV_CPU
Found module clk_gate
12. Printing statistics.
13. Printing statistics.
Warnings: 26 unique messages, 234 total
End of script. Logfile hash: 59dac44e3c, CPU: user 1.31s system 0.02s, MEM: 64.00 MB peak
Yosys 0.47 (git sha1 647d61dd9, clang++ 18.1.3 -fPIC -O3)
Time spent: 77% 2x abc (4 sec), 4% 4x stat (0 sec), ...
Elapsed time: 0:05.76[h:]min:sec. CPU time: user 5.71 sys 0.05 (99%). Peak memory: 66176KB.
