OpenROAD v2.0-17013-gf7f634f88 
Features included (+) or not (-): +Charts +GPU +GUI +Python
This program is licensed under the BSD-3 license. See the LICENSE file for details.
Components of this program may be licensed under more restrictive licenses which must be honored.
[INFO ORD-0030] Using 16 thread(s).
Placement Analysis
---------------------------------
total displacement      18009.1 u
average displacement        1.7 u
max displacement           36.3 u
original HPWL          139904.0 u
legalized HPWL         157168.9 u
delta HPWL                   12 %

Detailed placement improvement.
Importing netlist into detailed improver.
[INFO DPO-0100] Creating network with 10836 cells, 12 terminals, 6671 edges, 24101 pins, and 0 blockages.
[INFO DPO-0109] Network stats: inst 10848, edges 6671, pins 24101
[INFO DPO-0110] Number of regions is 1
[INFO DPO-0401] Setting random seed to 1.
[INFO DPO-0402] Setting maximum displacement 5 1 to 13600 2720 units.
[INFO DPO-0320] Collected 4317 fixed cells.
[INFO DPO-0318] Collected 6531 single height cells.
[INFO DPO-0321] Collected 0 wide cells.
[INFO DPO-0322] Image (20240, 21760) - (589720, 587520)
[INFO DPO-0310] Assigned 6531 cells into segments.  Movement in X-direction is 0.000000, movement in Y-direction is 0.000000.
[INFO DPO-0313] Found 0 cells in wrong regions.
[INFO DPO-0315] Found 0 row alignment problems.
[INFO DPO-0314] Found 0 site alignment problems.
[INFO DPO-0311] Found 0 overlaps between adjacent cells.
[INFO DPO-0312] Found 0 edge spacing violations and 0 padding violations.
[INFO DPO-0303] Running algorithm for independent set matching.
[INFO DPO-0300] Set matching objective is wirelength.
[INFO DPO-0301] Pass   1 of matching; objective is 1.586225e+08.
[INFO DPO-0302] End of matching; objective is 1.585377e+08, improvement is 0.05 percent.
[INFO DPO-0303] Running algorithm for global swaps.
[INFO DPO-0306] Pass   1 of global swaps; hpwl is 1.553869e+08.
[INFO DPO-0306] Pass   2 of global swaps; hpwl is 1.548326e+08.
[INFO DPO-0307] End of global swaps; objective is 1.548326e+08, improvement is 2.34 percent.
[INFO DPO-0303] Running algorithm for vertical swaps.
[INFO DPO-0308] Pass   1 of vertical swaps; hpwl is 1.543113e+08.
[INFO DPO-0309] End of vertical swaps; objective is 1.543113e+08, improvement is 0.34 percent.
[INFO DPO-0303] Running algorithm for reordering.
[INFO DPO-0304] Pass   1 of reordering; objective is 1.538220e+08.
[INFO DPO-0305] End of reordering; objective is 1.538220e+08, improvement is 0.32 percent.
[INFO DPO-0303] Running algorithm for random improvement.
[INFO DPO-0324] Random improver is using displacement generator.
[INFO DPO-0325] Random improver is using hpwl objective.
[INFO DPO-0326] Random improver cost string is (a).
[INFO DPO-0332] End of pass, Generator displacement called 130620 times.
[INFO DPO-0335] Generator displacement, Cumulative attempts 130620, swaps 17099, moves 35589 since last reset.
[INFO DPO-0333] End of pass, Objective hpwl, Initial cost 1.524912e+08, Scratch cost 1.505690e+08, Incremental cost 1.505690e+08, Mismatch? N
[INFO DPO-0338] End of pass, Total cost is 1.505690e+08.
[INFO DPO-0327] Pass   1 of random improver; improvement in cost is 1.26 percent.
[INFO DPO-0332] End of pass, Generator displacement called 130620 times.
[INFO DPO-0335] Generator displacement, Cumulative attempts 261240, swaps 33827, moves 71426 since last reset.
[INFO DPO-0333] End of pass, Objective hpwl, Initial cost 1.505690e+08, Scratch cost 1.498375e+08, Incremental cost 1.498375e+08, Mismatch? N
[INFO DPO-0338] End of pass, Total cost is 1.498375e+08.
[INFO DPO-0327] Pass   2 of random improver; improvement in cost is 0.49 percent.
[INFO DPO-0328] End of random improver; improvement is 1.740235 percent.
[INFO DPO-0380] Cell flipping.
[INFO DPO-0382] Changed 3252 cell orientations for row compatibility.
[INFO DPO-0383] Performed 1781 cell flips.
[INFO DPO-0384] End of flipping; objective is 1.488398e+08, improvement is 1.54 percent.
[INFO DPO-0313] Found 0 cells in wrong regions.
[INFO DPO-0315] Found 0 row alignment problems.
[INFO DPO-0314] Found 0 site alignment problems.
[INFO DPO-0311] Found 0 overlaps between adjacent cells.
[INFO DPO-0312] Found 0 edge spacing violations and 0 padding violations.
Detailed Improvement Results
------------------------------------------
Original HPWL           157168.9 u
Final HPWL              147146.1 u
Delta HPWL                  -6.4 %

[INFO DPL-0020] Mirrored 313 instances
[INFO DPL-0021] HPWL before          147146.1 u
[INFO DPL-0022] HPWL after           147031.4 u
[INFO DPL-0023] HPWL delta               -0.1 %
[INFO FLW-0012] Placement violations .
Report metrics stage 3, detailed place...

==========================================================================
detailed place report_design_area
--------------------------------------------------------------------------
Design area 67651 u^2 21% utilization.
Elapsed time: 0:02.68[h:]min:sec. CPU time: user 2.63 sys 0.04 (100%). Peak memory: 202824KB.
