OpenROAD v2.0-17013-gf7f634f88 
Features included (+) or not (-): +Charts +GPU +GUI +Python
This program is licensed under the BSD-3 license. See the LICENSE file for details.
Components of this program may be licensed under more restrictive licenses which must be honored.
[INFO ORD-0030] Using 16 thread(s).
global_route -congestion_report_file ./reports/sky130hd/rvmyth/base/congestion.rpt -congestion_iterations 30 -congestion_report_iter_step 5 -verbose
[INFO GRT-0020] Min routing layer: met1
[INFO GRT-0021] Max routing layer: met5
[INFO GRT-0022] Global adjustment: 0%
[INFO GRT-0023] Grid origin: (0, 0)
[INFO GRT-0043] No OR_DEFAULT vias defined.
[INFO GRT-0088] Layer li1     Track-Pitch = 0.4600  line-2-Via Pitch: 0.3400
[INFO GRT-0088] Layer met1    Track-Pitch = 0.3400  line-2-Via Pitch: 0.3400
[INFO GRT-0088] Layer met2    Track-Pitch = 0.4600  line-2-Via Pitch: 0.3500
[INFO GRT-0088] Layer met3    Track-Pitch = 0.6800  line-2-Via Pitch: 0.6150
[INFO GRT-0088] Layer met4    Track-Pitch = 0.9200  line-2-Via Pitch: 1.0400
[INFO GRT-0088] Layer met5    Track-Pitch = 3.4000  line-2-Via Pitch: 3.1100
[INFO GRT-0019] Found 138 clock nets.
[INFO GRT-0001] Minimum degree: 2
[INFO GRT-0002] Maximum degree: 128
[INFO GRT-0003] Macros: 0
[INFO GRT-0043] No OR_DEFAULT vias defined.
[INFO GRT-0004] Blockages: 18146

[INFO GRT-0053] Routing resources analysis:
          Routing      Original      Derated      Resource
Layer     Direction    Resources     Resources    Reduction (%)
---------------------------------------------------------------
li1        Vertical            0             0          0.00%
met1       Horizontal     149554         86710          42.02%
met2       Vertical       112144         87641          21.85%
met3       Horizontal      74734         58193          22.13%
met4       Vertical        45064         26574          41.03%
met5       Horizontal      14878          7395          50.30%
---------------------------------------------------------------

[INFO GRT-0101] Running extra iterations to remove overflow.
[INFO GRT-0197] Via related to pin nodes: 47128
[INFO GRT-0198] Via related Steiner nodes: 1444
[INFO GRT-0199] Via filling finished.
[INFO GRT-0111] Final number of vias: 60685
[INFO GRT-0112] Final usage 3D: 220528

[INFO GRT-0096] Final congestion report:
Layer         Resource        Demand        Usage (%)    Max H / Max V / Total Overflow
---------------------------------------------------------------------------------------
li1                  0             0            0.00%             0 /  0 /  0
met1             86710         17059           19.67%             0 /  0 /  0
met2             87641         16322           18.62%             0 /  0 /  0
met3             58193          3267            5.61%             0 /  0 /  0
met4             26574          1802            6.78%             0 /  0 /  0
met5              7395            23            0.31%             0 /  0 /  0
---------------------------------------------------------------------------------------
Total           266513         38473           14.44%             0 /  0 /  0

[INFO GRT-0018] Total wirelength: 409287 um
[INFO GRT-0014] Routed nets: 8602
Perform buffer insertion and gate resizing...
repair_design 
[INFO RSZ-0058] Using max wire length 2154um.
[INFO RSZ-0034] Found 2 slew violations.
[INFO RSZ-0036] Found 2 capacitance violations.
[INFO RSZ-0038] Inserted 1 buffers in 1 nets.
Placement Analysis
---------------------------------
total displacement          5.9 u
average displacement        0.0 u
max displacement            3.2 u
original HPWL          187347.0 u
legalized HPWL         187352.1 u
delta HPWL                    0 %

Repair setup and hold violations...
repair_timing -verbose -setup_margin 0 -hold_margin 0 -repair_tns 100
[INFO RSZ-0098] No setup violations found
[INFO RSZ-0033] No hold violations found.
Placement Analysis
---------------------------------
total displacement          0.0 u
average displacement        0.0 u
max displacement            0.0 u
original HPWL          187352.1 u
legalized HPWL         187352.1 u
delta HPWL                    0 %

Repair antennas...
[INFO GRT-0012] Found 7 antenna violations.
[INFO GRT-0015] Inserted 8 diodes.
[INFO GRT-0012] Found 0 antenna violations.
[INFO ANT-0002] Found 0 net violations.
[INFO ANT-0001] Found 0 pin violations.
Estimate parasitics...
Report metrics stage 5, global route...

==========================================================================
global route report_design_area
--------------------------------------------------------------------------
Design area 90890 u^2 28% utilization.
[INFO FLW-0007] clock clk period 10.350000
[INFO FLW-0008] Clock clk period 5.040
[INFO FLW-0009] Clock clk slack 5.045
[INFO FLW-0011] Path endpoint count 1460
Elapsed time: 0:06.37[h:]min:sec. CPU time: user 32.15 sys 0.29 (508%). Peak memory: 850460KB.
