
==========================================================================
global place report_tns
--------------------------------------------------------------------------
tns -6374.98

==========================================================================
global place report_wns
--------------------------------------------------------------------------
wns -14.68

==========================================================================
global place report_worst_slack
--------------------------------------------------------------------------
worst slack -14.68

==========================================================================
global place report_checks -path_delay min
--------------------------------------------------------------------------
Startpoint: CPU_rd_a4[0]$_DFF_P_
            (rising edge-triggered flip-flop clocked by clk)
Endpoint: CPU_rd_a5[0]$_DFF_P_ (rising edge-triggered flip-flop clocked by clk)
Path Group: clk
Path Type: min

Fanout     Cap    Slew   Delay    Time   Description
-----------------------------------------------------------------------------
                  0.52    0.00    0.00   clock clk (rise edge)
                          0.00    0.00   clock network delay (ideal)
                  0.52    0.00    0.00 ^ CPU_rd_a4[0]$_DFF_P_/CLK (sky130_fd_sc_hd__dfxtp_1)
     1    0.00    0.02    0.40    0.40 v CPU_rd_a4[0]$_DFF_P_/Q (sky130_fd_sc_hd__dfxtp_1)
                                         CPU_rd_a4[0] (net)
                  0.02    0.00    0.40 v CPU_rd_a5[0]$_DFF_P_/D (sky130_fd_sc_hd__dfxtp_1)
                                  0.40   data arrival time

                  0.52    0.00    0.00   clock clk (rise edge)
                          0.00    0.00   clock network delay (ideal)
                          0.83    0.83   clock uncertainty
                          0.00    0.83   clock reconvergence pessimism
                                  0.83 ^ CPU_rd_a5[0]$_DFF_P_/CLK (sky130_fd_sc_hd__dfxtp_1)
                          0.06    0.89   library hold time
                                  0.89   data required time
-----------------------------------------------------------------------------
                                  0.89   data required time
                                 -0.40   data arrival time
-----------------------------------------------------------------------------
                                 -0.48   slack (VIOLATED)



==========================================================================
global place report_checks -path_delay max
--------------------------------------------------------------------------
Startpoint: CPU_reset_a3$_DFF_P_
            (rising edge-triggered flip-flop clocked by clk)
Endpoint: CPU_Xreg_value_a4[10][27]$_SDFFE_PP0P_
          (rising edge-triggered flip-flop clocked by clk)
Path Group: clk
Path Type: max

Fanout     Cap    Slew   Delay    Time   Description
-----------------------------------------------------------------------------
                  0.52    0.00    0.00   clock clk (rise edge)
                          0.00    0.00   clock network delay (ideal)
                  0.52    0.00    0.00 ^ CPU_reset_a3$_DFF_P_/CLK (sky130_fd_sc_hd__dfxtp_1)
   217    0.99    9.08    6.63    6.63 ^ CPU_reset_a3$_DFF_P_/Q (sky130_fd_sc_hd__dfxtp_1)
                                         CPU_reset_a3 (net)
                  9.08    0.16    6.79 ^ _07974_/A (sky130_fd_sc_hd__inv_1)
   317    1.16    0.00   16.73   23.52 v _07974_/Y (sky130_fd_sc_hd__inv_1)
                                         _02586_ (net)
                  0.00    0.14   23.66 v _08483_/A (sky130_fd_sc_hd__nand3_1)
    15    0.07    0.78    0.51   24.17 ^ _08483_/Y (sky130_fd_sc_hd__nand3_1)
                                         _03076_ (net)
                  0.78    0.01   24.17 ^ _08486_/B1 (sky130_fd_sc_hd__o221ai_1)
     1    0.00    0.32    0.22   24.40 v _08486_/Y (sky130_fd_sc_hd__o221ai_1)
                                         _00563_ (net)
                  0.32    0.00   24.40 v CPU_Xreg_value_a4[10][27]$_SDFFE_PP0P_/D (sky130_fd_sc_hd__dfxtp_1)
                                 24.40   data arrival time

                  0.52   10.35   10.35   clock clk (rise edge)
                          0.00   10.35   clock network delay (ideal)
                         -0.52    9.83   clock uncertainty
                          0.00    9.83   clock reconvergence pessimism
                                  9.83 ^ CPU_Xreg_value_a4[10][27]$_SDFFE_PP0P_/CLK (sky130_fd_sc_hd__dfxtp_1)
                         -0.12    9.71   library setup time
                                  9.71   data required time
-----------------------------------------------------------------------------
                                  9.71   data required time
                                -24.40   data arrival time
-----------------------------------------------------------------------------
                                -14.68   slack (VIOLATED)



==========================================================================
global place report_checks -unconstrained
--------------------------------------------------------------------------
Startpoint: CPU_reset_a3$_DFF_P_
            (rising edge-triggered flip-flop clocked by clk)
Endpoint: CPU_Xreg_value_a4[10][27]$_SDFFE_PP0P_
          (rising edge-triggered flip-flop clocked by clk)
Path Group: clk
Path Type: max

Fanout     Cap    Slew   Delay    Time   Description
-----------------------------------------------------------------------------
                  0.52    0.00    0.00   clock clk (rise edge)
                          0.00    0.00   clock network delay (ideal)
                  0.52    0.00    0.00 ^ CPU_reset_a3$_DFF_P_/CLK (sky130_fd_sc_hd__dfxtp_1)
   217    0.99    9.08    6.63    6.63 ^ CPU_reset_a3$_DFF_P_/Q (sky130_fd_sc_hd__dfxtp_1)
                                         CPU_reset_a3 (net)
                  9.08    0.16    6.79 ^ _07974_/A (sky130_fd_sc_hd__inv_1)
   317    1.16    0.00   16.73   23.52 v _07974_/Y (sky130_fd_sc_hd__inv_1)
                                         _02586_ (net)
                  0.00    0.14   23.66 v _08483_/A (sky130_fd_sc_hd__nand3_1)
    15    0.07    0.78    0.51   24.17 ^ _08483_/Y (sky130_fd_sc_hd__nand3_1)
                                         _03076_ (net)
                  0.78    0.01   24.17 ^ _08486_/B1 (sky130_fd_sc_hd__o221ai_1)
     1    0.00    0.32    0.22   24.40 v _08486_/Y (sky130_fd_sc_hd__o221ai_1)
                                         _00563_ (net)
                  0.32    0.00   24.40 v CPU_Xreg_value_a4[10][27]$_SDFFE_PP0P_/D (sky130_fd_sc_hd__dfxtp_1)
                                 24.40   data arrival time

                  0.52   10.35   10.35   clock clk (rise edge)
                          0.00   10.35   clock network delay (ideal)
                         -0.52    9.83   clock uncertainty
                          0.00    9.83   clock reconvergence pessimism
                                  9.83 ^ CPU_Xreg_value_a4[10][27]$_SDFFE_PP0P_/CLK (sky130_fd_sc_hd__dfxtp_1)
                         -0.12    9.71   library setup time
                                  9.71   data required time
-----------------------------------------------------------------------------
                                  9.71   data required time
                                -24.40   data arrival time
-----------------------------------------------------------------------------
                                -14.68   slack (VIOLATED)



==========================================================================
global place report_power
--------------------------------------------------------------------------
Group                  Internal  Switching    Leakage      Total
                          Power      Power      Power      Power (Watts)
----------------------------------------------------------------
Sequential             5.39e-03   6.88e-04   1.03e-08   6.07e-03  62.1%
Combinational          9.84e-04   2.73e-03   8.70e-09   3.71e-03  37.9%
Clock                  0.00e+00   0.00e+00   0.00e+00   0.00e+00   0.0%
Macro                  0.00e+00   0.00e+00   0.00e+00   0.00e+00   0.0%
Pad                    0.00e+00   0.00e+00   0.00e+00   0.00e+00   0.0%
----------------------------------------------------------------
Total                  6.37e-03   3.42e-03   1.90e-08   9.79e-03 100.0%
                          65.1%      34.9%       0.0%
