
==========================================================================
finish report_tns
--------------------------------------------------------------------------
tns 0.00

==========================================================================
finish report_wns
--------------------------------------------------------------------------
wns 0.00

==========================================================================
finish report_worst_slack
--------------------------------------------------------------------------
worst slack 5.22

==========================================================================
finish report_clock_skew
--------------------------------------------------------------------------
Clock clk
   0.82 source latency CPU_Dmem_value_a5[10][11]$_SDFFE_PP0P_/CLK ^
  -0.80 target latency CPU_dmem_rd_data_a5[11]$_DFF_P_/CLK ^
   0.52 clock uncertainty
   0.00 CRPR
--------------
   0.54 setup skew


==========================================================================
finish report_checks -path_delay min
--------------------------------------------------------------------------
Startpoint: CPU_dmem_rd_data_a5[10]$_DFF_P_
            (rising edge-triggered flip-flop clocked by clk)
Endpoint: CPU_Xreg_value_a4[14][10]$_SDFFE_PP0P_
          (rising edge-triggered flip-flop clocked by clk)
Path Group: clk
Path Type: min

Fanout     Cap    Slew   Delay    Time   Description
-----------------------------------------------------------------------------
                          0.00    0.00   clock clk (rise edge)
                          0.00    0.00   clock source latency
     1    0.05    0.00    0.00    0.00 ^ clk (in)
                                         clk (net)
                  0.00    0.00    0.00 ^ clkbuf_0_clk/A (sky130_fd_sc_hd__clkbuf_16)
    16    0.35    0.36    0.34    0.34 ^ clkbuf_0_clk/X (sky130_fd_sc_hd__clkbuf_16)
                                         clknet_0_clk (net)
                  0.36    0.01    0.35 ^ clkbuf_4_7_0_clk/A (sky130_fd_sc_hd__clkbuf_16)
     9    0.11    0.13    0.29    0.64 ^ clkbuf_4_7_0_clk/X (sky130_fd_sc_hd__clkbuf_16)
                                         clknet_4_7_0_clk (net)
                  0.13    0.00    0.64 ^ clkbuf_leaf_73_clk/A (sky130_fd_sc_hd__clkbuf_16)
     9    0.04    0.06    0.17    0.81 ^ clkbuf_leaf_73_clk/X (sky130_fd_sc_hd__clkbuf_16)
                                         clknet_leaf_73_clk (net)
                  0.06    0.00    0.81 ^ CPU_dmem_rd_data_a5[10]$_DFF_P_/CLK (sky130_fd_sc_hd__dfxtp_1)
     1    0.01    0.09    0.34    1.15 ^ CPU_dmem_rd_data_a5[10]$_DFF_P_/Q (sky130_fd_sc_hd__dfxtp_1)
                                         CPU_dmem_rd_data_a5[10] (net)
                  0.09    0.00    1.15 ^ _08025_/A0 (sky130_fd_sc_hd__mux2_8)
    15    0.08    0.15    0.25    1.40 ^ _08025_/X (sky130_fd_sc_hd__mux2_8)
                                         _02636_ (net)
                  0.15    0.01    1.41 ^ _09024_/A (sky130_fd_sc_hd__nand2_1)
     1    0.00    0.05    0.07    1.48 v _09024_/Y (sky130_fd_sc_hd__nand2_1)
                                         _03504_ (net)
                  0.05    0.00    1.48 v _09027_/A1 (sky130_fd_sc_hd__a21oi_1)
     1    0.00    0.08    0.11    1.59 ^ _09027_/Y (sky130_fd_sc_hd__a21oi_1)
                                         _00673_ (net)
                  0.08    0.00    1.59 ^ CPU_Xreg_value_a4[14][10]$_SDFFE_PP0P_/D (sky130_fd_sc_hd__dfxtp_1)
                                  1.59   data arrival time

                          0.00    0.00   clock clk (rise edge)
                          0.00    0.00   clock source latency
     1    0.05    0.00    0.00    0.00 ^ clk (in)
                                         clk (net)
                  0.00    0.00    0.00 ^ clkbuf_0_clk/A (sky130_fd_sc_hd__clkbuf_16)
    16    0.35    0.36    0.34    0.34 ^ clkbuf_0_clk/X (sky130_fd_sc_hd__clkbuf_16)
                                         clknet_0_clk (net)
                  0.36    0.01    0.35 ^ clkbuf_4_13_0_clk/A (sky130_fd_sc_hd__clkbuf_16)
     8    0.11    0.13    0.29    0.64 ^ clkbuf_4_13_0_clk/X (sky130_fd_sc_hd__clkbuf_16)
                                         clknet_4_13_0_clk (net)
                  0.13    0.00    0.64 ^ clkbuf_leaf_59_clk/A (sky130_fd_sc_hd__clkbuf_16)
    11    0.04    0.06    0.17    0.81 ^ clkbuf_leaf_59_clk/X (sky130_fd_sc_hd__clkbuf_16)
                                         clknet_leaf_59_clk (net)
                  0.06    0.00    0.81 ^ CPU_Xreg_value_a4[14][10]$_SDFFE_PP0P_/CLK (sky130_fd_sc_hd__dfxtp_1)
                          0.83    1.64   clock uncertainty
                          0.00    1.64   clock reconvergence pessimism
                         -0.04    1.60   library hold time
                                  1.60   data required time
-----------------------------------------------------------------------------
                                  1.60   data required time
                                 -1.59   data arrival time
-----------------------------------------------------------------------------
                                 -0.01   slack (VIOLATED)



==========================================================================
finish report_checks -path_delay max
--------------------------------------------------------------------------
Startpoint: CPU_imm_a3[30]$_DFF_P_
            (rising edge-triggered flip-flop clocked by clk)
Endpoint: CPU_Xreg_value_a4[8][29]$_SDFFE_PP0P_
          (rising edge-triggered flip-flop clocked by clk)
Path Group: clk
Path Type: max

Fanout     Cap    Slew   Delay    Time   Description
-----------------------------------------------------------------------------
                          0.00    0.00   clock clk (rise edge)
                          0.00    0.00   clock source latency
     1    0.05    0.00    0.00    0.00 ^ clk (in)
                                         clk (net)
                  0.00    0.00    0.00 ^ clkbuf_0_clk/A (sky130_fd_sc_hd__clkbuf_16)
    16    0.35    0.36    0.34    0.34 ^ clkbuf_0_clk/X (sky130_fd_sc_hd__clkbuf_16)
                                         clknet_0_clk (net)
                  0.36    0.01    0.35 ^ clkbuf_4_3_0_clk/A (sky130_fd_sc_hd__clkbuf_16)
     8    0.11    0.13    0.29    0.63 ^ clkbuf_4_3_0_clk/X (sky130_fd_sc_hd__clkbuf_16)
                                         clknet_4_3_0_clk (net)
                  0.13    0.00    0.64 ^ clkbuf_leaf_11_clk/A (sky130_fd_sc_hd__clkbuf_16)
     8    0.05    0.06    0.18    0.81 ^ clkbuf_leaf_11_clk/X (sky130_fd_sc_hd__clkbuf_16)
                                         clknet_leaf_11_clk (net)
                  0.06    0.00    0.81 ^ CPU_imm_a3[30]$_DFF_P_/CLK (sky130_fd_sc_hd__dfxtp_4)
    51    0.26    0.73    0.81    1.62 ^ CPU_imm_a3[30]$_DFF_P_/Q (sky130_fd_sc_hd__dfxtp_4)
                                         CPU_imm_a3[10] (net)
                  0.73    0.03    1.66 ^ _11541_/A (sky130_fd_sc_hd__ha_2)
     8    0.03    0.18    0.42    2.08 ^ _11541_/SUM (sky130_fd_sc_hd__ha_2)
                                         _05599_ (net)
                  0.18    0.00    2.08 ^ _08327_/C_N (sky130_fd_sc_hd__or3b_1)
     1    0.00    0.07    0.37    2.45 v _08327_/X (sky130_fd_sc_hd__or3b_1)
                                         _02926_ (net)
                  0.07    0.00    2.45 v _08328_/A3 (sky130_fd_sc_hd__a311o_2)
     3    0.02    0.10    0.46    2.90 v _08328_/X (sky130_fd_sc_hd__a311o_2)
                                         _02927_ (net)
                  0.10    0.00    2.91 v _08330_/D (sky130_fd_sc_hd__nand4_1)
     1    0.01    0.10    0.13    3.04 ^ _08330_/Y (sky130_fd_sc_hd__nand4_1)
                                         _02929_ (net)
                  0.10    0.00    3.04 ^ _08331_/A2_N (sky130_fd_sc_hd__a2bb2oi_2)
     2    0.02    0.27    0.27    3.31 ^ _08331_/Y (sky130_fd_sc_hd__a2bb2oi_2)
                                         _02930_ (net)
                  0.27    0.00    3.31 ^ _08332_/B (sky130_fd_sc_hd__nand2_1)
     3    0.01    0.13    0.14    3.45 v _08332_/Y (sky130_fd_sc_hd__nand2_1)
                                         _02931_ (net)
                  0.13    0.00    3.45 v _08543_/A2 (sky130_fd_sc_hd__o2111ai_1)
     1    0.00    0.14    0.19    3.64 ^ _08543_/Y (sky130_fd_sc_hd__o2111ai_1)
                                         _03134_ (net)
                  0.14    0.00    3.64 ^ _08544_/C_N (sky130_fd_sc_hd__or3b_4)
    16    0.08    0.17    0.53    4.17 v _08544_/X (sky130_fd_sc_hd__or3b_4)
                                         _03135_ (net)
                  0.17    0.01    4.18 v _09940_/C1 (sky130_fd_sc_hd__a2111oi_0)
     1    0.00    0.43    0.42    4.60 ^ _09940_/Y (sky130_fd_sc_hd__a2111oi_0)
                                         _04112_ (net)
                  0.43    0.00    4.60 ^ _09942_/B1 (sky130_fd_sc_hd__a2111oi_0)
     1    0.00    0.14    0.12    4.73 v _09942_/Y (sky130_fd_sc_hd__a2111oi_0)
                                         _00981_ (net)
                  0.14    0.00    4.73 v hold1553/A (sky130_fd_sc_hd__dlygate4sd3_1)
     1    0.00    0.05    0.59    5.31 v hold1553/X (sky130_fd_sc_hd__dlygate4sd3_1)
                                         net1666 (net)
                  0.05    0.00    5.31 v CPU_Xreg_value_a4[8][29]$_SDFFE_PP0P_/D (sky130_fd_sc_hd__dfxtp_1)
                                  5.31   data arrival time

                         10.35   10.35   clock clk (rise edge)
                          0.00   10.35   clock source latency
     1    0.05    0.00    0.00   10.35 ^ clk (in)
                                         clk (net)
                  0.00    0.00   10.35 ^ clkbuf_0_clk/A (sky130_fd_sc_hd__clkbuf_16)
    16    0.35    0.36    0.34   10.69 ^ clkbuf_0_clk/X (sky130_fd_sc_hd__clkbuf_16)
                                         clknet_0_clk (net)
                  0.36    0.01   10.70 ^ clkbuf_4_13_0_clk/A (sky130_fd_sc_hd__clkbuf_16)
     8    0.11    0.13    0.29   10.99 ^ clkbuf_4_13_0_clk/X (sky130_fd_sc_hd__clkbuf_16)
                                         clknet_4_13_0_clk (net)
                  0.13    0.00   10.99 ^ clkbuf_leaf_65_clk/A (sky130_fd_sc_hd__clkbuf_16)
    11    0.04    0.06    0.17   11.16 ^ clkbuf_leaf_65_clk/X (sky130_fd_sc_hd__clkbuf_16)
                                         clknet_leaf_65_clk (net)
                  0.06    0.00   11.16 ^ CPU_Xreg_value_a4[8][29]$_SDFFE_PP0P_/CLK (sky130_fd_sc_hd__dfxtp_1)
                         -0.52   10.65   clock uncertainty
                          0.00   10.65   clock reconvergence pessimism
                         -0.11   10.54   library setup time
                                 10.54   data required time
-----------------------------------------------------------------------------
                                 10.54   data required time
                                 -5.31   data arrival time
-----------------------------------------------------------------------------
                                  5.22   slack (MET)



==========================================================================
finish report_checks -unconstrained
--------------------------------------------------------------------------
Startpoint: CPU_imm_a3[30]$_DFF_P_
            (rising edge-triggered flip-flop clocked by clk)
Endpoint: CPU_Xreg_value_a4[8][29]$_SDFFE_PP0P_
          (rising edge-triggered flip-flop clocked by clk)
Path Group: clk
Path Type: max

Fanout     Cap    Slew   Delay    Time   Description
-----------------------------------------------------------------------------
                          0.00    0.00   clock clk (rise edge)
                          0.00    0.00   clock source latency
     1    0.05    0.00    0.00    0.00 ^ clk (in)
                                         clk (net)
                  0.00    0.00    0.00 ^ clkbuf_0_clk/A (sky130_fd_sc_hd__clkbuf_16)
    16    0.35    0.36    0.34    0.34 ^ clkbuf_0_clk/X (sky130_fd_sc_hd__clkbuf_16)
                                         clknet_0_clk (net)
                  0.36    0.01    0.35 ^ clkbuf_4_3_0_clk/A (sky130_fd_sc_hd__clkbuf_16)
     8    0.11    0.13    0.29    0.63 ^ clkbuf_4_3_0_clk/X (sky130_fd_sc_hd__clkbuf_16)
                                         clknet_4_3_0_clk (net)
                  0.13    0.00    0.64 ^ clkbuf_leaf_11_clk/A (sky130_fd_sc_hd__clkbuf_16)
     8    0.05    0.06    0.18    0.81 ^ clkbuf_leaf_11_clk/X (sky130_fd_sc_hd__clkbuf_16)
                                         clknet_leaf_11_clk (net)
                  0.06    0.00    0.81 ^ CPU_imm_a3[30]$_DFF_P_/CLK (sky130_fd_sc_hd__dfxtp_4)
    51    0.26    0.73    0.81    1.62 ^ CPU_imm_a3[30]$_DFF_P_/Q (sky130_fd_sc_hd__dfxtp_4)
                                         CPU_imm_a3[10] (net)
                  0.73    0.03    1.66 ^ _11541_/A (sky130_fd_sc_hd__ha_2)
     8    0.03    0.18    0.42    2.08 ^ _11541_/SUM (sky130_fd_sc_hd__ha_2)
                                         _05599_ (net)
                  0.18    0.00    2.08 ^ _08327_/C_N (sky130_fd_sc_hd__or3b_1)
     1    0.00    0.07    0.37    2.45 v _08327_/X (sky130_fd_sc_hd__or3b_1)
                                         _02926_ (net)
                  0.07    0.00    2.45 v _08328_/A3 (sky130_fd_sc_hd__a311o_2)
     3    0.02    0.10    0.46    2.90 v _08328_/X (sky130_fd_sc_hd__a311o_2)
                                         _02927_ (net)
                  0.10    0.00    2.91 v _08330_/D (sky130_fd_sc_hd__nand4_1)
     1    0.01    0.10    0.13    3.04 ^ _08330_/Y (sky130_fd_sc_hd__nand4_1)
                                         _02929_ (net)
                  0.10    0.00    3.04 ^ _08331_/A2_N (sky130_fd_sc_hd__a2bb2oi_2)
     2    0.02    0.27    0.27    3.31 ^ _08331_/Y (sky130_fd_sc_hd__a2bb2oi_2)
                                         _02930_ (net)
                  0.27    0.00    3.31 ^ _08332_/B (sky130_fd_sc_hd__nand2_1)
     3    0.01    0.13    0.14    3.45 v _08332_/Y (sky130_fd_sc_hd__nand2_1)
                                         _02931_ (net)
                  0.13    0.00    3.45 v _08543_/A2 (sky130_fd_sc_hd__o2111ai_1)
     1    0.00    0.14    0.19    3.64 ^ _08543_/Y (sky130_fd_sc_hd__o2111ai_1)
                                         _03134_ (net)
                  0.14    0.00    3.64 ^ _08544_/C_N (sky130_fd_sc_hd__or3b_4)
    16    0.08    0.17    0.53    4.17 v _08544_/X (sky130_fd_sc_hd__or3b_4)
                                         _03135_ (net)
                  0.17    0.01    4.18 v _09940_/C1 (sky130_fd_sc_hd__a2111oi_0)
     1    0.00    0.43    0.42    4.60 ^ _09940_/Y (sky130_fd_sc_hd__a2111oi_0)
                                         _04112_ (net)
                  0.43    0.00    4.60 ^ _09942_/B1 (sky130_fd_sc_hd__a2111oi_0)
     1    0.00    0.14    0.12    4.73 v _09942_/Y (sky130_fd_sc_hd__a2111oi_0)
                                         _00981_ (net)
                  0.14    0.00    4.73 v hold1553/A (sky130_fd_sc_hd__dlygate4sd3_1)
     1    0.00    0.05    0.59    5.31 v hold1553/X (sky130_fd_sc_hd__dlygate4sd3_1)
                                         net1666 (net)
                  0.05    0.00    5.31 v CPU_Xreg_value_a4[8][29]$_SDFFE_PP0P_/D (sky130_fd_sc_hd__dfxtp_1)
                                  5.31   data arrival time

                         10.35   10.35   clock clk (rise edge)
                          0.00   10.35   clock source latency
     1    0.05    0.00    0.00   10.35 ^ clk (in)
                                         clk (net)
                  0.00    0.00   10.35 ^ clkbuf_0_clk/A (sky130_fd_sc_hd__clkbuf_16)
    16    0.35    0.36    0.34   10.69 ^ clkbuf_0_clk/X (sky130_fd_sc_hd__clkbuf_16)
                                         clknet_0_clk (net)
                  0.36    0.01   10.70 ^ clkbuf_4_13_0_clk/A (sky130_fd_sc_hd__clkbuf_16)
     8    0.11    0.13    0.29   10.99 ^ clkbuf_4_13_0_clk/X (sky130_fd_sc_hd__clkbuf_16)
                                         clknet_4_13_0_clk (net)
                  0.13    0.00   10.99 ^ clkbuf_leaf_65_clk/A (sky130_fd_sc_hd__clkbuf_16)
    11    0.04    0.06    0.17   11.16 ^ clkbuf_leaf_65_clk/X (sky130_fd_sc_hd__clkbuf_16)
                                         clknet_leaf_65_clk (net)
                  0.06    0.00   11.16 ^ CPU_Xreg_value_a4[8][29]$_SDFFE_PP0P_/CLK (sky130_fd_sc_hd__dfxtp_1)
                         -0.52   10.65   clock uncertainty
                          0.00   10.65   clock reconvergence pessimism
                         -0.11   10.54   library setup time
                                 10.54   data required time
-----------------------------------------------------------------------------
                                 10.54   data required time
                                 -5.31   data arrival time
-----------------------------------------------------------------------------
                                  5.22   slack (MET)



==========================================================================
finish report_check_types -max_slew -max_cap -max_fanout -violators
--------------------------------------------------------------------------

==========================================================================
finish max_slew_check_slack
--------------------------------------------------------------------------
0.1306161880493164

==========================================================================
finish max_slew_check_limit
--------------------------------------------------------------------------
1.5

==========================================================================
finish max_slew_check_slack_limit
--------------------------------------------------------------------------
0.0871

==========================================================================
finish max_fanout_check_slack
--------------------------------------------------------------------------
1.0000000150474662e+30

==========================================================================
finish max_fanout_check_limit
--------------------------------------------------------------------------
1.0000000150474662e+30

==========================================================================
finish max_capacitance_check_slack
--------------------------------------------------------------------------
0.017209267243742943

==========================================================================
finish max_capacitance_check_limit
--------------------------------------------------------------------------
0.021067000925540924

==========================================================================
finish max_capacitance_check_slack_limit
--------------------------------------------------------------------------
0.8169

==========================================================================
finish max_slew_violation_count
--------------------------------------------------------------------------
max slew violation count 0

==========================================================================
finish max_fanout_violation_count
--------------------------------------------------------------------------
max fanout violation count 0

==========================================================================
finish max_cap_violation_count
--------------------------------------------------------------------------
max cap violation count 0

==========================================================================
finish setup_violation_count
--------------------------------------------------------------------------
setup violation count 0

==========================================================================
finish hold_violation_count
--------------------------------------------------------------------------
hold violation count 18

==========================================================================
finish report_checks -path_delay max reg to reg
--------------------------------------------------------------------------
Startpoint: CPU_imm_a3[30]$_DFF_P_
            (rising edge-triggered flip-flop clocked by clk)
Endpoint: CPU_Xreg_value_a4[8][29]$_SDFFE_PP0P_
          (rising edge-triggered flip-flop clocked by clk)
Path Group: clk
Path Type: max

  Delay    Time   Description
---------------------------------------------------------
   0.00    0.00   clock clk (rise edge)
   0.00    0.00   clock source latency
   0.00    0.00 ^ clk (in)
   0.34    0.34 ^ clkbuf_0_clk/X (sky130_fd_sc_hd__clkbuf_16)
   0.30    0.63 ^ clkbuf_4_3_0_clk/X (sky130_fd_sc_hd__clkbuf_16)
   0.18    0.81 ^ clkbuf_leaf_11_clk/X (sky130_fd_sc_hd__clkbuf_16)
   0.00    0.81 ^ CPU_imm_a3[30]$_DFF_P_/CLK (sky130_fd_sc_hd__dfxtp_4)
   0.81    1.62 ^ CPU_imm_a3[30]$_DFF_P_/Q (sky130_fd_sc_hd__dfxtp_4)
   0.45    2.08 ^ _11541_/SUM (sky130_fd_sc_hd__ha_2)
   0.37    2.45 v _08327_/X (sky130_fd_sc_hd__or3b_1)
   0.46    2.90 v _08328_/X (sky130_fd_sc_hd__a311o_2)
   0.13    3.04 ^ _08330_/Y (sky130_fd_sc_hd__nand4_1)
   0.27    3.31 ^ _08331_/Y (sky130_fd_sc_hd__a2bb2oi_2)
   0.15    3.45 v _08332_/Y (sky130_fd_sc_hd__nand2_1)
   0.19    3.64 ^ _08543_/Y (sky130_fd_sc_hd__o2111ai_1)
   0.53    4.17 v _08544_/X (sky130_fd_sc_hd__or3b_4)
   0.44    4.60 ^ _09940_/Y (sky130_fd_sc_hd__a2111oi_0)
   0.12    4.73 v _09942_/Y (sky130_fd_sc_hd__a2111oi_0)
   0.59    5.31 v hold1553/X (sky130_fd_sc_hd__dlygate4sd3_1)
   0.00    5.31 v CPU_Xreg_value_a4[8][29]$_SDFFE_PP0P_/D (sky130_fd_sc_hd__dfxtp_1)
           5.31   data arrival time

  10.35   10.35   clock clk (rise edge)
   0.00   10.35   clock source latency
   0.00   10.35 ^ clk (in)
   0.34   10.69 ^ clkbuf_0_clk/X (sky130_fd_sc_hd__clkbuf_16)
   0.30   10.99 ^ clkbuf_4_13_0_clk/X (sky130_fd_sc_hd__clkbuf_16)
   0.17   11.16 ^ clkbuf_leaf_65_clk/X (sky130_fd_sc_hd__clkbuf_16)
   0.00   11.16 ^ CPU_Xreg_value_a4[8][29]$_SDFFE_PP0P_/CLK (sky130_fd_sc_hd__dfxtp_1)
  -0.52   10.65   clock uncertainty
   0.00   10.65   clock reconvergence pessimism
  -0.11   10.54   library setup time
          10.54   data required time
---------------------------------------------------------
          10.54   data required time
          -5.31   data arrival time
---------------------------------------------------------
           5.22   slack (MET)



==========================================================================
finish report_checks -path_delay min reg to reg
--------------------------------------------------------------------------
Startpoint: CPU_dmem_rd_data_a5[10]$_DFF_P_
            (rising edge-triggered flip-flop clocked by clk)
Endpoint: CPU_Xreg_value_a4[14][10]$_SDFFE_PP0P_
          (rising edge-triggered flip-flop clocked by clk)
Path Group: clk
Path Type: min

  Delay    Time   Description
---------------------------------------------------------
   0.00    0.00   clock clk (rise edge)
   0.00    0.00   clock source latency
   0.00    0.00 ^ clk (in)
   0.34    0.34 ^ clkbuf_0_clk/X (sky130_fd_sc_hd__clkbuf_16)
   0.30    0.64 ^ clkbuf_4_7_0_clk/X (sky130_fd_sc_hd__clkbuf_16)
   0.17    0.81 ^ clkbuf_leaf_73_clk/X (sky130_fd_sc_hd__clkbuf_16)
   0.00    0.81 ^ CPU_dmem_rd_data_a5[10]$_DFF_P_/CLK (sky130_fd_sc_hd__dfxtp_1)
   0.34    1.15 ^ CPU_dmem_rd_data_a5[10]$_DFF_P_/Q (sky130_fd_sc_hd__dfxtp_1)
   0.25    1.40 ^ _08025_/X (sky130_fd_sc_hd__mux2_8)
   0.08    1.48 v _09024_/Y (sky130_fd_sc_hd__nand2_1)
   0.11    1.59 ^ _09027_/Y (sky130_fd_sc_hd__a21oi_1)
   0.00    1.59 ^ CPU_Xreg_value_a4[14][10]$_SDFFE_PP0P_/D (sky130_fd_sc_hd__dfxtp_1)
           1.59   data arrival time

   0.00    0.00   clock clk (rise edge)
   0.00    0.00   clock source latency
   0.00    0.00 ^ clk (in)
   0.34    0.34 ^ clkbuf_0_clk/X (sky130_fd_sc_hd__clkbuf_16)
   0.30    0.64 ^ clkbuf_4_13_0_clk/X (sky130_fd_sc_hd__clkbuf_16)
   0.18    0.81 ^ clkbuf_leaf_59_clk/X (sky130_fd_sc_hd__clkbuf_16)
   0.00    0.81 ^ CPU_Xreg_value_a4[14][10]$_SDFFE_PP0P_/CLK (sky130_fd_sc_hd__dfxtp_1)
   0.83    1.64   clock uncertainty
   0.00    1.64   clock reconvergence pessimism
  -0.04    1.60   library hold time
           1.60   data required time
---------------------------------------------------------
           1.60   data required time
          -1.59   data arrival time
---------------------------------------------------------
          -0.01   slack (VIOLATED)



==========================================================================
finish critical path target clock latency max path
--------------------------------------------------------------------------
0

==========================================================================
finish critical path target clock latency min path
--------------------------------------------------------------------------
0

==========================================================================
finish critical path source clock latency min path
--------------------------------------------------------------------------
0

==========================================================================
finish critical path delay
--------------------------------------------------------------------------
5.3121

==========================================================================
finish critical path slack
--------------------------------------------------------------------------
5.2241

==========================================================================
finish slack div critical path delay
--------------------------------------------------------------------------
98.343405

==========================================================================
finish report_power
--------------------------------------------------------------------------
Group                  Internal  Switching    Leakage      Total
                          Power      Power      Power      Power (Watts)
----------------------------------------------------------------
Sequential             5.36e-03   6.92e-04   1.04e-08   6.05e-03  36.0%
Combinational          1.86e-03   3.74e-03   2.35e-08   5.60e-03  33.3%
Clock                  2.97e-03   2.17e-03   2.27e-09   5.14e-03  30.6%
Macro                  0.00e+00   0.00e+00   0.00e+00   0.00e+00   0.0%
Pad                    0.00e+00   0.00e+00   0.00e+00   0.00e+00   0.0%
----------------------------------------------------------------
Total                  1.02e-02   6.60e-03   3.61e-08   1.68e-02 100.0%
                          60.7%      39.3%       0.0%
