violation type: Horizontal congestion
	srcs: net:net470 net:_01389_ net:_01471_ net:_01472_ net:_01548_ net:_01549_ net:_01554_ net:_01706_ net:_01781_ net:_01889_ net:_01936_ net:_02174_ net:_02245_ net:_02246_ net:_02252_ net:_02322_ net:net54 net:net47 net:net888 net:net922 net:net1104 net:net1326
	comment: capacity:21 usage:22 overflow:1
	bbox = (62.1000, 89.7000) - (69.0000, 96.6000) on Layer -
violation type: Horizontal congestion
	srcs: net:CPU_dmem_wr_data_a4\[9\] net:net536 net:net498 net:net444 net:_01313_ net:_01314_ net:_01390_ net:_01394_ net:_01398_ net:net384 net:_01924_ net:_01933_ net:_02020_ net:_02090_ net:_02091_ net:_02323_ net:net97 net:net79 net:net650 net:net1051 net:net1153
	comment: capacity:20 usage:21 overflow:1
	bbox = (62.1000, 96.6000) - (69.0000, 103.5000) on Layer -
violation type: Horizontal congestion
	srcs: net:_00381_ net:_01386_ net:_01467_ net:_02003_ net:_02007_ net:_02008_ net:_02086_ net:_02087_ net:_02163_ net:_02164_ net:_02241_ net:_02242_ net:_02394_ net:_02471_ net:net72 net:net554 net:net670 net:net688 net:net734 net:net896 net:net956 net:net1007
	comment: capacity:21 usage:22 overflow:1
	bbox = (62.1000, 103.5000) - (69.0000, 110.4000) on Layer -
violation type: Horizontal congestion
	srcs: net:_00125_ net:_00285_ net:_01468_ net:_01623_ net:_01695_ net:net370 net:_02099_ net:_02395_ net:net289 net:_02406_ net:net288 net:_02467_ net:_02470_ net:net217 net:_05486_ net:_05487_ net:_05488_ net:net614 net:net768
	comment: capacity:18 usage:19 overflow:1
	bbox = (62.1000, 110.4000) - (69.0000, 117.3000) on Layer -
violation type: Horizontal congestion
	srcs: net:CPU_Dmem_value_a5\[9\]\[0\] net:_00029_ net:_00253_ net:_00256_ net:_00445_ net:_01385_ net:_01541_ net:_01556_ net:_01559_ net:_02178_ net:_02251_ net:_02403_ net:net93 net:net47 net:_05146_ net:_05489_ net:net964 net:net1183 net:net1254 net:net1286 net:net1430 net:net1468
	comment: capacity:21 usage:22 overflow:1
	bbox = (62.1000, 117.3000) - (69.0000, 124.2000) on Layer -
violation type: Horizontal congestion
	srcs: net:_00473_ net:_01350_ net:_01584_ net:_01614_ net:_01778_ net:_01931_ net:net343 net:_02359_ net:net201 net:net42 net:_05446_ net:_05447_ net:_05449_ net:net686 net:net704 net:net1021 net:net1033 net:net1053 net:net1149 net:net1150 net:net1210 net:net1291
	comment: capacity:20 usage:22 overflow:2
	bbox = (69.0000, 27.6000) - (75.9000, 34.5000) on Layer -
violation type: Horizontal congestion
	srcs: net:_01308_ net:_01376_ net:_01505_ net:_01530_ net:_01554_ net:_01608_ net:_01838_ net:_01892_ net:_02227_ net:_02228_ net:_02249_ net:net307 net:_02279_ net:_02430_ net:_02464_ net:clknet_leaf_113_clk net:net44 net:net578 net:net708 net:net848 net:net1234 net:net1290
	comment: capacity:21 usage:22 overflow:1
	bbox = (69.0000, 55.2000) - (75.9000, 62.1000) on Layer -
violation type: Horizontal congestion
	srcs: net:CPU_Dmem_value_a5\[8\]\[2\] net:_01178_ net:_01230_ net:_01276_ net:_01277_ net:_01453_ net:_01914_ net:_01939_ net:_02046_ net:_02047_ net:net331 net:net300 net:_02380_ net:_02381_ net:_02401_ net:net264 net:net98 net:net762 net:net995 net:net1130 net:net1215 net:net1241 net:net1267
	comment: capacity:21 usage:23 overflow:2
	bbox = (69.0000, 69.0000) - (75.9000, 75.9000) on Layer -
violation type: Horizontal congestion
	srcs: net:CPU_dmem_wr_data_a4\[2\] net:net426 net:_01428_ net:_01626_ net:_01627_ net:_01761_ net:_01772_ net:_01783_ net:_01848_ net:_01888_ net:_02011_ net:_02012_ net:net339 net:_02398_ net:_02399_ net:net576 net:net812 net:net886 net:net1015 net:net1049 net:net1060
	comment: capacity:20 usage:21 overflow:1
	bbox = (69.0000, 82.8000) - (75.9000, 89.7000) on Layer -
violation type: Horizontal congestion
	srcs: net:net470 net:_01293_ net:_01389_ net:_01471_ net:_01472_ net:_01548_ net:_01549_ net:_01619_ net:_01781_ net:_01889_ net:_02082_ net:_02237_ net:_02238_ net:_02245_ net:_02246_ net:_02314_ net:net81 net:net574 net:net888 net:net922 net:net936 net:net1104
	comment: capacity:21 usage:22 overflow:1
	bbox = (69.0000, 89.7000) - (75.9000, 96.6000) on Layer -
violation type: Horizontal congestion
	srcs: net:_00031_ net:net536 net:net498 net:_01390_ net:_01394_ net:_01540_ net:net384 net:_01777_ net:_01924_ net:_01933_ net:_02004_ net:_02083_ net:_02090_ net:_02091_ net:_02474_ net:_02475_ net:net650 net:net900 net:net1114 net:net1153 net:net1326
	comment: capacity:20 usage:21 overflow:1
	bbox = (69.0000, 96.6000) - (75.9000, 103.5000) on Layer -
violation type: Horizontal congestion
	srcs: net:_00317_ net:_00381_ net:_00413_ net:_01386_ net:_01467_ net:_02094_ net:_02394_ net:_02471_ net:clknet_leaf_116_clk net:net97 net:net93 net:net72 net:net554 net:net582 net:net670 net:net688 net:net734 net:net832 net:net896 net:net956 net:net1007 net:net1051
	comment: capacity:21 usage:22 overflow:1
	bbox = (69.0000, 103.5000) - (75.9000, 110.4000) on Layer -
violation type: Horizontal congestion
	srcs: net:CPU_dmem_wr_data_a4\[9\] net:_00125_ net:_00285_ net:_00349_ net:net444 net:_01468_ net:_01623_ net:net370 net:_02003_ net:_02099_ net:_02160_ net:_02395_ net:_02406_ net:net288 net:_02467_ net:_02470_ net:net217 net:_05486_ net:_05487_ net:net614 net:net768 net:net957
	comment: capacity:20 usage:22 overflow:2
	bbox = (69.0000, 110.4000) - (75.9000, 117.3000) on Layer -
violation type: Horizontal congestion
	srcs: net:_01624_ net:_01736_ net:_01768_ net:_01817_ net:_01821_ net:_01854_ net:_01947_ net:_01971_ net:_01993_ net:_01999_ net:net341 net:_02029_ net:_02052_ net:_02089_ net:_02158_ net:_02202_ net:_02243_ net:_02363_ net:net556 net:net596 net:net800 net:net830 net:net874 net:net928 net:net1212 net:net1257
	comment: capacity:25 usage:26 overflow:1
	bbox = (75.9000, 0.0000) - (82.8000, 6.9000) on Layer -
violation type: Horizontal congestion
	srcs: net:CPU_dmem_wr_data_a4\[12\] net:CPU_dmem_wr_data_a4\[23\] net:_01554_ net:_01615_ net:_01762_ net:_01770_ net:_02001_ net:_02002_ net:_02009_ net:_02079_ net:_02183_ net:_02287_ net:_02321_ net:_02364_ net:net227 net:net676 net:net760 net:net766 net:net828 net:net940 net:net950
	comment: capacity:20 usage:21 overflow:1
	bbox = (75.9000, 20.7000) - (82.8000, 27.6000) on Layer -
violation type: Horizontal congestion
	srcs: net:_01323_ net:_01392_ net:_01459_ net:_01462_ net:_01479_ net:_01510_ net:_01565_ net:net396 net:_02227_ net:_02278_ net:_02284_ net:_02431_ net:net280 net:clknet_4_0_0_clk net:clknet_leaf_113_clk net:net562 net:net572 net:net836 net:net914 net:net1088 net:net1259
	comment: capacity:19 usage:21 overflow:2
	bbox = (75.9000, 48.3000) - (82.8000, 55.2000) on Layer -
violation type: Horizontal congestion
	srcs: net:net530 net:_01178_ net:_01506_ net:_01539_ net:_01587_ net:_01782_ net:_01932_ net:_02073_ net:net300 net:_02396_ net:_02456_ net:_02473_ net:net552 net:net666 net:net709 net:net926 net:net991 net:net1027 net:net1284
	comment: capacity:18 usage:19 overflow:1
	bbox = (75.9000, 62.1000) - (82.8000, 69.0000) on Layer -
violation type: Horizontal congestion
	srcs: net:CPU_dmem_wr_data_a4\[15\] net:_00022_ net:_00246_ net:_01230_ net:_01276_ net:_01277_ net:_01453_ net:_01913_ net:_02046_ net:_02047_ net:net331 net:_02072_ net:_02465_ net:net264 net:net98 net:_05417_ net:net995 net:net996 net:net1116 net:net1130 net:net1215 net:net1267
	comment: capacity:20 usage:22 overflow:2
	bbox = (75.9000, 69.0000) - (82.8000, 75.9000) on Layer -
violation type: Horizontal congestion
	srcs: net:net470 net:_01471_ net:_01472_ net:_01548_ net:_01549_ net:_01619_ net:_01781_ net:_01889_ net:_01953_ net:_02082_ net:_02237_ net:_02238_ net:_02245_ net:_02246_ net:_02314_ net:_02327_ net:net81 net:net574 net:net888 net:net922 net:net936 net:net1104
	comment: capacity:21 usage:22 overflow:1
	bbox = (75.9000, 89.7000) - (82.8000, 96.6000) on Layer -
violation type: Horizontal congestion
	srcs: net:_00351_ net:net536 net:net498 net:_01293_ net:_01394_ net:_01540_ net:net384 net:_01777_ net:_01924_ net:_01933_ net:_02004_ net:_02083_ net:_02092_ net:_02474_ net:_02475_ net:net97 net:net650 net:net900 net:net1114 net:net1153 net:net1326
	comment: capacity:20 usage:21 overflow:1
	bbox = (75.9000, 96.6000) - (82.8000, 103.5000) on Layer -
violation type: Horizontal congestion
	srcs: net:CPU_dmem_wr_data_a4\[10\] net:_00317_ net:_00413_ net:_01386_ net:_01467_ net:_01478_ net:_02023_ net:_02394_ net:_02471_ net:net72 net:net53 net:net554 net:net670 net:net688 net:net734 net:net735 net:net832 net:net896 net:net956 net:net1007 net:net1051
	comment: capacity:20 usage:21 overflow:1
	bbox = (75.9000, 103.5000) - (82.8000, 110.4000) on Layer -
violation type: Horizontal congestion
	srcs: net:CPU_dmem_wr_data_a4\[9\] net:_00061_ net:_00285_ net:_00349_ net:_01468_ net:_01623_ net:net376 net:net370 net:_02003_ net:_02099_ net:_02160_ net:_02395_ net:_02406_ net:_02467_ net:_02470_ net:net217 net:_05486_ net:_05487_ net:net582 net:net614 net:net768
	comment: capacity:20 usage:21 overflow:1
	bbox = (75.9000, 110.4000) - (82.8000, 117.3000) on Layer -
violation type: Horizontal congestion
	srcs: net:net480 net:_01565_ net:_01736_ net:_01768_ net:_01817_ net:_01821_ net:_01854_ net:_01971_ net:_01999_ net:net341 net:_02029_ net:_02052_ net:_02089_ net:_02158_ net:_02202_ net:_02210_ net:_02243_ net:_02363_ net:net227 net:net556 net:net596 net:net800 net:net874 net:net928 net:net1212 net:net1257
	comment: capacity:25 usage:26 overflow:1
	bbox = (82.8000, 0.0000) - (89.7000, 6.9000) on Layer -
violation type: Horizontal congestion
	srcs: net:CPU_dmem_wr_data_a4\[21\] net:CPU_dmem_wr_data_a4\[3\] net:_01624_ net:_01737_ net:_01769_ net:_01779_ net:_01921_ net:_01930_ net:_01967_ net:_02002_ net:_02051_ net:_02081_ net:_02128_ net:_02156_ net:_02157_ net:_02182_ net:_02201_ net:_02320_ net:_02355_ net:_02360_ net:net266 net:net258 net:net704 net:net794 net:net816 net:net852
	comment: capacity:25 usage:26 overflow:1
	bbox = (82.8000, 6.9000) - (89.7000, 13.8000) on Layer -
violation type: Horizontal congestion
	srcs: net:CPU_Dmem_value_a5\[7\]\[3\] net:_00345_ net:_00377_ net:_01350_ net:_01584_ net:_01778_ net:_01931_ net:net343 net:_02174_ net:_02359_ net:net201 net:clknet_leaf_106_clk net:_05446_ net:_05447_ net:net616 net:net686 net:net863 net:net1021 net:net1033 net:net1053 net:net1150 net:net1210
	comment: capacity:21 usage:22 overflow:1
	bbox = (82.8000, 27.6000) - (89.7000, 34.5000) on Layer -
violation type: Horizontal congestion
	srcs: net:CPU_Dmem_value_a5\[0\]\[2\] net:_01178_ net:_01230_ net:_01414_ net:_01493_ net:_01913_ net:_02046_ net:_02047_ net:net331 net:_02072_ net:_02073_ net:net264 net:clknet_4_0_0_clk net:_05415_ net:_05418_ net:w_CPU_dmem_rd_data_a4\[2\] net:net850 net:net995 net:net1130 net:net1215 net:net1267
	comment: capacity:20 usage:21 overflow:1
	bbox = (82.8000, 69.0000) - (89.7000, 75.9000) on Layer -
violation type: Horizontal congestion
	srcs: net:net536 net:net498 net:_01293_ net:_01394_ net:_01471_ net:_01540_ net:net384 net:_01777_ net:_01924_ net:_01933_ net:_02004_ net:_02083_ net:_02418_ net:_02474_ net:_02475_ net:clknet_leaf_103_clk net:net97 net:net650 net:net900 net:net1114 net:net1153
	comment: capacity:20 usage:21 overflow:1
	bbox = (82.8000, 96.6000) - (89.7000, 103.5000) on Layer -
violation type: Horizontal congestion
	srcs: net:CPU_dmem_wr_data_a4\[21\] net:_01554_ net:_01624_ net:_01737_ net:_01769_ net:_01779_ net:_01921_ net:_01930_ net:_01967_ net:_02001_ net:_02002_ net:_02051_ net:_02081_ net:_02128_ net:_02157_ net:_02182_ net:_02320_ net:_02355_ net:_02360_ net:net266 net:net258 net:net704 net:net794 net:net816 net:net852 net:net1212
	comment: capacity:25 usage:26 overflow:1
	bbox = (89.7000, 6.9000) - (96.6000, 13.8000) on Layer -
violation type: Horizontal congestion
	srcs: net:_00313_ net:_01770_ net:_01822_ net:_02009_ net:_02183_ net:_02287_ net:_02321_ net:_02364_ net:clknet_leaf_106_clk net:clknet_leaf_86_clk net:net95 net:net94 net:net676 net:net760 net:net766 net:net828 net:net940 net:net950 net:net1073
	comment: capacity:18 usage:19 overflow:1
	bbox = (89.7000, 20.7000) - (96.6000, 27.6000) on Layer -
violation type: Horizontal congestion
	srcs: net:CPU_dmem_wr_data_a4\[15\] net:_00278_ net:net530 net:_01170_ net:_01178_ net:_01230_ net:_01414_ net:_01478_ net:_01493_ net:_01553_ net:_02018_ net:_02046_ net:_02047_ net:net331 net:_02342_ net:net264 net:_05413_ net:_05415_ net:net1130 net:net1215 net:net1267 net:net1284
	comment: capacity:21 usage:22 overflow:1
	bbox = (89.7000, 69.0000) - (96.6000, 75.9000) on Layer -
violation type: Horizontal congestion
	srcs: net:_00319_ net:net472 net:_01453_ net:_01454_ net:_01538_ net:_01546_ net:_01780_ net:_01782_ net:_01812_ net:_01932_ net:_01934_ net:_01954_ net:_02011_ net:_02012_ net:_02111_ net:_02112_ net:_02266_ net:_02465_ net:net69 net:net850 net:net1116
	comment: capacity:20 usage:21 overflow:1
	bbox = (89.7000, 75.9000) - (96.6000, 82.8000) on Layer -
violation type: Horizontal congestion
	srcs: net:_00287_ net:net537 net:net536 net:_01293_ net:_01471_ net:_01540_ net:net384 net:_01724_ net:_01777_ net:_01924_ net:_02004_ net:_02083_ net:_02418_ net:_02474_ net:_02475_ net:clknet_leaf_103_clk net:_05485_ net:net650 net:net900 net:net1007 net:net1114
	comment: capacity:20 usage:21 overflow:1
	bbox = (89.7000, 96.6000) - (96.6000, 103.5000) on Layer -
violation type: Vertical congestion
	srcs: net:CPU_dmem_wr_data_a4\[5\] net:_01354_ net:_01470_ net:_01486_ net:_01617_ net:_01640_ net:_01693_ net:_01794_ net:_01923_ net:_01925_ net:_02020_ net:_02096_ net:_02105_ net:_02106_ net:_02123_ net:_02435_ net:net640
	comment: capacity:16 usage:17 overflow:1
	bbox = (13.8000, 124.2000) - (20.7000, 131.1000) on Layer -
violation type: Vertical congestion
	srcs: net:CPU_dmem_wr_data_a4\[4\] net:_01171_ net:_01229_ net:net462 net:_01309_ net:_01355_ net:_01384_ net:_01432_ net:_01557_ net:_01641_ net:_01694_ net:_01709_ net:net374 net:_01948_ net:_02171_ net:net254 net:net548 net:net724
	comment: capacity:16 usage:18 overflow:2
	bbox = (20.7000, 117.3000) - (27.6000, 124.2000) on Layer -
violation type: Vertical congestion
	srcs: net:CPU_dmem_wr_data_a4\[0\] net:CPU_dmem_wr_data_a4\[7\] net:_01375_ net:_01793_ net:_02159_ net:_02236_ net:_02255_ net:_02312_ net:_02326_ net:_02330_ net:_02336_ net:_02390_ net:net256 net:net64 net:net608 net:net622 net:net712 net:net910
	comment: capacity:15 usage:18 overflow:3
	bbox = (27.6000, 117.3000) - (34.5000, 124.2000) on Layer -
violation type: Vertical congestion
	srcs: net:CPU_dmem_wr_data_a4\[5\] net:CPU_dmem_wr_data_a4\[8\] net:_01296_ net:net440 net:net434 net:_01319_ net:_01351_ net:_01391_ net:_01461_ net:_01509_ net:_01622_ net:_01855_ net:_01862_ net:_01976_ net:net82 net:net45 net:net1197 net:net1517
	comment: capacity:16 usage:18 overflow:2
	bbox = (34.5000, 117.3000) - (41.4000, 124.2000) on Layer -
violation type: Vertical congestion
	srcs: net:_01296_ net:_01297_ net:net440 net:net434 net:_01319_ net:_01351_ net:_01391_ net:_01461_ net:_01509_ net:_01855_ net:_01862_ net:_01976_ net:net82 net:net45 net:net1197 net:net1297 net:net1517
	comment: capacity:16 usage:17 overflow:1
	bbox = (34.5000, 124.2000) - (41.4000, 131.1000) on Layer -
violation type: Vertical congestion
	srcs: net:CPU_dmem_wr_data_a4\[8\] net:_01383_ net:net404 net:_01618_ net:_01625_ net:_01706_ net:_01776_ net:_01858_ net:_01893_ net:_01922_ net:_02124_ net:_02171_ net:_02404_ net:net57 net:net608 net:net1029
	comment: capacity:15 usage:16 overflow:1
	bbox = (41.4000, 124.2000) - (48.3000, 131.1000) on Layer -
violation type: Vertical congestion
	srcs: net:CPU_dmem_wr_data_a4\[1\] net:_01237_ net:_01403_ net:_01628_ net:_01660_ net:_01661_ net:net380 net:_01741_ net:_02097_ net:_02324_ net:_02391_ net:_02404_ net:net49 net:net1297 net:net1303 net:net1412 net:net1417 net:net1483
	comment: capacity:16 usage:18 overflow:2
	bbox = (48.3000, 117.3000) - (55.2000, 124.2000) on Layer -
violation type: Vertical congestion
	srcs: net:CPU_dmem_wr_data_a4\[9\] net:net510 net:net444 net:_01463_ net:_01464_ net:_01773_ net:_02283_ net:_02343_ net:net270 net:clknet_leaf_116_clk net:net97 net:net54 net:net582 net:net832 net:net1051 net:net1154
	comment: capacity:15 usage:16 overflow:1
	bbox = (69.0000, 96.6000) - (75.9000, 103.5000) on Layer -
violation type: Vertical congestion
	srcs: net:CPU_dmem_wr_data_a4\[9\] net:_00349_ net:net510 net:net444 net:_01463_ net:_01464_ net:_01773_ net:_02003_ net:_02160_ net:_02283_ net:_02343_ net:net270 net:net242 net:net93 net:net54 net:net957
	comment: capacity:15 usage:16 overflow:1
	bbox = (69.0000, 103.5000) - (75.9000, 110.4000) on Layer -
