OpenROAD v2.0-17013-gf7f634f88 
Features included (+) or not (-): +Charts +GPU +GUI +Python
This program is licensed under the BSD-3 license. See the LICENSE file for details.
Components of this program may be licensed under more restrictive licenses which must be honored.
[INFO ORD-0030] Using 16 thread(s).
Placement Analysis
---------------------------------
total displacement      17542.0 u
average displacement        0.6 u
max displacement           34.2 u
original HPWL          152165.5 u
legalized HPWL         166036.6 u
delta HPWL                    9 %

Detailed placement improvement.
Importing netlist into detailed improver.
[INFO DPO-0100] Creating network with 30414 cells, 7 terminals, 6673 edges, 23994 pins, and 0 blockages.
[INFO DPO-0109] Network stats: inst 30421, edges 6673, pins 23994
[INFO DPO-0110] Number of regions is 1
[INFO DPO-0401] Setting random seed to 1.
[INFO DPO-0402] Setting maximum displacement 5 1 to 13600 2720 units.
[INFO DPO-0320] Collected 24111 fixed cells.
[INFO DPO-0318] Collected 6527 single height cells.
[INFO DPO-0321] Collected 0 wide cells.
[INFO DPO-0322] Image (20240, 21760) - (1589760, 1588480)
[INFO DPO-0310] Assigned 6527 cells into segments.  Movement in X-direction is 0.000000, movement in Y-direction is 0.000000.
[INFO DPO-0313] Found 0 cells in wrong regions.
[INFO DPO-0315] Found 0 row alignment problems.
[INFO DPO-0314] Found 0 site alignment problems.
[INFO DPO-0311] Found 0 overlaps between adjacent cells.
[INFO DPO-0312] Found 0 edge spacing violations and 0 padding violations.
[INFO DPO-0303] Running algorithm for independent set matching.
[INFO DPO-0300] Set matching objective is wirelength.
[INFO DPO-0301] Pass   1 of matching; objective is 1.652464e+08.
[INFO DPO-0302] End of matching; objective is 1.650805e+08, improvement is 0.10 percent.
[INFO DPO-0303] Running algorithm for global swaps.
[INFO DPO-0306] Pass   1 of global swaps; hpwl is 1.621154e+08.
[INFO DPO-0306] Pass   2 of global swaps; hpwl is 1.614941e+08.
[INFO DPO-0307] End of global swaps; objective is 1.614941e+08, improvement is 2.17 percent.
[INFO DPO-0303] Running algorithm for vertical swaps.
[INFO DPO-0308] Pass   1 of vertical swaps; hpwl is 1.608984e+08.
[INFO DPO-0309] End of vertical swaps; objective is 1.608984e+08, improvement is 0.37 percent.
[INFO DPO-0303] Running algorithm for reordering.
[INFO DPO-0304] Pass   1 of reordering; objective is 1.603975e+08.
[INFO DPO-0305] End of reordering; objective is 1.603975e+08, improvement is 0.31 percent.
[INFO DPO-0303] Running algorithm for random improvement.
[INFO DPO-0324] Random improver is using displacement generator.
[INFO DPO-0325] Random improver is using hpwl objective.
[INFO DPO-0326] Random improver cost string is (a).
[INFO DPO-0332] End of pass, Generator displacement called 130540 times.
[INFO DPO-0335] Generator displacement, Cumulative attempts 130540, swaps 17842, moves 32886 since last reset.
[INFO DPO-0333] End of pass, Objective hpwl, Initial cost 1.580404e+08, Scratch cost 1.560756e+08, Incremental cost 1.560756e+08, Mismatch? N
[INFO DPO-0338] End of pass, Total cost is 1.560756e+08.
[INFO DPO-0327] Pass   1 of random improver; improvement in cost is 1.24 percent.
[INFO DPO-0332] End of pass, Generator displacement called 130540 times.
[INFO DPO-0335] Generator displacement, Cumulative attempts 261080, swaps 35214, moves 65576 since last reset.
[INFO DPO-0333] End of pass, Objective hpwl, Initial cost 1.560756e+08, Scratch cost 1.553659e+08, Incremental cost 1.553659e+08, Mismatch? N
[INFO DPO-0338] End of pass, Total cost is 1.553659e+08.
[INFO DPO-0327] Pass   2 of random improver; improvement in cost is 0.45 percent.
[INFO DPO-0328] End of random improver; improvement is 1.692287 percent.
[INFO DPO-0380] Cell flipping.
[INFO DPO-0382] Changed 3245 cell orientations for row compatibility.
[INFO DPO-0383] Performed 1872 cell flips.
[INFO DPO-0384] End of flipping; objective is 1.551677e+08, improvement is 1.63 percent.
[INFO DPO-0313] Found 0 cells in wrong regions.
[INFO DPO-0315] Found 0 row alignment problems.
[INFO DPO-0314] Found 0 site alignment problems.
[INFO DPO-0311] Found 0 overlaps between adjacent cells.
[INFO DPO-0312] Found 0 edge spacing violations and 0 padding violations.
Detailed Improvement Results
------------------------------------------
Original HPWL           166036.6 u
Final HPWL              155859.1 u
Delta HPWL                  -6.1 %

[INFO DPL-0020] Mirrored 295 instances
[INFO DPL-0021] HPWL before          155859.1 u
[INFO DPL-0022] HPWL after           155758.1 u
[INFO DPL-0023] HPWL delta               -0.1 %
[INFO FLW-0012] Placement violations .
Report metrics stage 3, detailed place...

==========================================================================
detailed place report_design_area
--------------------------------------------------------------------------
Design area 753089 u^2 31% utilization.
Elapsed time: 0:03.45[h:]min:sec. CPU time: user 3.32 sys 0.10 (99%). Peak memory: 444612KB.
