OpenROAD v2.0-17013-gf7f634f88 
Features included (+) or not (-): +Charts +GPU +GUI +Python
This program is licensed under the BSD-3 license. See the LICENSE file for details.
Components of this program may be licensed under more restrictive licenses which must be honored.
[INFO ORD-0030] Using 16 thread(s).
detailed_route -output_drc ./reports/sky130hd/vsdbabysoc/base/5_route_drc.rpt -output_maze ./results/sky130hd/vsdbabysoc/base/maze.log -bottom_routing_layer met1 -top_routing_layer met5 -droute_end_iter 64 -verbose 1 -drc_report_iter_step 5
[INFO DRT-0149] Reading tech and libs.
[WARNING DRT-0349] LEF58_ENCLOSURE with no CUTCLASS is not supported. Skipping for layer mcon
[WARNING DRT-0349] LEF58_ENCLOSURE with no CUTCLASS is not supported. Skipping for layer mcon
[WARNING DRT-0349] LEF58_ENCLOSURE with no CUTCLASS is not supported. Skipping for layer via
[WARNING DRT-0349] LEF58_ENCLOSURE with no CUTCLASS is not supported. Skipping for layer via
[WARNING DRT-0349] LEF58_ENCLOSURE with no CUTCLASS is not supported. Skipping for layer via2
[WARNING DRT-0349] LEF58_ENCLOSURE with no CUTCLASS is not supported. Skipping for layer via2
[WARNING DRT-0349] LEF58_ENCLOSURE with no CUTCLASS is not supported. Skipping for layer via3
[WARNING DRT-0349] LEF58_ENCLOSURE with no CUTCLASS is not supported. Skipping for layer via3
[WARNING DRT-0349] LEF58_ENCLOSURE with no CUTCLASS is not supported. Skipping for layer via4
[WARNING DRT-0349] LEF58_ENCLOSURE with no CUTCLASS is not supported. Skipping for layer via4

Units:                1000
Number of layers:     13
Number of macros:     443
Number of vias:       29
Number of viarulegen: 25

[INFO DRT-0150] Reading design.
[WARNING DRT-0120] Large net net97 has 131 pins which may impact routing performance. Consider optimization.
[WARNING DRT-0120] Large net net96 has 108 pins which may impact routing performance. Consider optimization.

Design:                   vsdbabysoc
Die area:                 ( 0 0 ) ( 1600000 1600000 )
Number of track patterns: 12
Number of DEF vias:       0
Number of components:     32588
Number of terminals:      7
Number of snets:          2
Number of nets:           8685

[INFO DRT-0167] List of default vias:
  Layer via
    default via: M1M2_PR
  Layer via2
    default via: M2M3_PR
  Layer via3
    default via: M3M4_PR
  Layer via4
    default via: M4M5_PR
[INFO DRT-0162] Library cell analysis.
[INFO DRT-0163] Instance analysis.
[INFO DRT-0164] Number of unique instances = 261.
[INFO DRT-0168] Init region query.
[INFO DRT-0024]   Complete FR_MASTERSLICE.
[INFO DRT-0024]   Complete Fr_VIA.
[INFO DRT-0024]   Complete li1.
[INFO DRT-0024]   Complete mcon.
[INFO DRT-0024]   Complete met1.
[INFO DRT-0024]   Complete via.
[INFO DRT-0024]   Complete met2.
[INFO DRT-0024]   Complete via2.
[INFO DRT-0024]   Complete met3.
[INFO DRT-0024]   Complete via3.
[INFO DRT-0024]   Complete met4.
[INFO DRT-0024]   Complete via4.
[INFO DRT-0024]   Complete met5.
[INFO DRT-0033] FR_MASTERSLICE shape region query size = 0.
[INFO DRT-0033] FR_VIA shape region query size = 0.
[INFO DRT-0033] li1 shape region query size = 413855.
[INFO DRT-0033] mcon shape region query size = 198602.
[INFO DRT-0033] met1 shape region query size = 116167.
[INFO DRT-0033] via shape region query size = 120626.
[INFO DRT-0033] met2 shape region query size = 72449.
[INFO DRT-0033] via2 shape region query size = 96483.
[INFO DRT-0033] met3 shape region query size = 72398.
[INFO DRT-0033] via3 shape region query size = 96477.
[INFO DRT-0033] met4 shape region query size = 30851.
[INFO DRT-0033] via4 shape region query size = 6613.
[INFO DRT-0033] met5 shape region query size = 6728.
[INFO DRT-0165] Start pin access.
[INFO DRT-0076]   Complete 1000 pins.
[WARNING DRT-6000] Macro pin has more than 1 polygon
[WARNING DRT-6000] Macro pin has more than 1 polygon
[WARNING DRT-6000] Macro pin has more than 1 polygon
[WARNING DRT-6000] Macro pin has more than 1 polygon
[WARNING DRT-6000] Macro pin has more than 1 polygon
[WARNING DRT-6000] Macro pin has more than 1 polygon
[WARNING DRT-6000] Macro pin has more than 1 polygon
[WARNING DRT-6000] Macro pin has more than 1 polygon
[WARNING DRT-6000] Macro pin has more than 1 polygon
[WARNING DRT-6000] Macro pin has more than 1 polygon
[WARNING DRT-6000] Macro pin has more than 1 polygon
[WARNING DRT-6000] Macro pin has more than 1 polygon
[WARNING DRT-6000] Macro pin has more than 1 polygon
[WARNING DRT-6000] Macro pin has more than 1 polygon
[WARNING DRT-6000] Macro pin has more than 1 polygon
[WARNING DRT-6000] Macro pin has more than 1 polygon
[WARNING DRT-6000] Macro pin has more than 1 polygon
[WARNING DRT-6000] Macro pin has more than 1 polygon
[WARNING DRT-6000] Macro pin has more than 1 polygon
[WARNING DRT-6000] Macro pin has more than 1 polygon
[WARNING DRT-6000] Macro pin has more than 1 polygon
[WARNING DRT-6000] Macro pin has more than 1 polygon
[WARNING DRT-6000] Macro pin has more than 1 polygon
[WARNING DRT-6000] Macro pin has more than 1 polygon
[WARNING DRT-6000] Macro pin has more than 1 polygon
[WARNING DRT-6000] Macro pin has more than 1 polygon
[WARNING DRT-6000] Macro pin has more than 1 polygon
[WARNING DRT-6000] Macro pin has more than 1 polygon
[WARNING DRT-6000] Macro pin has more than 1 polygon
[WARNING DRT-6000] Macro pin has more than 1 polygon
[WARNING DRT-6000] Macro pin has more than 1 polygon
[WARNING DRT-6000] Macro pin has more than 1 polygon
[WARNING DRT-6000] Macro pin has more than 1 polygon
[WARNING DRT-6000] Macro pin has more than 1 polygon
[WARNING DRT-6000] Macro pin has more than 1 polygon
[WARNING DRT-6000] Macro pin has more than 1 polygon
[WARNING DRT-6000] Macro pin has more than 1 polygon
[WARNING DRT-6000] Macro pin has more than 1 polygon
[WARNING DRT-6000] Macro pin has more than 1 polygon
[WARNING DRT-6000] Macro pin has more than 1 polygon
[WARNING DRT-6000] Macro pin has more than 1 polygon
[WARNING DRT-6000] Macro pin has more than 1 polygon
[WARNING DRT-6000] Macro pin has more than 1 polygon
[WARNING DRT-6000] Macro pin has more than 1 polygon
[WARNING DRT-6000] Macro pin has more than 1 polygon
[WARNING DRT-6000] Macro pin has more than 1 polygon
[WARNING DRT-6000] Macro pin has more than 1 polygon
[WARNING DRT-6000] Macro pin has more than 1 polygon
[WARNING DRT-6000] Macro pin has more than 1 polygon
[WARNING DRT-6000] Macro pin has more than 1 polygon
[WARNING DRT-6000] Macro pin has more than 1 polygon
[WARNING DRT-6000] Macro pin has more than 1 polygon
[WARNING DRT-6000] Macro pin has more than 1 polygon
[WARNING DRT-6000] Macro pin has more than 1 polygon
[WARNING DRT-6000] Macro pin has more than 1 polygon
[WARNING DRT-6000] Macro pin has more than 1 polygon
[WARNING DRT-6000] Macro pin has more than 1 polygon
[WARNING DRT-6000] Macro pin has more than 1 polygon
[WARNING DRT-6000] Macro pin has more than 1 polygon
[WARNING DRT-6000] Macro pin has more than 1 polygon
[WARNING DRT-6000] Macro pin has more than 1 polygon
[WARNING DRT-6000] Macro pin has more than 1 polygon
[WARNING DRT-6000] Macro pin has more than 1 polygon
[WARNING DRT-6000] Macro pin has more than 1 polygon
[WARNING DRT-6000] Macro pin has more than 1 polygon
[WARNING DRT-6000] Macro pin has more than 1 polygon
[WARNING DRT-6000] Macro pin has more than 1 polygon
[WARNING DRT-6000] Macro pin has more than 1 polygon
[WARNING DRT-6000] Macro pin has more than 1 polygon
[WARNING DRT-6000] Macro pin has more than 1 polygon
[WARNING DRT-6000] Macro pin has more than 1 polygon
[WARNING DRT-6000] Macro pin has more than 1 polygon
[WARNING DRT-6000] Macro pin has more than 1 polygon
[WARNING DRT-6000] Macro pin has more than 1 polygon
[WARNING DRT-6000] Macro pin has more than 1 polygon
[WARNING DRT-6000] Macro pin has more than 1 polygon
[WARNING DRT-6000] Macro pin has more than 1 polygon
[WARNING DRT-6000] Macro pin has more than 1 polygon
[WARNING DRT-6000] Macro pin has more than 1 polygon
[WARNING DRT-6000] Macro pin has more than 1 polygon
[WARNING DRT-6000] Macro pin has more than 1 polygon
[WARNING DRT-6000] Macro pin has more than 1 polygon
[WARNING DRT-6000] Macro pin has more than 1 polygon
[WARNING DRT-6000] Macro pin has more than 1 polygon
[WARNING DRT-6000] Macro pin has more than 1 polygon
[WARNING DRT-6000] Macro pin has more than 1 polygon
[WARNING DRT-6000] Macro pin has more than 1 polygon
[WARNING DRT-6000] Macro pin has more than 1 polygon
[WARNING DRT-6000] Macro pin has more than 1 polygon
[WARNING DRT-6000] Macro pin has more than 1 polygon
[WARNING DRT-6000] Macro pin has more than 1 polygon
[WARNING DRT-6000] Macro pin has more than 1 polygon
[WARNING DRT-6000] Macro pin has more than 1 polygon
[WARNING DRT-6000] Macro pin has more than 1 polygon
[WARNING DRT-6000] Macro pin has more than 1 polygon
[WARNING DRT-6000] Macro pin has more than 1 polygon
[WARNING DRT-6000] Macro pin has more than 1 polygon
[WARNING DRT-6000] Macro pin has more than 1 polygon
[WARNING DRT-6000] Macro pin has more than 1 polygon
[WARNING DRT-6000] Macro pin has more than 1 polygon
[WARNING DRT-6000] Macro pin has more than 1 polygon
[WARNING DRT-6000] Macro pin has more than 1 polygon
[INFO DRT-0076]   Complete 2000 pins.
[WARNING DRT-6000] Macro pin has more than 1 polygon
[WARNING DRT-6000] Macro pin has more than 1 polygon
[WARNING DRT-6000] Macro pin has more than 1 polygon
[WARNING DRT-6000] Macro pin has more than 1 polygon
[WARNING DRT-6000] Macro pin has more than 1 polygon
[WARNING DRT-6000] Macro pin has more than 1 polygon
[WARNING DRT-6000] Macro pin has more than 1 polygon
[WARNING DRT-6000] Macro pin has more than 1 polygon
[WARNING DRT-6000] Macro pin has more than 1 polygon
[WARNING DRT-6000] Macro pin has more than 1 polygon
[WARNING DRT-6000] Macro pin has more than 1 polygon
[WARNING DRT-6000] Macro pin has more than 1 polygon
[WARNING DRT-6000] Macro pin has more than 1 polygon
[WARNING DRT-6000] Macro pin has more than 1 polygon
[WARNING DRT-6000] Macro pin has more than 1 polygon
[WARNING DRT-6000] Macro pin has more than 1 polygon
[WARNING DRT-6000] Macro pin has more than 1 polygon
[WARNING DRT-6000] Macro pin has more than 1 polygon
[WARNING DRT-6000] Macro pin has more than 1 polygon
[WARNING DRT-6000] Macro pin has more than 1 polygon
[WARNING DRT-6000] Macro pin has more than 1 polygon
[WARNING DRT-6000] Macro pin has more than 1 polygon
[WARNING DRT-6000] Macro pin has more than 1 polygon
[WARNING DRT-6000] Macro pin has more than 1 polygon
[WARNING DRT-6000] Macro pin has more than 1 polygon
[WARNING DRT-6000] Macro pin has more than 1 polygon
[WARNING DRT-6000] Macro pin has more than 1 polygon
[WARNING DRT-6000] Macro pin has more than 1 polygon
[WARNING DRT-6000] Macro pin has more than 1 polygon
[WARNING DRT-6000] Macro pin has more than 1 polygon
[WARNING DRT-6000] Macro pin has more than 1 polygon
[WARNING DRT-6000] Macro pin has more than 1 polygon
[WARNING DRT-6000] Macro pin has more than 1 polygon
[WARNING DRT-6000] Macro pin has more than 1 polygon
[WARNING DRT-6000] Macro pin has more than 1 polygon
[WARNING DRT-6000] Macro pin has more than 1 polygon
[WARNING DRT-6000] Macro pin has more than 1 polygon
[WARNING DRT-6000] Macro pin has more than 1 polygon
[WARNING DRT-6000] Macro pin has more than 1 polygon
[WARNING DRT-6000] Macro pin has more than 1 polygon
[WARNING DRT-6000] Macro pin has more than 1 polygon
[WARNING DRT-6000] Macro pin has more than 1 polygon
[WARNING DRT-6000] Macro pin has more than 1 polygon
[WARNING DRT-6000] Macro pin has more than 1 polygon
[WARNING DRT-6000] Macro pin has more than 1 polygon
[WARNING DRT-6000] Macro pin has more than 1 polygon
[WARNING DRT-6000] Macro pin has more than 1 polygon
[WARNING DRT-6000] Macro pin has more than 1 polygon
[WARNING DRT-6000] Macro pin has more than 1 polygon
[WARNING DRT-6000] Macro pin has more than 1 polygon
[WARNING DRT-6000] Macro pin has more than 1 polygon
[WARNING DRT-6000] Macro pin has more than 1 polygon
[WARNING DRT-6000] Macro pin has more than 1 polygon
[WARNING DRT-6000] Macro pin has more than 1 polygon
[WARNING DRT-6000] Macro pin has more than 1 polygon
[WARNING DRT-6000] Macro pin has more than 1 polygon
[WARNING DRT-6000] Macro pin has more than 1 polygon
[WARNING DRT-6000] Macro pin has more than 1 polygon
[WARNING DRT-6000] Macro pin has more than 1 polygon
[WARNING DRT-6000] Macro pin has more than 1 polygon
[WARNING DRT-6000] Macro pin has more than 1 polygon
[WARNING DRT-6000] Macro pin has more than 1 polygon
[WARNING DRT-6000] Macro pin has more than 1 polygon
[WARNING DRT-6000] Macro pin has more than 1 polygon
[WARNING DRT-6000] Macro pin has more than 1 polygon
[WARNING DRT-6000] Macro pin has more than 1 polygon
[WARNING DRT-6000] Macro pin has more than 1 polygon
[WARNING DRT-6000] Macro pin has more than 1 polygon
[WARNING DRT-6000] Macro pin has more than 1 polygon
[WARNING DRT-6000] Macro pin has more than 1 polygon
[WARNING DRT-6000] Macro pin has more than 1 polygon
[WARNING DRT-6000] Macro pin has more than 1 polygon
[WARNING DRT-6000] Macro pin has more than 1 polygon
[WARNING DRT-6000] Macro pin has more than 1 polygon
[WARNING DRT-6000] Macro pin has more than 1 polygon
[WARNING DRT-6000] Macro pin has more than 1 polygon
[WARNING DRT-6000] Macro pin has more than 1 polygon
[WARNING DRT-6000] Macro pin has more than 1 polygon
[WARNING DRT-6000] Macro pin has more than 1 polygon
[WARNING DRT-6000] Macro pin has more than 1 polygon
[WARNING DRT-6000] Macro pin has more than 1 polygon
[WARNING DRT-6000] Macro pin has more than 1 polygon
[WARNING DRT-6000] Macro pin has more than 1 polygon
[WARNING DRT-6000] Macro pin has more than 1 polygon
[WARNING DRT-6000] Macro pin has more than 1 polygon
[WARNING DRT-6000] Macro pin has more than 1 polygon
[WARNING DRT-6000] Macro pin has more than 1 polygon
[WARNING DRT-6000] Macro pin has more than 1 polygon
[WARNING DRT-6000] Macro pin has more than 1 polygon
[WARNING DRT-6000] Macro pin has more than 1 polygon
[WARNING DRT-6000] Macro pin has more than 1 polygon
[WARNING DRT-6000] Macro pin has more than 1 polygon
[WARNING DRT-6000] Macro pin has more than 1 polygon
[WARNING DRT-6000] Macro pin has more than 1 polygon
[WARNING DRT-6000] Macro pin has more than 1 polygon
[WARNING DRT-6000] Macro pin has more than 1 polygon
[WARNING DRT-6000] Macro pin has more than 1 polygon
[WARNING DRT-6000] Macro pin has more than 1 polygon
[WARNING DRT-6000] Macro pin has more than 1 polygon
[WARNING DRT-6000] Macro pin has more than 1 polygon
[WARNING DRT-6000] Macro pin has more than 1 polygon
[WARNING DRT-6000] Macro pin has more than 1 polygon
[WARNING DRT-6000] Macro pin has more than 1 polygon
[WARNING DRT-6000] Macro pin has more than 1 polygon
[WARNING DRT-6000] Macro pin has more than 1 polygon
[WARNING DRT-6000] Macro pin has more than 1 polygon
[WARNING DRT-6000] Macro pin has more than 1 polygon
[WARNING DRT-6000] Macro pin has more than 1 polygon
[WARNING DRT-6000] Macro pin has more than 1 polygon
[WARNING DRT-6000] Macro pin has more than 1 polygon
[WARNING DRT-6000] Macro pin has more than 1 polygon
[WARNING DRT-6000] Macro pin has more than 1 polygon
[WARNING DRT-6000] Macro pin has more than 1 polygon
[WARNING DRT-6000] Macro pin has more than 1 polygon
[WARNING DRT-6000] Macro pin has more than 1 polygon
[WARNING DRT-6000] Macro pin has more than 1 polygon
[WARNING DRT-6000] Macro pin has more than 1 polygon
[WARNING DRT-6000] Macro pin has more than 1 polygon
[WARNING DRT-6000] Macro pin has more than 1 polygon
[WARNING DRT-6000] Macro pin has more than 1 polygon
[WARNING DRT-6000] Macro pin has more than 1 polygon
[WARNING DRT-6000] Macro pin has more than 1 polygon
[WARNING DRT-6000] Macro pin has more than 1 polygon
[WARNING DRT-6000] Macro pin has more than 1 polygon
[WARNING DRT-6000] Macro pin has more than 1 polygon
[WARNING DRT-6000] Macro pin has more than 1 polygon
[WARNING DRT-6000] Macro pin has more than 1 polygon
[WARNING DRT-6000] Macro pin has more than 1 polygon
[WARNING DRT-6000] Macro pin has more than 1 polygon
[WARNING DRT-6000] Macro pin has more than 1 polygon
[WARNING DRT-6000] Macro pin has more than 1 polygon
[WARNING DRT-6000] Macro pin has more than 1 polygon
[WARNING DRT-6000] Macro pin has more than 1 polygon
[WARNING DRT-6000] Macro pin has more than 1 polygon
[WARNING DRT-6000] Macro pin has more than 1 polygon
[WARNING DRT-6000] Macro pin has more than 1 polygon
[WARNING DRT-6000] Macro pin has more than 1 polygon
[WARNING DRT-6000] Macro pin has more than 1 polygon
[WARNING DRT-6000] Macro pin has more than 1 polygon
[WARNING DRT-6000] Macro pin has more than 1 polygon
[WARNING DRT-6000] Macro pin has more than 1 polygon
[WARNING DRT-6000] Macro pin has more than 1 polygon
[WARNING DRT-6000] Macro pin has more than 1 polygon
[WARNING DRT-6000] Macro pin has more than 1 polygon
[WARNING DRT-6000] Macro pin has more than 1 polygon
[WARNING DRT-6000] Macro pin has more than 1 polygon
[WARNING DRT-6000] Macro pin has more than 1 polygon
[WARNING DRT-6000] Macro pin has more than 1 polygon
[WARNING DRT-6000] Macro pin has more than 1 polygon
[WARNING DRT-6000] Macro pin has more than 1 polygon
[WARNING DRT-6000] Macro pin has more than 1 polygon
[WARNING DRT-6000] Macro pin has more than 1 polygon
[WARNING DRT-6000] Macro pin has more than 1 polygon
[WARNING DRT-6000] Macro pin has more than 1 polygon
[WARNING DRT-6000] Macro pin has more than 1 polygon
[WARNING DRT-6000] Macro pin has more than 1 polygon
[WARNING DRT-6000] Macro pin has more than 1 polygon
[WARNING DRT-6000] Macro pin has more than 1 polygon
[WARNING DRT-6000] Macro pin has more than 1 polygon
[WARNING DRT-6000] Macro pin has more than 1 polygon
[WARNING DRT-6000] Macro pin has more than 1 polygon
[WARNING DRT-6000] Macro pin has more than 1 polygon
[WARNING DRT-6000] Macro pin has more than 1 polygon
[WARNING DRT-6000] Macro pin has more than 1 polygon
[WARNING DRT-6000] Macro pin has more than 1 polygon
[WARNING DRT-6000] Macro pin has more than 1 polygon
[WARNING DRT-6000] Macro pin has more than 1 polygon
[WARNING DRT-6000] Macro pin has more than 1 polygon
[WARNING DRT-6000] Macro pin has more than 1 polygon
[WARNING DRT-6000] Macro pin has more than 1 polygon
[WARNING DRT-6000] Macro pin has more than 1 polygon
[WARNING DRT-6000] Macro pin has more than 1 polygon
[WARNING DRT-6000] Macro pin has more than 1 polygon
[WARNING DRT-6000] Macro pin has more than 1 polygon
[WARNING DRT-6000] Macro pin has more than 1 polygon
[WARNING DRT-6000] Macro pin has more than 1 polygon
[WARNING DRT-6000] Macro pin has more than 1 polygon
[WARNING DRT-6000] Macro pin has more than 1 polygon
[WARNING DRT-6000] Macro pin has more than 1 polygon
[WARNING DRT-6000] Macro pin has more than 1 polygon
[WARNING DRT-6000] Macro pin has more than 1 polygon
[WARNING DRT-6000] Macro pin has more than 1 polygon
[WARNING DRT-6000] Macro pin has more than 1 polygon
[WARNING DRT-6000] Macro pin has more than 1 polygon
[WARNING DRT-6000] Macro pin has more than 1 polygon
[WARNING DRT-6000] Macro pin has more than 1 polygon
[WARNING DRT-6000] Macro pin has more than 1 polygon
[WARNING DRT-6000] Macro pin has more than 1 polygon
[WARNING DRT-6000] Macro pin has more than 1 polygon
[WARNING DRT-6000] Macro pin has more than 1 polygon
[WARNING DRT-6000] Macro pin has more than 1 polygon
[WARNING DRT-6000] Macro pin has more than 1 polygon
[WARNING DRT-6000] Macro pin has more than 1 polygon
[WARNING DRT-6000] Macro pin has more than 1 polygon
[WARNING DRT-6000] Macro pin has more than 1 polygon
[WARNING DRT-6000] Macro pin has more than 1 polygon
[WARNING DRT-6000] Macro pin has more than 1 polygon
[WARNING DRT-6000] Macro pin has more than 1 polygon
[WARNING DRT-6000] Macro pin has more than 1 polygon
[WARNING DRT-6000] Macro pin has more than 1 polygon
[WARNING DRT-6000] Macro pin has more than 1 polygon
[WARNING DRT-6000] Macro pin has more than 1 polygon
[WARNING DRT-6000] Macro pin has more than 1 polygon
[WARNING DRT-6000] Macro pin has more than 1 polygon
[WARNING DRT-6000] Macro pin has more than 1 polygon
[WARNING DRT-6000] Macro pin has more than 1 polygon
[WARNING DRT-6000] Macro pin has more than 1 polygon
[WARNING DRT-6000] Macro pin has more than 1 polygon
[WARNING DRT-6000] Macro pin has more than 1 polygon
[WARNING DRT-6000] Macro pin has more than 1 polygon
[WARNING DRT-6000] Macro pin has more than 1 polygon
[WARNING DRT-6000] Macro pin has more than 1 polygon
[WARNING DRT-6000] Macro pin has more than 1 polygon
[WARNING DRT-6000] Macro pin has more than 1 polygon
[WARNING DRT-6000] Macro pin has more than 1 polygon
[WARNING DRT-6000] Macro pin has more than 1 polygon
[WARNING DRT-6000] Macro pin has more than 1 polygon
[WARNING DRT-6000] Macro pin has more than 1 polygon
[WARNING DRT-6000] Macro pin has more than 1 polygon
[WARNING DRT-6000] Macro pin has more than 1 polygon
[WARNING DRT-6000] Macro pin has more than 1 polygon
[WARNING DRT-6000] Macro pin has more than 1 polygon
[WARNING DRT-6000] Macro pin has more than 1 polygon
[WARNING DRT-6000] Macro pin has more than 1 polygon
[WARNING DRT-6000] Macro pin has more than 1 polygon
[WARNING DRT-6000] Macro pin has more than 1 polygon
[WARNING DRT-6000] Macro pin has more than 1 polygon
[WARNING DRT-6000] Macro pin has more than 1 polygon
[WARNING DRT-6000] Macro pin has more than 1 polygon
[WARNING DRT-6000] Macro pin has more than 1 polygon
[WARNING DRT-6000] Macro pin has more than 1 polygon
[WARNING DRT-6000] Macro pin has more than 1 polygon
[WARNING DRT-6000] Macro pin has more than 1 polygon
[WARNING DRT-6000] Macro pin has more than 1 polygon
[WARNING DRT-6000] Macro pin has more than 1 polygon
[WARNING DRT-6000] Macro pin has more than 1 polygon
[WARNING DRT-6000] Macro pin has more than 1 polygon
[WARNING DRT-6000] Macro pin has more than 1 polygon
[WARNING DRT-6000] Macro pin has more than 1 polygon
[WARNING DRT-6000] Macro pin has more than 1 polygon
[WARNING DRT-6000] Macro pin has more than 1 polygon
[WARNING DRT-6000] Macro pin has more than 1 polygon
[WARNING DRT-6000] Macro pin has more than 1 polygon
[WARNING DRT-6000] Macro pin has more than 1 polygon
[WARNING DRT-6000] Macro pin has more than 1 polygon
[WARNING DRT-6000] Macro pin has more than 1 polygon
[WARNING DRT-6000] Macro pin has more than 1 polygon
[WARNING DRT-6000] Macro pin has more than 1 polygon
[WARNING DRT-6000] Macro pin has more than 1 polygon
[WARNING DRT-6000] Macro pin has more than 1 polygon
[WARNING DRT-6000] Macro pin has more than 1 polygon
[WARNING DRT-6000] Macro pin has more than 1 polygon
[WARNING DRT-6000] Macro pin has more than 1 polygon
[WARNING DRT-6000] Macro pin has more than 1 polygon
[WARNING DRT-6000] Macro pin has more than 1 polygon
[WARNING DRT-6000] Macro pin has more than 1 polygon
[WARNING DRT-6000] Macro pin has more than 1 polygon
[WARNING DRT-6000] Macro pin has more than 1 polygon
[WARNING DRT-6000] Macro pin has more than 1 polygon
[WARNING DRT-6000] Macro pin has more than 1 polygon
[WARNING DRT-6000] Macro pin has more than 1 polygon
[WARNING DRT-6000] Macro pin has more than 1 polygon
[WARNING DRT-6000] Macro pin has more than 1 polygon
[WARNING DRT-6000] Macro pin has more than 1 polygon
[WARNING DRT-6000] Macro pin has more than 1 polygon
[WARNING DRT-6000] Macro pin has more than 1 polygon
[WARNING DRT-6000] Macro pin has more than 1 polygon
[WARNING DRT-6000] Macro pin has more than 1 polygon
[WARNING DRT-6000] Macro pin has more than 1 polygon
[WARNING DRT-6000] Macro pin has more than 1 polygon
[WARNING DRT-6000] Macro pin has more than 1 polygon
[WARNING DRT-6000] Macro pin has more than 1 polygon
[WARNING DRT-6000] Macro pin has more than 1 polygon
[WARNING DRT-6000] Macro pin has more than 1 polygon
[WARNING DRT-6000] Macro pin has more than 1 polygon
[WARNING DRT-6000] Macro pin has more than 1 polygon
[WARNING DRT-6000] Macro pin has more than 1 polygon
[WARNING DRT-6000] Macro pin has more than 1 polygon
[WARNING DRT-6000] Macro pin has more than 1 polygon
[WARNING DRT-6000] Macro pin has more than 1 polygon
[WARNING DRT-6000] Macro pin has more than 1 polygon
[WARNING DRT-6000] Macro pin has more than 1 polygon
[WARNING DRT-6000] Macro pin has more than 1 polygon
[WARNING DRT-6000] Macro pin has more than 1 polygon
[WARNING DRT-6000] Macro pin has more than 1 polygon
[WARNING DRT-6000] Macro pin has more than 1 polygon
[WARNING DRT-6000] Macro pin has more than 1 polygon
[WARNING DRT-6000] Macro pin has more than 1 polygon
[WARNING DRT-6000] Macro pin has more than 1 polygon
[WARNING DRT-6000] Macro pin has more than 1 polygon
[WARNING DRT-6000] Macro pin has more than 1 polygon
[WARNING DRT-6000] Macro pin has more than 1 polygon
[WARNING DRT-6000] Macro pin has more than 1 polygon
[WARNING DRT-6000] Macro pin has more than 1 polygon
[WARNING DRT-6000] Macro pin has more than 1 polygon
[WARNING DRT-6000] Macro pin has more than 1 polygon
[WARNING DRT-6000] Macro pin has more than 1 polygon
[WARNING DRT-6000] Macro pin has more than 1 polygon
[WARNING DRT-6000] Macro pin has more than 1 polygon
[WARNING DRT-6000] Macro pin has more than 1 polygon
[WARNING DRT-6000] Macro pin has more than 1 polygon
[WARNING DRT-6000] Macro pin has more than 1 polygon
[WARNING DRT-6000] Macro pin has more than 1 polygon
[WARNING DRT-6000] Macro pin has more than 1 polygon
[WARNING DRT-6000] Macro pin has more than 1 polygon
[WARNING DRT-6000] Macro pin has more than 1 polygon
[WARNING DRT-6000] Macro pin has more than 1 polygon
[WARNING DRT-6000] Macro pin has more than 1 polygon
[WARNING DRT-6000] Macro pin has more than 1 polygon
[WARNING DRT-6000] Macro pin has more than 1 polygon
[WARNING DRT-6000] Macro pin has more than 1 polygon
[WARNING DRT-6000] Macro pin has more than 1 polygon
[WARNING DRT-6000] Macro pin has more than 1 polygon
[WARNING DRT-6000] Macro pin has more than 1 polygon
[WARNING DRT-6000] Macro pin has more than 1 polygon
[WARNING DRT-6000] Macro pin has more than 1 polygon
[WARNING DRT-6000] Macro pin has more than 1 polygon
[WARNING DRT-6000] Macro pin has more than 1 polygon
[WARNING DRT-6000] Macro pin has more than 1 polygon
[WARNING DRT-6000] Macro pin has more than 1 polygon
[WARNING DRT-6000] Macro pin has more than 1 polygon
[WARNING DRT-6000] Macro pin has more than 1 polygon
[WARNING DRT-6000] Macro pin has more than 1 polygon
[WARNING DRT-6000] Macro pin has more than 1 polygon
[WARNING DRT-6000] Macro pin has more than 1 polygon
[WARNING DRT-6000] Macro pin has more than 1 polygon
[WARNING DRT-6000] Macro pin has more than 1 polygon
[WARNING DRT-6000] Macro pin has more than 1 polygon
[WARNING DRT-6000] Macro pin has more than 1 polygon
[WARNING DRT-6000] Macro pin has more than 1 polygon
[WARNING DRT-6000] Macro pin has more than 1 polygon
[WARNING DRT-6000] Macro pin has more than 1 polygon
[WARNING DRT-6000] Macro pin has more than 1 polygon
[WARNING DRT-6000] Macro pin has more than 1 polygon
[WARNING DRT-6000] Macro pin has more than 1 polygon
[WARNING DRT-6000] Macro pin has more than 1 polygon
[WARNING DRT-6000] Macro pin has more than 1 polygon
[WARNING DRT-6000] Macro pin has more than 1 polygon
[WARNING DRT-6000] Macro pin has more than 1 polygon
[WARNING DRT-6000] Macro pin has more than 1 polygon
[WARNING DRT-6000] Macro pin has more than 1 polygon
[WARNING DRT-6000] Macro pin has more than 1 polygon
[WARNING DRT-6000] Macro pin has more than 1 polygon
[WARNING DRT-6000] Macro pin has more than 1 polygon
[WARNING DRT-6000] Macro pin has more than 1 polygon
[WARNING DRT-6000] Macro pin has more than 1 polygon
[WARNING DRT-6000] Macro pin has more than 1 polygon
[WARNING DRT-6000] Macro pin has more than 1 polygon
[WARNING DRT-6000] Macro pin has more than 1 polygon
[WARNING DRT-6000] Macro pin has more than 1 polygon
[WARNING DRT-6000] Macro pin has more than 1 polygon
[WARNING DRT-6000] Macro pin has more than 1 polygon
[WARNING DRT-6000] Macro pin has more than 1 polygon
[WARNING DRT-6000] Macro pin has more than 1 polygon
[WARNING DRT-6000] Macro pin has more than 1 polygon
[WARNING DRT-6000] Macro pin has more than 1 polygon
[WARNING DRT-6000] Macro pin has more than 1 polygon
[WARNING DRT-6000] Macro pin has more than 1 polygon
[WARNING DRT-6000] Macro pin has more than 1 polygon
[WARNING DRT-6000] Macro pin has more than 1 polygon
[WARNING DRT-6000] Macro pin has more than 1 polygon
[WARNING DRT-6000] Macro pin has more than 1 polygon
[WARNING DRT-6000] Macro pin has more than 1 polygon
[WARNING DRT-6000] Macro pin has more than 1 polygon
[WARNING DRT-6000] Macro pin has more than 1 polygon
[WARNING DRT-6000] Macro pin has more than 1 polygon
[WARNING DRT-6000] Macro pin has more than 1 polygon
[WARNING DRT-6000] Macro pin has more than 1 polygon
[WARNING DRT-6000] Macro pin has more than 1 polygon
[WARNING DRT-6000] Macro pin has more than 1 polygon
[WARNING DRT-6000] Macro pin has more than 1 polygon
[WARNING DRT-6000] Macro pin has more than 1 polygon
[WARNING DRT-6000] Macro pin has more than 1 polygon
[WARNING DRT-6000] Macro pin has more than 1 polygon
[WARNING DRT-6000] Macro pin has more than 1 polygon
[WARNING DRT-6000] Macro pin has more than 1 polygon
[WARNING DRT-6000] Macro pin has more than 1 polygon
[WARNING DRT-6000] Macro pin has more than 1 polygon
[WARNING DRT-6000] Macro pin has more than 1 polygon
[WARNING DRT-6000] Macro pin has more than 1 polygon
[WARNING DRT-6000] Macro pin has more than 1 polygon
[WARNING DRT-6000] Macro pin has more than 1 polygon
[WARNING DRT-6000] Macro pin has more than 1 polygon
[WARNING DRT-6000] Macro pin has more than 1 polygon
[WARNING DRT-6000] Macro pin has more than 1 polygon
[WARNING DRT-6000] Macro pin has more than 1 polygon
[WARNING DRT-6000] Macro pin has more than 1 polygon
[WARNING DRT-6000] Macro pin has more than 1 polygon
[WARNING DRT-6000] Macro pin has more than 1 polygon
[WARNING DRT-6000] Macro pin has more than 1 polygon
[WARNING DRT-6000] Macro pin has more than 1 polygon
[WARNING DRT-6000] Macro pin has more than 1 polygon
[WARNING DRT-6000] Macro pin has more than 1 polygon
[WARNING DRT-6000] Macro pin has more than 1 polygon
[WARNING DRT-6000] Macro pin has more than 1 polygon
[WARNING DRT-6000] Macro pin has more than 1 polygon
[WARNING DRT-6000] Macro pin has more than 1 polygon
[WARNING DRT-6000] Macro pin has more than 1 polygon
[WARNING DRT-6000] Macro pin has more than 1 polygon
[WARNING DRT-6000] Macro pin has more than 1 polygon
[WARNING DRT-6000] Macro pin has more than 1 polygon
[WARNING DRT-6000] Macro pin has more than 1 polygon
[WARNING DRT-6000] Macro pin has more than 1 polygon
[WARNING DRT-6000] Macro pin has more than 1 polygon
[WARNING DRT-6000] Macro pin has more than 1 polygon
[WARNING DRT-6000] Macro pin has more than 1 polygon
[WARNING DRT-6000] Macro pin has more than 1 polygon
[WARNING DRT-6000] Macro pin has more than 1 polygon
[WARNING DRT-6000] Macro pin has more than 1 polygon
[WARNING DRT-6000] Macro pin has more than 1 polygon
[WARNING DRT-6000] Macro pin has more than 1 polygon
[WARNING DRT-6000] Macro pin has more than 1 polygon
[WARNING DRT-6000] Macro pin has more than 1 polygon
[WARNING DRT-6000] Macro pin has more than 1 polygon
[WARNING DRT-6000] Macro pin has more than 1 polygon
[WARNING DRT-6000] Macro pin has more than 1 polygon
[WARNING DRT-6000] Macro pin has more than 1 polygon
[WARNING DRT-6000] Macro pin has more than 1 polygon
[WARNING DRT-6000] Macro pin has more than 1 polygon
[WARNING DRT-6000] Macro pin has more than 1 polygon
[WARNING DRT-6000] Macro pin has more than 1 polygon
[WARNING DRT-6000] Macro pin has more than 1 polygon
[WARNING DRT-6000] Macro pin has more than 1 polygon
[WARNING DRT-6000] Macro pin has more than 1 polygon
[WARNING DRT-6000] Macro pin has more than 1 polygon
[WARNING DRT-6000] Macro pin has more than 1 polygon
[WARNING DRT-6000] Macro pin has more than 1 polygon
[WARNING DRT-6000] Macro pin has more than 1 polygon
[WARNING DRT-6000] Macro pin has more than 1 polygon
[WARNING DRT-6000] Macro pin has more than 1 polygon
[WARNING DRT-6000] Macro pin has more than 1 polygon
[WARNING DRT-6000] Macro pin has more than 1 polygon
[WARNING DRT-6000] Macro pin has more than 1 polygon
[WARNING DRT-6000] Macro pin has more than 1 polygon
[WARNING DRT-6000] Macro pin has more than 1 polygon
[WARNING DRT-6000] Macro pin has more than 1 polygon
[WARNING DRT-6000] Macro pin has more than 1 polygon
[WARNING DRT-6000] Macro pin has more than 1 polygon
[WARNING DRT-6000] Macro pin has more than 1 polygon
[WARNING DRT-6000] Macro pin has more than 1 polygon
[WARNING DRT-6000] Macro pin has more than 1 polygon
[WARNING DRT-6000] Macro pin has more than 1 polygon
[WARNING DRT-6000] Macro pin has more than 1 polygon
[WARNING DRT-6000] Macro pin has more than 1 polygon
[WARNING DRT-6000] Macro pin has more than 1 polygon
[WARNING DRT-6000] Macro pin has more than 1 polygon
[WARNING DRT-6000] Macro pin has more than 1 polygon
[WARNING DRT-6000] Macro pin has more than 1 polygon
[WARNING DRT-6000] Macro pin has more than 1 polygon
[WARNING DRT-6000] Macro pin has more than 1 polygon
[WARNING DRT-6000] Macro pin has more than 1 polygon
[WARNING DRT-6000] Macro pin has more than 1 polygon
[WARNING DRT-6000] Macro pin has more than 1 polygon
[WARNING DRT-6000] Macro pin has more than 1 polygon
[WARNING DRT-6000] Macro pin has more than 1 polygon
[WARNING DRT-6000] Macro pin has more than 1 polygon
[WARNING DRT-6000] Macro pin has more than 1 polygon
[WARNING DRT-6000] Macro pin has more than 1 polygon
[WARNING DRT-6000] Macro pin has more than 1 polygon
[WARNING DRT-6000] Macro pin has more than 1 polygon
[WARNING DRT-6000] Macro pin has more than 1 polygon
[WARNING DRT-6000] Macro pin has more than 1 polygon
[WARNING DRT-6000] Macro pin has more than 1 polygon
[WARNING DRT-6000] Macro pin has more than 1 polygon
[WARNING DRT-6000] Macro pin has more than 1 polygon
[WARNING DRT-6000] Macro pin has more than 1 polygon
[WARNING DRT-6000] Macro pin has more than 1 polygon
[WARNING DRT-6000] Macro pin has more than 1 polygon
[WARNING DRT-6000] Macro pin has more than 1 polygon
[WARNING DRT-6000] Macro pin has more than 1 polygon
[WARNING DRT-6000] Macro pin has more than 1 polygon
[WARNING DRT-6000] Macro pin has more than 1 polygon
[WARNING DRT-6000] Macro pin has more than 1 polygon
[WARNING DRT-6000] Macro pin has more than 1 polygon
[WARNING DRT-6000] Macro pin has more than 1 polygon
[WARNING DRT-6000] Macro pin has more than 1 polygon
[WARNING DRT-6000] Macro pin has more than 1 polygon
[WARNING DRT-6000] Macro pin has more than 1 polygon
[WARNING DRT-6000] Macro pin has more than 1 polygon
[WARNING DRT-6000] Macro pin has more than 1 polygon
[WARNING DRT-6000] Macro pin has more than 1 polygon
[WARNING DRT-6000] Macro pin has more than 1 polygon
[WARNING DRT-6000] Macro pin has more than 1 polygon
[WARNING DRT-6000] Macro pin has more than 1 polygon
[WARNING DRT-6000] Macro pin has more than 1 polygon
[WARNING DRT-6000] Macro pin has more than 1 polygon
[WARNING DRT-6000] Macro pin has more than 1 polygon
[WARNING DRT-6000] Macro pin has more than 1 polygon
[WARNING DRT-6000] Macro pin has more than 1 polygon
[WARNING DRT-6000] Macro pin has more than 1 polygon
[WARNING DRT-6000] Macro pin has more than 1 polygon
[WARNING DRT-6000] Macro pin has more than 1 polygon
[WARNING DRT-6000] Macro pin has more than 1 polygon
[WARNING DRT-6000] Macro pin has more than 1 polygon
[WARNING DRT-6000] Macro pin has more than 1 polygon
[WARNING DRT-6000] Macro pin has more than 1 polygon
[WARNING DRT-6000] Macro pin has more than 1 polygon
[WARNING DRT-6000] Macro pin has more than 1 polygon
[WARNING DRT-6000] Macro pin has more than 1 polygon
[WARNING DRT-6000] Macro pin has more than 1 polygon
[WARNING DRT-6000] Macro pin has more than 1 polygon
[WARNING DRT-6000] Macro pin has more than 1 polygon
[WARNING DRT-6000] Macro pin has more than 1 polygon
[WARNING DRT-6000] Macro pin has more than 1 polygon
[WARNING DRT-6000] Macro pin has more than 1 polygon
[WARNING DRT-6000] Macro pin has more than 1 polygon
[WARNING DRT-6000] Macro pin has more than 1 polygon
[WARNING DRT-6000] Macro pin has more than 1 polygon
[WARNING DRT-6000] Macro pin has more than 1 polygon
[WARNING DRT-6000] Macro pin has more than 1 polygon
[WARNING DRT-6000] Macro pin has more than 1 polygon
[WARNING DRT-6000] Macro pin has more than 1 polygon
[WARNING DRT-6000] Macro pin has more than 1 polygon
[WARNING DRT-6000] Macro pin has more than 1 polygon
[WARNING DRT-6000] Macro pin has more than 1 polygon
[WARNING DRT-6000] Macro pin has more than 1 polygon
[WARNING DRT-6000] Macro pin has more than 1 polygon
[WARNING DRT-6000] Macro pin has more than 1 polygon
[WARNING DRT-6000] Macro pin has more than 1 polygon
[WARNING DRT-6000] Macro pin has more than 1 polygon
[WARNING DRT-6000] Macro pin has more than 1 polygon
[WARNING DRT-6000] Macro pin has more than 1 polygon
[WARNING DRT-6000] Macro pin has more than 1 polygon
[WARNING DRT-6000] Macro pin has more than 1 polygon
[WARNING DRT-6000] Macro pin has more than 1 polygon
[WARNING DRT-6000] Macro pin has more than 1 polygon
[WARNING DRT-6000] Macro pin has more than 1 polygon
[WARNING DRT-6000] Macro pin has more than 1 polygon
[WARNING DRT-6000] Macro pin has more than 1 polygon
[WARNING DRT-6000] Macro pin has more than 1 polygon
[WARNING DRT-6000] Macro pin has more than 1 polygon
[WARNING DRT-6000] Macro pin has more than 1 polygon
[WARNING DRT-6000] Macro pin has more than 1 polygon
[WARNING DRT-6000] Macro pin has more than 1 polygon
[WARNING DRT-6000] Macro pin has more than 1 polygon
[WARNING DRT-6000] Macro pin has more than 1 polygon
[WARNING DRT-6000] Macro pin has more than 1 polygon
[WARNING DRT-6000] Macro pin has more than 1 polygon
[WARNING DRT-6000] Macro pin has more than 1 polygon
[WARNING DRT-6000] Macro pin has more than 1 polygon
[WARNING DRT-6000] Macro pin has more than 1 polygon
[WARNING DRT-6000] Macro pin has more than 1 polygon
[WARNING DRT-6000] Macro pin has more than 1 polygon
[WARNING DRT-6000] Macro pin has more than 1 polygon
[WARNING DRT-6000] Macro pin has more than 1 polygon
[WARNING DRT-6000] Macro pin has more than 1 polygon
[WARNING DRT-6000] Macro pin has more than 1 polygon
[WARNING DRT-6000] Macro pin has more than 1 polygon
[WARNING DRT-6000] Macro pin has more than 1 polygon
[WARNING DRT-6000] Macro pin has more than 1 polygon
[WARNING DRT-6000] Macro pin has more than 1 polygon
[WARNING DRT-6000] Macro pin has more than 1 polygon
[WARNING DRT-6000] Macro pin has more than 1 polygon
[WARNING DRT-6000] Macro pin has more than 1 polygon
[WARNING DRT-6000] Macro pin has more than 1 polygon
[WARNING DRT-6000] Macro pin has more than 1 polygon
[WARNING DRT-6000] Macro pin has more than 1 polygon
[WARNING DRT-6000] Macro pin has more than 1 polygon
[WARNING DRT-6000] Macro pin has more than 1 polygon
[WARNING DRT-6000] Macro pin has more than 1 polygon
[WARNING DRT-6000] Macro pin has more than 1 polygon
[WARNING DRT-6000] Macro pin has more than 1 polygon
[WARNING DRT-6000] Macro pin has more than 1 polygon
[WARNING DRT-6000] Macro pin has more than 1 polygon
[WARNING DRT-6000] Macro pin has more than 1 polygon
[WARNING DRT-6000] Macro pin has more than 1 polygon
[WARNING DRT-6000] Macro pin has more than 1 polygon
[WARNING DRT-6000] Macro pin has more than 1 polygon
[WARNING DRT-6000] Macro pin has more than 1 polygon
[WARNING DRT-6000] Macro pin has more than 1 polygon
[WARNING DRT-6000] Macro pin has more than 1 polygon
[WARNING DRT-6000] Macro pin has more than 1 polygon
[WARNING DRT-6000] Macro pin has more than 1 polygon
[WARNING DRT-6000] Macro pin has more than 1 polygon
[WARNING DRT-6000] Macro pin has more than 1 polygon
[WARNING DRT-6000] Macro pin has more than 1 polygon
[WARNING DRT-6000] Macro pin has more than 1 polygon
[WARNING DRT-6000] Macro pin has more than 1 polygon
[WARNING DRT-6000] Macro pin has more than 1 polygon
[WARNING DRT-6000] Macro pin has more than 1 polygon
[WARNING DRT-6000] Macro pin has more than 1 polygon
[WARNING DRT-6000] Macro pin has more than 1 polygon
[WARNING DRT-6000] Macro pin has more than 1 polygon
[WARNING DRT-6000] Macro pin has more than 1 polygon
[WARNING DRT-6000] Macro pin has more than 1 polygon
[WARNING DRT-6000] Macro pin has more than 1 polygon
[WARNING DRT-6000] Macro pin has more than 1 polygon
[WARNING DRT-6000] Macro pin has more than 1 polygon
[WARNING DRT-6000] Macro pin has more than 1 polygon
[WARNING DRT-6000] Macro pin has more than 1 polygon
[WARNING DRT-6000] Macro pin has more than 1 polygon
[WARNING DRT-6000] Macro pin has more than 1 polygon
[WARNING DRT-6000] Macro pin has more than 1 polygon
[WARNING DRT-6000] Macro pin has more than 1 polygon
[WARNING DRT-6000] Macro pin has more than 1 polygon
[WARNING DRT-6000] Macro pin has more than 1 polygon
[WARNING DRT-6000] Macro pin has more than 1 polygon
[WARNING DRT-6000] Macro pin has more than 1 polygon
[WARNING DRT-6000] Macro pin has more than 1 polygon
[WARNING DRT-6000] Macro pin has more than 1 polygon
[WARNING DRT-6000] Macro pin has more than 1 polygon
[WARNING DRT-6000] Macro pin has more than 1 polygon
[WARNING DRT-6000] Macro pin has more than 1 polygon
[WARNING DRT-6000] Macro pin has more than 1 polygon
[WARNING DRT-6000] Macro pin has more than 1 polygon
[WARNING DRT-6000] Macro pin has more than 1 polygon
[WARNING DRT-6000] Macro pin has more than 1 polygon
[WARNING DRT-6000] Macro pin has more than 1 polygon
[WARNING DRT-6000] Macro pin has more than 1 polygon
[WARNING DRT-6000] Macro pin has more than 1 polygon
[WARNING DRT-6000] Macro pin has more than 1 polygon
[WARNING DRT-6000] Macro pin has more than 1 polygon
[WARNING DRT-6000] Macro pin has more than 1 polygon
[WARNING DRT-6000] Macro pin has more than 1 polygon
[WARNING DRT-6000] Macro pin has more than 1 polygon
[WARNING DRT-6000] Macro pin has more than 1 polygon
[WARNING DRT-6000] Macro pin has more than 1 polygon
[WARNING DRT-6000] Macro pin has more than 1 polygon
[WARNING DRT-6000] Macro pin has more than 1 polygon
[WARNING DRT-6000] Macro pin has more than 1 polygon
[WARNING DRT-6000] Macro pin has more than 1 polygon
[WARNING DRT-6000] Macro pin has more than 1 polygon
[WARNING DRT-6000] Macro pin has more than 1 polygon
[WARNING DRT-6000] Macro pin has more than 1 polygon
[WARNING DRT-6000] Macro pin has more than 1 polygon
[WARNING DRT-6000] Macro pin has more than 1 polygon
[WARNING DRT-6000] Macro pin has more than 1 polygon
[WARNING DRT-6000] Macro pin has more than 1 polygon
[WARNING DRT-6000] Macro pin has more than 1 polygon
[WARNING DRT-6000] Macro pin has more than 1 polygon
[WARNING DRT-6000] Macro pin has more than 1 polygon
[WARNING DRT-6000] Macro pin has more than 1 polygon
[WARNING DRT-6000] Macro pin has more than 1 polygon
[WARNING DRT-6000] Macro pin has more than 1 polygon
[WARNING DRT-6000] Macro pin has more than 1 polygon
[WARNING DRT-6000] Macro pin has more than 1 polygon
[WARNING DRT-6000] Macro pin has more than 1 polygon
[WARNING DRT-6000] Macro pin has more than 1 polygon
[WARNING DRT-6000] Macro pin has more than 1 polygon
[WARNING DRT-6000] Macro pin has more than 1 polygon
[WARNING DRT-6000] Macro pin has more than 1 polygon
[WARNING DRT-6000] Macro pin has more than 1 polygon
[WARNING DRT-6000] Macro pin has more than 1 polygon
[WARNING DRT-6000] Macro pin has more than 1 polygon
[WARNING DRT-6000] Macro pin has more than 1 polygon
[WARNING DRT-6000] Macro pin has more than 1 polygon
[WARNING DRT-6000] Macro pin has more than 1 polygon
[WARNING DRT-6000] Macro pin has more than 1 polygon
[WARNING DRT-6000] Macro pin has more than 1 polygon
[WARNING DRT-6000] Macro pin has more than 1 polygon
[WARNING DRT-6000] Macro pin has more than 1 polygon
[WARNING DRT-6000] Macro pin has more than 1 polygon
[WARNING DRT-6000] Macro pin has more than 1 polygon
[WARNING DRT-6000] Macro pin has more than 1 polygon
[WARNING DRT-6000] Macro pin has more than 1 polygon
[WARNING DRT-6000] Macro pin has more than 1 polygon
[WARNING DRT-6000] Macro pin has more than 1 polygon
[WARNING DRT-6000] Macro pin has more than 1 polygon
[WARNING DRT-6000] Macro pin has more than 1 polygon
[WARNING DRT-6000] Macro pin has more than 1 polygon
[WARNING DRT-6000] Macro pin has more than 1 polygon
[WARNING DRT-6000] Macro pin has more than 1 polygon
[WARNING DRT-6000] Macro pin has more than 1 polygon
[WARNING DRT-6000] Macro pin has more than 1 polygon
[WARNING DRT-6000] Macro pin has more than 1 polygon
[WARNING DRT-6000] Macro pin has more than 1 polygon
[WARNING DRT-6000] Macro pin has more than 1 polygon
[WARNING DRT-6000] Macro pin has more than 1 polygon
[WARNING DRT-6000] Macro pin has more than 1 polygon
[WARNING DRT-6000] Macro pin has more than 1 polygon
[WARNING DRT-6000] Macro pin has more than 1 polygon
[WARNING DRT-6000] Macro pin has more than 1 polygon
[WARNING DRT-6000] Macro pin has more than 1 polygon
[WARNING DRT-6000] Macro pin has more than 1 polygon
[WARNING DRT-6000] Macro pin has more than 1 polygon
[WARNING DRT-6000] Macro pin has more than 1 polygon
[WARNING DRT-6000] Macro pin has more than 1 polygon
[WARNING DRT-6000] Macro pin has more than 1 polygon
[WARNING DRT-6000] Macro pin has more than 1 polygon
[WARNING DRT-6000] Macro pin has more than 1 polygon
[WARNING DRT-6000] Macro pin has more than 1 polygon
[WARNING DRT-6000] Macro pin has more than 1 polygon
[WARNING DRT-6000] Macro pin has more than 1 polygon
[WARNING DRT-6000] Macro pin has more than 1 polygon
[WARNING DRT-6000] Macro pin has more than 1 polygon
[WARNING DRT-6000] Macro pin has more than 1 polygon
[WARNING DRT-6000] Macro pin has more than 1 polygon
[WARNING DRT-6000] Macro pin has more than 1 polygon
[WARNING DRT-6000] Macro pin has more than 1 polygon
[WARNING DRT-6000] Macro pin has more than 1 polygon
[WARNING DRT-6000] Macro pin has more than 1 polygon
[WARNING DRT-6000] Macro pin has more than 1 polygon
[WARNING DRT-6000] Macro pin has more than 1 polygon
[WARNING DRT-6000] Macro pin has more than 1 polygon
[WARNING DRT-6000] Macro pin has more than 1 polygon
[WARNING DRT-6000] Macro pin has more than 1 polygon
[WARNING DRT-6000] Macro pin has more than 1 polygon
[WARNING DRT-6000] Macro pin has more than 1 polygon
[WARNING DRT-6000] Macro pin has more than 1 polygon
[WARNING DRT-6000] Macro pin has more than 1 polygon
[WARNING DRT-6000] Macro pin has more than 1 polygon
[WARNING DRT-6000] Macro pin has more than 1 polygon
[WARNING DRT-6000] Macro pin has more than 1 polygon
[WARNING DRT-6000] Macro pin has more than 1 polygon
[WARNING DRT-6000] Macro pin has more than 1 polygon
[WARNING DRT-6000] Macro pin has more than 1 polygon
[WARNING DRT-6000] Macro pin has more than 1 polygon
[WARNING DRT-6000] Macro pin has more than 1 polygon
[WARNING DRT-6000] Macro pin has more than 1 polygon
[WARNING DRT-6000] Macro pin has more than 1 polygon
[WARNING DRT-6000] Macro pin has more than 1 polygon
[WARNING DRT-6000] Macro pin has more than 1 polygon
[WARNING DRT-6000] Macro pin has more than 1 polygon
[WARNING DRT-6000] Macro pin has more than 1 polygon
[WARNING DRT-6000] Macro pin has more than 1 polygon
[WARNING DRT-6000] Macro pin has more than 1 polygon
[WARNING DRT-6000] Macro pin has more than 1 polygon
[WARNING DRT-6000] Macro pin has more than 1 polygon
[WARNING DRT-6000] Macro pin has more than 1 polygon
[WARNING DRT-6000] Macro pin has more than 1 polygon
[WARNING DRT-6000] Macro pin has more than 1 polygon
[WARNING DRT-6000] Macro pin has more than 1 polygon
[WARNING DRT-6000] Macro pin has more than 1 polygon
[WARNING DRT-6000] Macro pin has more than 1 polygon
[WARNING DRT-6000] Macro pin has more than 1 polygon
[WARNING DRT-6000] Macro pin has more than 1 polygon
[WARNING DRT-6000] Macro pin has more than 1 polygon
[WARNING DRT-6000] Macro pin has more than 1 polygon
[WARNING DRT-6000] Macro pin has more than 1 polygon
[WARNING DRT-6000] Macro pin has more than 1 polygon
[WARNING DRT-6000] Macro pin has more than 1 polygon
[WARNING DRT-6000] Macro pin has more than 1 polygon
[WARNING DRT-6000] Macro pin has more than 1 polygon
[WARNING DRT-6000] Macro pin has more than 1 polygon
[WARNING DRT-6000] Macro pin has more than 1 polygon
[WARNING DRT-6000] Macro pin has more than 1 polygon
[WARNING DRT-6000] Macro pin has more than 1 polygon
[WARNING DRT-6000] Macro pin has more than 1 polygon
[WARNING DRT-6000] Macro pin has more than 1 polygon
[WARNING DRT-6000] Macro pin has more than 1 polygon
[WARNING DRT-6000] Macro pin has more than 1 polygon
[WARNING DRT-6000] Macro pin has more than 1 polygon
[WARNING DRT-6000] Macro pin has more than 1 polygon
[WARNING DRT-6000] Macro pin has more than 1 polygon
[WARNING DRT-6000] Macro pin has more than 1 polygon
[WARNING DRT-6000] Macro pin has more than 1 polygon
[WARNING DRT-6000] Macro pin has more than 1 polygon
[WARNING DRT-6000] Macro pin has more than 1 polygon
[WARNING DRT-6000] Macro pin has more than 1 polygon
[WARNING DRT-6000] Macro pin has more than 1 polygon
[WARNING DRT-6000] Macro pin has more than 1 polygon
[WARNING DRT-6000] Macro pin has more than 1 polygon
[WARNING DRT-6000] Macro pin has more than 1 polygon
[WARNING DRT-6000] Macro pin has more than 1 polygon
[WARNING DRT-6000] Macro pin has more than 1 polygon
[WARNING DRT-6000] Macro pin has more than 1 polygon
[WARNING DRT-6000] Macro pin has more than 1 polygon
[WARNING DRT-6000] Macro pin has more than 1 polygon
[WARNING DRT-6000] Macro pin has more than 1 polygon
[WARNING DRT-6000] Macro pin has more than 1 polygon
[WARNING DRT-6000] Macro pin has more than 1 polygon
[WARNING DRT-6000] Macro pin has more than 1 polygon
[WARNING DRT-6000] Macro pin has more than 1 polygon
[WARNING DRT-6000] Macro pin has more than 1 polygon
[WARNING DRT-6000] Macro pin has more than 1 polygon
[WARNING DRT-6000] Macro pin has more than 1 polygon
[WARNING DRT-6000] Macro pin has more than 1 polygon
[WARNING DRT-6000] Macro pin has more than 1 polygon
[WARNING DRT-6000] Macro pin has more than 1 polygon
[WARNING DRT-6000] Macro pin has more than 1 polygon
[WARNING DRT-6000] Macro pin has more than 1 polygon
[WARNING DRT-6000] Macro pin has more than 1 polygon
[WARNING DRT-6000] Macro pin has more than 1 polygon
[WARNING DRT-6000] Macro pin has more than 1 polygon
[WARNING DRT-6000] Macro pin has more than 1 polygon
[WARNING DRT-6000] Macro pin has more than 1 polygon
[WARNING DRT-6000] Macro pin has more than 1 polygon
[WARNING DRT-6000] Macro pin has more than 1 polygon
[WARNING DRT-6000] Macro pin has more than 1 polygon
[WARNING DRT-6000] Macro pin has more than 1 polygon
[WARNING DRT-6000] Macro pin has more than 1 polygon
[WARNING DRT-6000] Macro pin has more than 1 polygon
[WARNING DRT-6000] Macro pin has more than 1 polygon
[WARNING DRT-6000] Macro pin has more than 1 polygon
[WARNING DRT-6000] Macro pin has more than 1 polygon
[WARNING DRT-6000] Macro pin has more than 1 polygon
[WARNING DRT-6000] Macro pin has more than 1 polygon
[WARNING DRT-6000] Macro pin has more than 1 polygon
[WARNING DRT-6000] Macro pin has more than 1 polygon
[WARNING DRT-6000] Macro pin has more than 1 polygon
[WARNING DRT-6000] Macro pin has more than 1 polygon
[WARNING DRT-6000] Macro pin has more than 1 polygon
[WARNING DRT-6000] Macro pin has more than 1 polygon
[WARNING DRT-6000] Macro pin has more than 1 polygon
[WARNING DRT-6000] Macro pin has more than 1 polygon
[WARNING DRT-6000] Macro pin has more than 1 polygon
[WARNING DRT-6000] Macro pin has more than 1 polygon
[WARNING DRT-6000] Macro pin has more than 1 polygon
[WARNING DRT-6000] Macro pin has more than 1 polygon
[WARNING DRT-6000] Macro pin has more than 1 polygon
[WARNING DRT-6000] Macro pin has more than 1 polygon
[WARNING DRT-6000] Macro pin has more than 1 polygon
[WARNING DRT-6000] Macro pin has more than 1 polygon
[WARNING DRT-6000] Macro pin has more than 1 polygon
[WARNING DRT-6000] Macro pin has more than 1 polygon
[WARNING DRT-6000] Macro pin has more than 1 polygon
[WARNING DRT-6000] Macro pin has more than 1 polygon
[WARNING DRT-6000] Macro pin has more than 1 polygon
[WARNING DRT-6000] Macro pin has more than 1 polygon
[WARNING DRT-6000] Macro pin has more than 1 polygon
[WARNING DRT-6000] Macro pin has more than 1 polygon
[WARNING DRT-6000] Macro pin has more than 1 polygon
[WARNING DRT-6000] Macro pin has more than 1 polygon
[WARNING DRT-6000] Macro pin has more than 1 polygon
[WARNING DRT-6000] Macro pin has more than 1 polygon
[WARNING DRT-6000] Macro pin has more than 1 polygon
[WARNING DRT-6000] Macro pin has more than 1 polygon
[WARNING DRT-6000] Macro pin has more than 1 polygon
[WARNING DRT-6000] Macro pin has more than 1 polygon
[WARNING DRT-6000] Macro pin has more than 1 polygon
[WARNING DRT-6000] Macro pin has more than 1 polygon
[WARNING DRT-6000] Macro pin has more than 1 polygon
[WARNING DRT-6000] Macro pin has more than 1 polygon
[WARNING DRT-6000] Macro pin has more than 1 polygon
[WARNING DRT-6000] Macro pin has more than 1 polygon
[WARNING DRT-6000] Macro pin has more than 1 polygon
[WARNING DRT-6000] Macro pin has more than 1 polygon
[WARNING DRT-6000] Macro pin has more than 1 polygon
[WARNING DRT-6000] Macro pin has more than 1 polygon
[WARNING DRT-6000] Macro pin has more than 1 polygon
[WARNING DRT-6000] Macro pin has more than 1 polygon
[WARNING DRT-6000] Macro pin has more than 1 polygon
[WARNING DRT-6000] Macro pin has more than 1 polygon
[WARNING DRT-6000] Macro pin has more than 1 polygon
[WARNING DRT-6000] Macro pin has more than 1 polygon
[WARNING DRT-6000] Macro pin has more than 1 polygon
[WARNING DRT-6000] Macro pin has more than 1 polygon
[WARNING DRT-6000] Macro pin has more than 1 polygon
[WARNING DRT-6000] Macro pin has more than 1 polygon
[WARNING DRT-6000] Macro pin has more than 1 polygon
[WARNING DRT-6000] Macro pin has more than 1 polygon
[WARNING DRT-6000] Macro pin has more than 1 polygon
[WARNING DRT-6000] Macro pin has more than 1 polygon
[WARNING DRT-6000] Macro pin has more than 1 polygon
[WARNING DRT-6000] Macro pin has more than 1 polygon
[WARNING DRT-6000] Macro pin has more than 1 polygon
[WARNING DRT-6000] Macro pin has more than 1 polygon
[WARNING DRT-6000] Macro pin has more than 1 polygon
[WARNING DRT-6000] Macro pin has more than 1 polygon
[WARNING DRT-6000] Macro pin has more than 1 polygon
[WARNING DRT-6000] Macro pin has more than 1 polygon
[WARNING DRT-6000] Macro pin has more than 1 polygon
[WARNING DRT-6000] Macro pin has more than 1 polygon
[WARNING DRT-6000] Macro pin has more than 1 polygon
[WARNING DRT-6000] Macro pin has more than 1 polygon
[WARNING DRT-6000] Macro pin has more than 1 polygon
[WARNING DRT-6000] Macro pin has more than 1 polygon
[WARNING DRT-6000] Macro pin has more than 1 polygon
[WARNING DRT-6000] Macro pin has more than 1 polygon
[WARNING DRT-6000] Macro pin has more than 1 polygon
[WARNING DRT-6000] Macro pin has more than 1 polygon
[WARNING DRT-6000] Macro pin has more than 1 polygon
[WARNING DRT-6000] Macro pin has more than 1 polygon
[WARNING DRT-6000] Macro pin has more than 1 polygon
[WARNING DRT-6000] Macro pin has more than 1 polygon
[WARNING DRT-6000] Macro pin has more than 1 polygon
[WARNING DRT-6000] Macro pin has more than 1 polygon
[WARNING DRT-6000] Macro pin has more than 1 polygon
[WARNING DRT-6000] Macro pin has more than 1 polygon
[WARNING DRT-6000] Macro pin has more than 1 polygon
[WARNING DRT-6000] Macro pin has more than 1 polygon
[WARNING DRT-6000] Macro pin has more than 1 polygon
[WARNING DRT-6000] Macro pin has more than 1 polygon
[WARNING DRT-6000] Macro pin has more than 1 polygon
[WARNING DRT-6000] Macro pin has more than 1 polygon
[WARNING DRT-6000] Macro pin has more than 1 polygon
[WARNING DRT-6000] Macro pin has more than 1 polygon
[WARNING DRT-6000] Macro pin has more than 1 polygon
[WARNING DRT-6000] Macro pin has more than 1 polygon
[WARNING DRT-6000] Macro pin has more than 1 polygon
[WARNING DRT-6000] Macro pin has more than 1 polygon
[WARNING DRT-6000] Macro pin has more than 1 polygon
[WARNING DRT-6000] Macro pin has more than 1 polygon
[WARNING DRT-6000] Macro pin has more than 1 polygon
[WARNING DRT-6000] Macro pin has more than 1 polygon
[WARNING DRT-6000] Macro pin has more than 1 polygon
[WARNING DRT-6000] Macro pin has more than 1 polygon
[WARNING DRT-6000] Macro pin has more than 1 polygon
[WARNING DRT-6000] Macro pin has more than 1 polygon
[WARNING DRT-6000] Macro pin has more than 1 polygon
[WARNING DRT-6000] Macro pin has more than 1 polygon
[WARNING DRT-6000] Macro pin has more than 1 polygon
[WARNING DRT-6000] Macro pin has more than 1 polygon
[WARNING DRT-6000] Macro pin has more than 1 polygon
[WARNING DRT-6000] Macro pin has more than 1 polygon
[WARNING DRT-6000] Macro pin has more than 1 polygon
[WARNING DRT-6000] Macro pin has more than 1 polygon
[WARNING DRT-6000] Macro pin has more than 1 polygon
[WARNING DRT-6000] message limit reached, this message will no longer print
[INFO DRT-0078]   Complete 2084 pins.
[INFO DRT-0079]   Complete 100 unique inst patterns.
[INFO DRT-0079]   Complete 200 unique inst patterns.
[INFO DRT-0081]   Complete 259 unique inst patterns.
[INFO DRT-0084]   Complete 4121 groups.
#scanned instances     = 32588
#unique  instances     = 261
#stdCellGenAp          = 8476
#stdCellValidPlanarAp  = 104
#stdCellValidViaAp     = 5928
#stdCellPinNoAp        = 6
#stdCellPinCnt         = 28109
#instTermValidViaApCnt = 0
#macroGenAp            = 135468
#macroValidPlanarAp    = 127217
#macroValidViaAp       = 122991
#macroNoAp             = 0
[INFO DRT-0166] Complete pin access.
[INFO DRT-0267] cpu time = 00:05:38, elapsed time = 00:02:08, memory = 452.05 (MB), peak = 452.05 (MB)

[INFO DRT-0157] Number of guides:     66302

[INFO DRT-0169] Post process guides.
[INFO DRT-0176] GCELLGRID X 0 DO 231 STEP 6900 ;
[INFO DRT-0177] GCELLGRID Y 0 DO 231 STEP 6900 ;
[INFO DRT-0028]   Complete FR_MASTERSLICE.
[INFO DRT-0028]   Complete Fr_VIA.
[INFO DRT-0028]   Complete li1.
[INFO DRT-0028]   Complete mcon.
[INFO DRT-0028]   Complete met1.
[INFO DRT-0028]   Complete via.
[INFO DRT-0028]   Complete met2.
[INFO DRT-0028]   Complete via2.
[INFO DRT-0028]   Complete met3.
[INFO DRT-0028]   Complete via3.
[INFO DRT-0028]   Complete met4.
[INFO DRT-0028]   Complete via4.
[INFO DRT-0028]   Complete met5.
[INFO DRT-0178] Init guide query.
[INFO DRT-0035]   Complete FR_MASTERSLICE (guide).
[INFO DRT-0035]   Complete Fr_VIA (guide).
[INFO DRT-0035]   Complete li1 (guide).
[INFO DRT-0035]   Complete mcon (guide).
[INFO DRT-0035]   Complete met1 (guide).
[INFO DRT-0035]   Complete via (guide).
[INFO DRT-0035]   Complete met2 (guide).
[INFO DRT-0035]   Complete via2 (guide).
[INFO DRT-0035]   Complete met3 (guide).
[INFO DRT-0035]   Complete via3 (guide).
[INFO DRT-0035]   Complete met4 (guide).
[INFO DRT-0035]   Complete via4 (guide).
[INFO DRT-0035]   Complete met5 (guide).
[INFO DRT-0036] FR_MASTERSLICE guide region query size = 0.
[INFO DRT-0036] FR_VIA guide region query size = 0.
[INFO DRT-0036] li1 guide region query size = 23515.
[INFO DRT-0036] mcon guide region query size = 0.
[INFO DRT-0036] met1 guide region query size = 16030.
[INFO DRT-0036] via guide region query size = 0.
[INFO DRT-0036] met2 guide region query size = 7367.
[INFO DRT-0036] via2 guide region query size = 0.
[INFO DRT-0036] met3 guide region query size = 904.
[INFO DRT-0036] via3 guide region query size = 0.
[INFO DRT-0036] met4 guide region query size = 283.
[INFO DRT-0036] via4 guide region query size = 0.
[INFO DRT-0036] met5 guide region query size = 5.
[INFO DRT-0179] Init gr pin query.
[INFO DRT-0267] cpu time = 00:00:00, elapsed time = 00:00:00, memory = 463.18 (MB), peak = 463.18 (MB)
[INFO DRT-0245] skipped writing guide updates to database.
[INFO DRT-0185] Post process initialize RPin region query.
[INFO DRT-0181] Start track assignment.
[INFO DRT-0184] Done with 31165 vertical wires in 5 frboxes and 16939 horizontal wires in 5 frboxes.
[INFO DRT-0186] Done with 4271 vertical wires in 5 frboxes and 6701 horizontal wires in 5 frboxes.
[INFO DRT-0182] Complete track assignment.
[INFO DRT-0267] cpu time = 00:00:04, elapsed time = 00:00:02, memory = 744.08 (MB), peak = 799.38 (MB)
[INFO DRT-0187] Start routing data preparation.
[INFO DRT-0267] cpu time = 00:00:00, elapsed time = 00:00:00, memory = 744.08 (MB), peak = 799.38 (MB)
[INFO DRT-0194] Start detail routing.
[INFO DRT-0195] Start 0th optimization iteration.
    Completing 10% with 0 violations.
    elapsed time = 00:00:02, memory = 1012.12 (MB).
    Completing 20% with 0 violations.
    elapsed time = 00:00:12, memory = 1276.68 (MB).
    Completing 30% with 1947 violations.
    elapsed time = 00:00:23, memory = 1038.58 (MB).
    Completing 40% with 1947 violations.
    elapsed time = 00:00:35, memory = 1447.32 (MB).
    Completing 50% with 1947 violations.
    elapsed time = 00:00:38, memory = 1450.44 (MB).
    Completing 60% with 4414 violations.
    elapsed time = 00:00:55, memory = 1352.80 (MB).
    Completing 70% with 4414 violations.
    elapsed time = 00:01:11, memory = 1562.80 (MB).
    Completing 80% with 6908 violations.
    elapsed time = 00:01:32, memory = 1373.97 (MB).
    Completing 90% with 6908 violations.
    elapsed time = 00:01:52, memory = 1710.93 (MB).
    Completing 100% with 9702 violations.
    elapsed time = 00:02:15, memory = 1434.93 (MB).
[INFO DRT-0199]   Number of violations = 10784.
Viol/Layer         li1   mcon   met1    via   met2   met3   met4   met5
Cut Spacing          0     16      0      2      0      0      0      0
Metal Spacing        0      0   1094      0    614     44      2      1
Min Hole             0      0      1      0      1      0      0      0
Recheck              4      0    692      0    351     24     10      1
Short                0      0   6255     12   1606     48      6      0
[INFO DRT-0267] cpu time = 00:25:14, elapsed time = 00:02:15, memory = 1686.68 (MB), peak = 1728.43 (MB)
Total wire length = 292341 um.
Total wire length on LAYER li1 = 0 um.
Total wire length on LAYER met1 = 123880 um.
Total wire length on LAYER met2 = 120883 um.
Total wire length on LAYER met3 = 34745 um.
Total wire length on LAYER met4 = 12692 um.
Total wire length on LAYER met5 = 138 um.
Total number of vias = 65540.
Up-via summary (total 65540):

------------------------
 FR_MASTERSLICE        0
            li1    28455
           met1    32553
           met2     3607
           met3      917
           met4        8
------------------------
                   65540


[INFO DRT-0195] Start 1st optimization iteration.
    Completing 10% with 10784 violations.
    elapsed time = 00:00:03, memory = 1885.56 (MB).
    Completing 20% with 10784 violations.
    elapsed time = 00:00:12, memory = 1980.81 (MB).
    Completing 30% with 10165 violations.
    elapsed time = 00:00:26, memory = 1751.76 (MB).
    Completing 40% with 10165 violations.
    elapsed time = 00:00:42, memory = 2005.28 (MB).
    Completing 50% with 10165 violations.
    elapsed time = 00:00:58, memory = 1797.40 (MB).
    Completing 60% with 8956 violations.
    elapsed time = 00:01:11, memory = 1973.74 (MB).
    Completing 70% with 8956 violations.
    elapsed time = 00:01:12, memory = 1936.98 (MB).
    Completing 80% with 8139 violations.
    elapsed time = 00:01:29, memory = 1797.88 (MB).
    Completing 90% with 8139 violations.
    elapsed time = 00:01:49, memory = 2032.14 (MB).
    Completing 100% with 7211 violations.
    elapsed time = 00:02:02, memory = 1817.92 (MB).
[INFO DRT-0199]   Number of violations = 7211.
Viol/Layer        mcon   met1    via   met2   met3
Cut Spacing         17      0      1      0      0
Metal Spacing        0    929      0    424     18
Min Hole             0      1      0      0      0
Short                0   5004      3    803     11
[INFO DRT-0267] cpu time = 00:23:48, elapsed time = 00:02:02, memory = 1820.92 (MB), peak = 2040.76 (MB)
Total wire length = 288265 um.
Total wire length on LAYER li1 = 0 um.
Total wire length on LAYER met1 = 121257 um.
Total wire length on LAYER met2 = 118073 um.
Total wire length on LAYER met3 = 35784 um.
Total wire length on LAYER met4 = 13044 um.
Total wire length on LAYER met5 = 104 um.
Total number of vias = 64756.
Up-via summary (total 64756):

------------------------
 FR_MASTERSLICE        0
            li1    28469
           met1    31643
           met2     3654
           met3      984
           met4        6
------------------------
                   64756


[INFO DRT-0195] Start 2nd optimization iteration.
    Completing 10% with 7211 violations.
    elapsed time = 00:00:00, memory = 1820.92 (MB).
    Completing 20% with 7211 violations.
    elapsed time = 00:00:00, memory = 1820.92 (MB).
    Completing 30% with 7347 violations.
    elapsed time = 00:00:21, memory = 1832.46 (MB).
    Completing 40% with 7347 violations.
    elapsed time = 00:00:21, memory = 1832.46 (MB).
    Completing 50% with 7347 violations.
    elapsed time = 00:00:42, memory = 1835.29 (MB).
    Completing 60% with 7467 violations.
    elapsed time = 00:00:42, memory = 1835.29 (MB).
    Completing 70% with 7467 violations.
    elapsed time = 00:00:42, memory = 1835.29 (MB).
    Completing 80% with 7327 violations.
    elapsed time = 00:00:59, memory = 1846.01 (MB).
    Completing 90% with 7327 violations.
    elapsed time = 00:00:59, memory = 1846.01 (MB).
    Completing 100% with 7111 violations.
    elapsed time = 00:01:17, memory = 1852.56 (MB).
[INFO DRT-0199]   Number of violations = 7111.
Viol/Layer        mcon   met1   met2   met3   met4
Cut Spacing         20      0      0      0      0
Metal Spacing        0    998    391     20      1
Short                0   4930    737     11      3
[INFO DRT-0267] cpu time = 00:08:41, elapsed time = 00:01:17, memory = 1852.56 (MB), peak = 2103.51 (MB)
Total wire length = 287254 um.
Total wire length on LAYER li1 = 0 um.
Total wire length on LAYER met1 = 120842 um.
Total wire length on LAYER met2 = 118259 um.
Total wire length on LAYER met3 = 35335 um.
Total wire length on LAYER met4 = 12746 um.
Total wire length on LAYER met5 = 70 um.
Total number of vias = 64274.
Up-via summary (total 64274):

------------------------
 FR_MASTERSLICE        0
            li1    28494
           met1    31361
           met2     3519
           met3      896
           met4        4
------------------------
                   64274


[INFO DRT-0195] Start 3rd optimization iteration.
    Completing 10% with 7111 violations.
    elapsed time = 00:00:00, memory = 1852.56 (MB).
    Completing 20% with 7111 violations.
    elapsed time = 00:00:00, memory = 1852.56 (MB).
    Completing 30% with 6021 violations.
    elapsed time = 00:00:12, memory = 1856.18 (MB).
    Completing 40% with 6021 violations.
    elapsed time = 00:00:12, memory = 1856.18 (MB).
    Completing 50% with 6021 violations.
    elapsed time = 00:00:12, memory = 1856.18 (MB).
    Completing 60% with 4432 violations.
    elapsed time = 00:00:32, memory = 1866.69 (MB).
    Completing 70% with 4432 violations.
    elapsed time = 00:00:32, memory = 1866.69 (MB).
    Completing 80% with 3086 violations.
    elapsed time = 00:00:53, memory = 1867.07 (MB).
    Completing 90% with 3086 violations.
    elapsed time = 00:00:53, memory = 1867.07 (MB).
    Completing 100% with 2025 violations.
    elapsed time = 00:01:28, memory = 1867.30 (MB).
[INFO DRT-0199]   Number of violations = 2025.
Viol/Layer        mcon   met1   met2   met3
Cut Spacing          5      0      0      0
Metal Spacing        0    478    122     11
Short                0   1163    225     21
[INFO DRT-0267] cpu time = 00:07:58, elapsed time = 00:01:28, memory = 1867.30 (MB), peak = 2153.45 (MB)
Total wire length = 286337 um.
Total wire length on LAYER li1 = 0 um.
Total wire length on LAYER met1 = 108965 um.
Total wire length on LAYER met2 = 113882 um.
Total wire length on LAYER met3 = 46302 um.
Total wire length on LAYER met4 = 17112 um.
Total wire length on LAYER met5 = 75 um.
Total number of vias = 66052.
Up-via summary (total 66052):

------------------------
 FR_MASTERSLICE        0
            li1    28496
           met1    31000
           met2     5248
           met3     1304
           met4        4
------------------------
                   66052


[INFO DRT-0195] Start 4th optimization iteration.
    Completing 10% with 2025 violations.
    elapsed time = 00:00:00, memory = 1867.30 (MB).
    Completing 20% with 2025 violations.
    elapsed time = 00:00:00, memory = 1867.30 (MB).
    Completing 30% with 1731 violations.
    elapsed time = 00:00:10, memory = 1867.24 (MB).
    Completing 40% with 1731 violations.
    elapsed time = 00:00:10, memory = 1867.24 (MB).
    Completing 50% with 1731 violations.
    elapsed time = 00:00:21, memory = 1867.24 (MB).
    Completing 60% with 1265 violations.
    elapsed time = 00:00:21, memory = 1867.24 (MB).
    Completing 70% with 1265 violations.
    elapsed time = 00:00:21, memory = 1867.24 (MB).
    Completing 80% with 920 violations.
    elapsed time = 00:00:32, memory = 1867.20 (MB).
    Completing 90% with 920 violations.
    elapsed time = 00:00:32, memory = 1867.20 (MB).
    Completing 100% with 662 violations.
    elapsed time = 00:00:43, memory = 1867.42 (MB).
[INFO DRT-0199]   Number of violations = 662.
Viol/Layer        mcon   met1   met2   met3
Cut Spacing          3      0      0      0
Metal Spacing        0    167     36     19
Short                0    334     95      8
[INFO DRT-0267] cpu time = 00:02:34, elapsed time = 00:00:43, memory = 1867.42 (MB), peak = 2153.45 (MB)
Total wire length = 286261 um.
Total wire length on LAYER li1 = 0 um.
Total wire length on LAYER met1 = 107666 um.
Total wire length on LAYER met2 = 113332 um.
Total wire length on LAYER met3 = 47438 um.
Total wire length on LAYER met4 = 17748 um.
Total wire length on LAYER met5 = 75 um.
Total number of vias = 66309.
Up-via summary (total 66309):

------------------------
 FR_MASTERSLICE        0
            li1    28489
           met1    31007
           met2     5435
           met3     1374
           met4        4
------------------------
                   66309


[INFO DRT-0195] Start 5th optimization iteration.
    Completing 10% with 662 violations.
    elapsed time = 00:00:00, memory = 1867.42 (MB).
    Completing 20% with 662 violations.
    elapsed time = 00:00:00, memory = 1867.42 (MB).
    Completing 30% with 553 violations.
    elapsed time = 00:00:04, memory = 1867.48 (MB).
    Completing 40% with 553 violations.
    elapsed time = 00:00:04, memory = 1867.48 (MB).
    Completing 50% with 553 violations.
    elapsed time = 00:00:17, memory = 1867.59 (MB).
    Completing 60% with 419 violations.
    elapsed time = 00:00:17, memory = 1867.59 (MB).
    Completing 70% with 419 violations.
    elapsed time = 00:00:17, memory = 1867.59 (MB).
    Completing 80% with 356 violations.
    elapsed time = 00:00:22, memory = 1867.59 (MB).
    Completing 90% with 356 violations.
    elapsed time = 00:00:22, memory = 1867.59 (MB).
    Completing 100% with 307 violations.
    elapsed time = 00:00:30, memory = 1867.63 (MB).
[INFO DRT-0199]   Number of violations = 307.
Viol/Layer        met1   met2   met3
Metal Spacing       83     14      0
Short              175     33      2
[INFO DRT-0267] cpu time = 00:01:01, elapsed time = 00:00:30, memory = 1867.63 (MB), peak = 2153.45 (MB)
Total wire length = 286185 um.
Total wire length on LAYER li1 = 0 um.
Total wire length on LAYER met1 = 107491 um.
Total wire length on LAYER met2 = 113089 um.
Total wire length on LAYER met3 = 47581 um.
Total wire length on LAYER met4 = 17946 um.
Total wire length on LAYER met5 = 75 um.
Total number of vias = 66317.
Up-via summary (total 66317):

------------------------
 FR_MASTERSLICE        0
            li1    28491
           met1    31003
           met2     5435
           met3     1384
           met4        4
------------------------
                   66317


[INFO DRT-0195] Start 6th optimization iteration.
    Completing 10% with 307 violations.
    elapsed time = 00:00:00, memory = 1867.88 (MB).
    Completing 20% with 307 violations.
    elapsed time = 00:00:00, memory = 1867.88 (MB).
    Completing 30% with 282 violations.
    elapsed time = 00:00:04, memory = 1867.94 (MB).
    Completing 40% with 282 violations.
    elapsed time = 00:00:04, memory = 1867.94 (MB).
    Completing 50% with 282 violations.
    elapsed time = 00:00:11, memory = 1867.72 (MB).
    Completing 60% with 164 violations.
    elapsed time = 00:00:11, memory = 1867.72 (MB).
    Completing 70% with 164 violations.
    elapsed time = 00:00:11, memory = 1867.72 (MB).
    Completing 80% with 162 violations.
    elapsed time = 00:00:19, memory = 1867.72 (MB).
    Completing 90% with 162 violations.
    elapsed time = 00:00:19, memory = 1867.72 (MB).
    Completing 100% with 154 violations.
    elapsed time = 00:00:27, memory = 1867.84 (MB).
[INFO DRT-0199]   Number of violations = 154.
Viol/Layer        met1   met2
Metal Spacing       40     12
Short               81     21
[INFO DRT-0267] cpu time = 00:00:45, elapsed time = 00:00:27, memory = 1867.84 (MB), peak = 2153.45 (MB)
Total wire length = 286167 um.
Total wire length on LAYER li1 = 0 um.
Total wire length on LAYER met1 = 107294 um.
Total wire length on LAYER met2 = 113055 um.
Total wire length on LAYER met3 = 47715 um.
Total wire length on LAYER met4 = 18027 um.
Total wire length on LAYER met5 = 75 um.
Total number of vias = 66297.
Up-via summary (total 66297):

------------------------
 FR_MASTERSLICE        0
            li1    28494
           met1    30978
           met2     5444
           met3     1377
           met4        4
------------------------
                   66297


[INFO DRT-0195] Start 7th optimization iteration.
    Completing 10% with 154 violations.
    elapsed time = 00:00:00, memory = 1867.84 (MB).
    Completing 20% with 154 violations.
    elapsed time = 00:00:00, memory = 1867.84 (MB).
    Completing 30% with 136 violations.
    elapsed time = 00:00:08, memory = 1867.79 (MB).
    Completing 40% with 136 violations.
    elapsed time = 00:00:08, memory = 1867.79 (MB).
    Completing 50% with 136 violations.
    elapsed time = 00:00:15, memory = 1867.71 (MB).
    Completing 60% with 131 violations.
    elapsed time = 00:00:15, memory = 1867.71 (MB).
    Completing 70% with 131 violations.
    elapsed time = 00:00:15, memory = 1867.71 (MB).
    Completing 80% with 113 violations.
    elapsed time = 00:00:19, memory = 1867.64 (MB).
    Completing 90% with 113 violations.
    elapsed time = 00:00:19, memory = 1867.64 (MB).
    Completing 100% with 111 violations.
    elapsed time = 00:00:21, memory = 1867.64 (MB).
[INFO DRT-0199]   Number of violations = 111.
Viol/Layer        met1   met2
Metal Spacing       41     15
Short               38     17
[INFO DRT-0267] cpu time = 00:00:31, elapsed time = 00:00:21, memory = 1867.64 (MB), peak = 2153.45 (MB)
Total wire length = 286171 um.
Total wire length on LAYER li1 = 0 um.
Total wire length on LAYER met1 = 107268 um.
Total wire length on LAYER met2 = 112956 um.
Total wire length on LAYER met3 = 47791 um.
Total wire length on LAYER met4 = 18111 um.
Total wire length on LAYER met5 = 42 um.
Total number of vias = 66270.
Up-via summary (total 66270):

------------------------
 FR_MASTERSLICE        0
            li1    28497
           met1    30952
           met2     5439
           met3     1380
           met4        2
------------------------
                   66270


[INFO DRT-0195] Start 8th optimization iteration.
    Completing 10% with 111 violations.
    elapsed time = 00:00:00, memory = 1867.64 (MB).
    Completing 20% with 111 violations.
    elapsed time = 00:00:00, memory = 1867.64 (MB).
    Completing 30% with 89 violations.
    elapsed time = 00:00:04, memory = 1867.64 (MB).
    Completing 40% with 89 violations.
    elapsed time = 00:00:04, memory = 1867.64 (MB).
    Completing 50% with 89 violations.
    elapsed time = 00:00:11, memory = 1867.64 (MB).
    Completing 60% with 89 violations.
    elapsed time = 00:00:11, memory = 1867.64 (MB).
    Completing 70% with 89 violations.
    elapsed time = 00:00:11, memory = 1867.64 (MB).
    Completing 80% with 83 violations.
    elapsed time = 00:00:13, memory = 1867.69 (MB).
    Completing 90% with 83 violations.
    elapsed time = 00:00:13, memory = 1867.69 (MB).
    Completing 100% with 79 violations.
    elapsed time = 00:00:13, memory = 1867.67 (MB).
[INFO DRT-0199]   Number of violations = 79.
Viol/Layer        met1   met2
Metal Spacing       23     11
Short               30     15
[INFO DRT-0267] cpu time = 00:00:21, elapsed time = 00:00:13, memory = 1867.67 (MB), peak = 2153.45 (MB)
Total wire length = 286156 um.
Total wire length on LAYER li1 = 0 um.
Total wire length on LAYER met1 = 107273 um.
Total wire length on LAYER met2 = 112944 um.
Total wire length on LAYER met3 = 47783 um.
Total wire length on LAYER met4 = 18112 um.
Total wire length on LAYER met5 = 42 um.
Total number of vias = 66267.
Up-via summary (total 66267):

------------------------
 FR_MASTERSLICE        0
            li1    28497
           met1    30955
           met2     5434
           met3     1379
           met4        2
------------------------
                   66267


[INFO DRT-0195] Start 9th optimization iteration.
    Completing 10% with 79 violations.
    elapsed time = 00:00:00, memory = 1867.67 (MB).
    Completing 20% with 79 violations.
    elapsed time = 00:00:00, memory = 1867.67 (MB).
    Completing 30% with 67 violations.
    elapsed time = 00:00:04, memory = 1867.67 (MB).
    Completing 40% with 67 violations.
    elapsed time = 00:00:04, memory = 1867.67 (MB).
    Completing 50% with 67 violations.
    elapsed time = 00:00:06, memory = 1867.61 (MB).
    Completing 60% with 57 violations.
    elapsed time = 00:00:06, memory = 1867.61 (MB).
    Completing 70% with 57 violations.
    elapsed time = 00:00:06, memory = 1867.61 (MB).
    Completing 80% with 52 violations.
    elapsed time = 00:00:06, memory = 1867.64 (MB).
    Completing 90% with 52 violations.
    elapsed time = 00:00:06, memory = 1867.64 (MB).
    Completing 100% with 46 violations.
    elapsed time = 00:00:07, memory = 1867.68 (MB).
[INFO DRT-0199]   Number of violations = 46.
Viol/Layer        met1   met2
Metal Spacing       16      7
Short               14      9
[INFO DRT-0267] cpu time = 00:00:15, elapsed time = 00:00:07, memory = 1867.68 (MB), peak = 2153.45 (MB)
Total wire length = 286189 um.
Total wire length on LAYER li1 = 0 um.
Total wire length on LAYER met1 = 107191 um.
Total wire length on LAYER met2 = 112933 um.
Total wire length on LAYER met3 = 47853 um.
Total wire length on LAYER met4 = 18168 um.
Total wire length on LAYER met5 = 42 um.
Total number of vias = 66269.
Up-via summary (total 66269):

------------------------
 FR_MASTERSLICE        0
            li1    28498
           met1    30946
           met2     5435
           met3     1388
           met4        2
------------------------
                   66269


[INFO DRT-0195] Start 10th optimization iteration.
    Completing 10% with 46 violations.
    elapsed time = 00:00:00, memory = 1867.68 (MB).
    Completing 20% with 46 violations.
    elapsed time = 00:00:00, memory = 1867.68 (MB).
    Completing 30% with 43 violations.
    elapsed time = 00:00:01, memory = 1867.68 (MB).
    Completing 40% with 43 violations.
    elapsed time = 00:00:01, memory = 1867.68 (MB).
    Completing 50% with 43 violations.
    elapsed time = 00:00:01, memory = 1867.68 (MB).
    Completing 60% with 42 violations.
    elapsed time = 00:00:01, memory = 1867.68 (MB).
    Completing 70% with 42 violations.
    elapsed time = 00:00:01, memory = 1867.68 (MB).
    Completing 80% with 42 violations.
    elapsed time = 00:00:01, memory = 1867.68 (MB).
    Completing 90% with 42 violations.
    elapsed time = 00:00:01, memory = 1867.68 (MB).
    Completing 100% with 1 violations.
    elapsed time = 00:00:04, memory = 1867.67 (MB).
[INFO DRT-0199]   Number of violations = 1.
Viol/Layer        met1
Metal Spacing        1
[INFO DRT-0267] cpu time = 00:00:07, elapsed time = 00:00:04, memory = 1867.67 (MB), peak = 2153.45 (MB)
Total wire length = 286251 um.
Total wire length on LAYER li1 = 0 um.
Total wire length on LAYER met1 = 107165 um.
Total wire length on LAYER met2 = 112911 um.
Total wire length on LAYER met3 = 47904 um.
Total wire length on LAYER met4 = 18227 um.
Total wire length on LAYER met5 = 42 um.
Total number of vias = 66292.
Up-via summary (total 66292):

------------------------
 FR_MASTERSLICE        0
            li1    28499
           met1    30954
           met2     5439
           met3     1398
           met4        2
------------------------
                   66292


[INFO DRT-0195] Start 11th optimization iteration.
    Completing 10% with 1 violations.
    elapsed time = 00:00:00, memory = 1867.67 (MB).
    Completing 20% with 1 violations.
    elapsed time = 00:00:00, memory = 1867.67 (MB).
    Completing 30% with 1 violations.
    elapsed time = 00:00:00, memory = 1867.67 (MB).
    Completing 40% with 1 violations.
    elapsed time = 00:00:00, memory = 1867.67 (MB).
    Completing 50% with 1 violations.
    elapsed time = 00:00:00, memory = 1867.66 (MB).
    Completing 60% with 0 violations.
    elapsed time = 00:00:00, memory = 1867.66 (MB).
    Completing 70% with 0 violations.
    elapsed time = 00:00:00, memory = 1867.66 (MB).
    Completing 80% with 0 violations.
    elapsed time = 00:00:00, memory = 1867.66 (MB).
    Completing 90% with 0 violations.
    elapsed time = 00:00:00, memory = 1867.66 (MB).
    Completing 100% with 0 violations.
    elapsed time = 00:00:00, memory = 1867.66 (MB).
[INFO DRT-0199]   Number of violations = 0.
[INFO DRT-0267] cpu time = 00:00:01, elapsed time = 00:00:01, memory = 1867.66 (MB), peak = 2153.45 (MB)
Total wire length = 286266 um.
Total wire length on LAYER li1 = 0 um.
Total wire length on LAYER met1 = 107170 um.
Total wire length on LAYER met2 = 112917 um.
Total wire length on LAYER met3 = 47909 um.
Total wire length on LAYER met4 = 18226 um.
Total wire length on LAYER met5 = 42 um.
Total number of vias = 66299.
Up-via summary (total 66299):

------------------------
 FR_MASTERSLICE        0
            li1    28498
           met1    30958
           met2     5442
           met3     1399
           met4        2
------------------------
                   66299


[INFO DRT-0198] Complete detail routing.
Total wire length = 286266 um.
Total wire length on LAYER li1 = 0 um.
Total wire length on LAYER met1 = 107170 um.
Total wire length on LAYER met2 = 112917 um.
Total wire length on LAYER met3 = 47909 um.
Total wire length on LAYER met4 = 18226 um.
Total wire length on LAYER met5 = 42 um.
Total number of vias = 66299.
Up-via summary (total 66299):

------------------------
 FR_MASTERSLICE        0
            li1    28498
           met1    30958
           met2     5442
           met3     1399
           met4        2
------------------------
                   66299


[INFO DRT-0267] cpu time = 01:11:22, elapsed time = 00:09:33, memory = 1867.66 (MB), peak = 2153.45 (MB)

[INFO DRT-0180] Post processing.
[INFO GRT-0012] Found 7 antenna violations.
[INFO GRT-0015] Inserted 17 diodes.
[WARNING DRT-0120] Large net net97 has 131 pins which may impact routing performance. Consider optimization.
[WARNING DRT-0120] Large net net96 has 108 pins which may impact routing performance. Consider optimization.
[INFO DRT-0024]   Complete FR_MASTERSLICE.
[INFO DRT-0024]   Complete Fr_VIA.
[INFO DRT-0024]   Complete li1.
[INFO DRT-0024]   Complete mcon.
[INFO DRT-0024]   Complete met1.
[INFO DRT-0024]   Complete via.
[INFO DRT-0024]   Complete met2.
[INFO DRT-0024]   Complete via2.
[INFO DRT-0024]   Complete met3.
[INFO DRT-0024]   Complete via3.
[INFO DRT-0024]   Complete met4.
[INFO DRT-0024]   Complete via4.
[INFO DRT-0024]   Complete met5.
[INFO DRT-0165] Start pin access.
[INFO DRT-0076]   Complete 1000 pins.
[INFO DRT-0076]   Complete 2000 pins.
[INFO DRT-0078]   Complete 2084 pins.
[INFO DRT-0079]   Complete 100 unique inst patterns.
[INFO DRT-0079]   Complete 200 unique inst patterns.
[INFO DRT-0081]   Complete 259 unique inst patterns.
[INFO DRT-0084]   Complete 4123 groups.
#scanned instances     = 32605
#unique  instances     = 261
#stdCellGenAp          = 8476
#stdCellValidPlanarAp  = 104
#stdCellValidViaAp     = 5928
#stdCellPinNoAp        = 6
#stdCellPinCnt         = 28109
#instTermValidViaApCnt = 0
#macroGenAp            = 135468
#macroValidPlanarAp    = 127217
#macroValidViaAp       = 122991
#macroNoAp             = 0
[INFO DRT-0166] Complete pin access.
[INFO DRT-0267] cpu time = 00:05:55, elapsed time = 00:02:05, memory = 1809.53 (MB), peak = 2153.45 (MB)

[INFO DRT-0157] Number of guides:     69878

[INFO DRT-0169] Post process guides.
[INFO DRT-0176] GCELLGRID X 0 DO 231 STEP 6900 ;
[INFO DRT-0177] GCELLGRID Y 0 DO 231 STEP 6900 ;
[INFO DRT-0028]   Complete FR_MASTERSLICE.
[INFO DRT-0028]   Complete Fr_VIA.
[INFO DRT-0028]   Complete li1.
[INFO DRT-0028]   Complete mcon.
[INFO DRT-0028]   Complete met1.
[INFO DRT-0028]   Complete via.
[INFO DRT-0028]   Complete met2.
[INFO DRT-0028]   Complete via2.
[INFO DRT-0028]   Complete met3.
[INFO DRT-0028]   Complete via3.
[INFO DRT-0028]   Complete met4.
[INFO DRT-0028]   Complete via4.
[INFO DRT-0028]   Complete met5.
[INFO DRT-0178] Init guide query.
[INFO DRT-0035]   Complete FR_MASTERSLICE (guide).
[INFO DRT-0035]   Complete Fr_VIA (guide).
[INFO DRT-0035]   Complete li1 (guide).
[INFO DRT-0035]   Complete mcon (guide).
[INFO DRT-0035]   Complete met1 (guide).
[INFO DRT-0035]   Complete via (guide).
[INFO DRT-0035]   Complete met2 (guide).
[INFO DRT-0035]   Complete via2 (guide).
[INFO DRT-0035]   Complete met3 (guide).
[INFO DRT-0035]   Complete via3 (guide).
[INFO DRT-0035]   Complete met4 (guide).
[INFO DRT-0035]   Complete via4 (guide).
[INFO DRT-0035]   Complete met5 (guide).
[INFO DRT-0036] FR_MASTERSLICE guide region query size = 0.
[INFO DRT-0036] FR_VIA guide region query size = 0.
[INFO DRT-0036] li1 guide region query size = 23520.
[INFO DRT-0036] mcon guide region query size = 0.
[INFO DRT-0036] met1 guide region query size = 16024.
[INFO DRT-0036] via guide region query size = 0.
[INFO DRT-0036] met2 guide region query size = 7338.
[INFO DRT-0036] via2 guide region query size = 0.
[INFO DRT-0036] met3 guide region query size = 875.
[INFO DRT-0036] via3 guide region query size = 0.
[INFO DRT-0036] met4 guide region query size = 271.
[INFO DRT-0036] via4 guide region query size = 0.
[INFO DRT-0036] met5 guide region query size = 4.
[INFO DRT-0179] Init gr pin query.
[INFO DRT-0267] cpu time = 00:00:00, elapsed time = 00:00:00, memory = 1809.53 (MB), peak = 2153.45 (MB)
[INFO DRT-0245] skipped writing guide updates to database.
[INFO DRT-0185] Post process initialize RPin region query.
[INFO DRT-0181] Start track assignment.
[INFO DRT-0184] Done with 31129 vertical wires in 5 frboxes and 16903 horizontal wires in 5 frboxes.
[INFO DRT-0186] Done with 4180 vertical wires in 5 frboxes and 6700 horizontal wires in 5 frboxes.
[INFO DRT-0182] Complete track assignment.
[INFO DRT-0267] cpu time = 00:00:05, elapsed time = 00:00:02, memory = 1832.71 (MB), peak = 2153.45 (MB)
[INFO DRT-0187] Start routing data preparation.
[INFO DRT-0267] cpu time = 00:00:00, elapsed time = 00:00:00, memory = 1832.71 (MB), peak = 2153.45 (MB)
[INFO DRT-0194] Start detail routing.
[INFO DRT-0195] Start 0th optimization iteration.
    Completing 10% with 0 violations.
    elapsed time = 00:00:00, memory = 1961.96 (MB).
    Completing 20% with 0 violations.
    elapsed time = 00:00:03, memory = 1963.55 (MB).
    Completing 30% with 38 violations.
    elapsed time = 00:00:12, memory = 1844.63 (MB).
    Completing 40% with 38 violations.
    elapsed time = 00:00:15, memory = 2045.05 (MB).
    Completing 50% with 38 violations.
    elapsed time = 00:00:15, memory = 1976.39 (MB).
    Completing 60% with 147 violations.
    elapsed time = 00:00:28, memory = 1900.16 (MB).
    Completing 70% with 147 violations.
    elapsed time = 00:00:36, memory = 1979.77 (MB).
    Completing 80% with 228 violations.
    elapsed time = 00:00:41, memory = 1979.77 (MB).
    Completing 90% with 228 violations.
    elapsed time = 00:00:46, memory = 2116.11 (MB).
    Completing 100% with 361 violations.
    elapsed time = 00:00:58, memory = 1986.48 (MB).
[INFO DRT-0199]   Number of violations = 379.
Viol/Layer        met1   met2
Metal Spacing       33     24
Recheck             11      7
Short              186    118
[INFO DRT-0267] cpu time = 00:11:18, elapsed time = 00:00:58, memory = 2271.23 (MB), peak = 2271.23 (MB)
Total wire length = 286366 um.
Total wire length on LAYER li1 = 0 um.
Total wire length on LAYER met1 = 107934 um.
Total wire length on LAYER met2 = 113391 um.
Total wire length on LAYER met3 = 47148 um.
Total wire length on LAYER met4 = 17850 um.
Total wire length on LAYER met5 = 42 um.
Total number of vias = 66404.
Up-via summary (total 66404):

------------------------
 FR_MASTERSLICE        0
            li1    28518
           met1    31073
           met2     5433
           met3     1378
           met4        2
------------------------
                   66404


[INFO DRT-0195] Start 1st optimization iteration.
    Completing 10% with 379 violations.
    elapsed time = 00:00:01, memory = 2382.90 (MB).
    Completing 20% with 379 violations.
    elapsed time = 00:00:04, memory = 2275.01 (MB).
    Completing 30% with 314 violations.
    elapsed time = 00:00:13, memory = 2275.01 (MB).
    Completing 40% with 314 violations.
    elapsed time = 00:00:18, memory = 2394.27 (MB).
    Completing 50% with 314 violations.
    elapsed time = 00:00:28, memory = 2354.69 (MB).
    Completing 60% with 261 violations.
    elapsed time = 00:00:31, memory = 2489.64 (MB).
    Completing 70% with 261 violations.
    elapsed time = 00:00:33, memory = 2380.38 (MB).
    Completing 80% with 216 violations.
    elapsed time = 00:00:41, memory = 2380.38 (MB).
    Completing 90% with 216 violations.
    elapsed time = 00:00:46, memory = 2512.38 (MB).
    Completing 100% with 178 violations.
    elapsed time = 00:00:57, memory = 2419.82 (MB).
[INFO DRT-0199]   Number of violations = 178.
Viol/Layer        met1   met2   met3
Metal Spacing        8     33      8
Short               58     66      5
[INFO DRT-0267] cpu time = 00:11:05, elapsed time = 00:00:57, memory = 2419.95 (MB), peak = 2582.68 (MB)
Total wire length = 286324 um.
Total wire length on LAYER li1 = 0 um.
Total wire length on LAYER met1 = 107794 um.
Total wire length on LAYER met2 = 113294 um.
Total wire length on LAYER met3 = 47279 um.
Total wire length on LAYER met4 = 17913 um.
Total wire length on LAYER met5 = 42 um.
Total number of vias = 66402.
Up-via summary (total 66402):

------------------------
 FR_MASTERSLICE        0
            li1    28518
           met1    31069
           met2     5436
           met3     1377
           met4        2
------------------------
                   66402


[INFO DRT-0195] Start 2nd optimization iteration.
    Completing 10% with 178 violations.
    elapsed time = 00:00:00, memory = 2419.95 (MB).
    Completing 20% with 178 violations.
    elapsed time = 00:00:00, memory = 2419.95 (MB).
    Completing 30% with 177 violations.
    elapsed time = 00:00:01, memory = 2419.70 (MB).
    Completing 40% with 177 violations.
    elapsed time = 00:00:01, memory = 2419.70 (MB).
    Completing 50% with 177 violations.
    elapsed time = 00:00:04, memory = 2419.75 (MB).
    Completing 60% with 180 violations.
    elapsed time = 00:00:04, memory = 2419.75 (MB).
    Completing 70% with 180 violations.
    elapsed time = 00:00:04, memory = 2419.75 (MB).
    Completing 80% with 190 violations.
    elapsed time = 00:00:06, memory = 2427.45 (MB).
    Completing 90% with 190 violations.
    elapsed time = 00:00:06, memory = 2427.45 (MB).
    Completing 100% with 198 violations.
    elapsed time = 00:00:07, memory = 2437.20 (MB).
[INFO DRT-0199]   Number of violations = 198.
Viol/Layer        met1   met2
Metal Spacing       16     23
Short               80     79
[INFO DRT-0267] cpu time = 00:00:18, elapsed time = 00:00:07, memory = 2437.20 (MB), peak = 2586.70 (MB)
Total wire length = 286282 um.
Total wire length on LAYER li1 = 0 um.
Total wire length on LAYER met1 = 107753 um.
Total wire length on LAYER met2 = 113253 um.
Total wire length on LAYER met3 = 47302 um.
Total wire length on LAYER met4 = 17930 um.
Total wire length on LAYER met5 = 42 um.
Total number of vias = 66385.
Up-via summary (total 66385):

------------------------
 FR_MASTERSLICE        0
            li1    28518
           met1    31050
           met2     5438
           met3     1377
           met4        2
------------------------
                   66385


[INFO DRT-0195] Start 3rd optimization iteration.
    Completing 10% with 198 violations.
    elapsed time = 00:00:00, memory = 2437.20 (MB).
    Completing 20% with 198 violations.
    elapsed time = 00:00:00, memory = 2437.20 (MB).
    Completing 30% with 175 violations.
    elapsed time = 00:00:01, memory = 2437.18 (MB).
    Completing 40% with 175 violations.
    elapsed time = 00:00:01, memory = 2437.18 (MB).
    Completing 50% with 175 violations.
    elapsed time = 00:00:01, memory = 2437.18 (MB).
    Completing 60% with 118 violations.
    elapsed time = 00:00:01, memory = 2438.07 (MB).
    Completing 70% with 118 violations.
    elapsed time = 00:00:01, memory = 2438.07 (MB).
    Completing 80% with 89 violations.
    elapsed time = 00:00:04, memory = 2438.07 (MB).
    Completing 90% with 89 violations.
    elapsed time = 00:00:04, memory = 2438.07 (MB).
    Completing 100% with 35 violations.
    elapsed time = 00:00:11, memory = 2440.26 (MB).
[INFO DRT-0199]   Number of violations = 35.
Viol/Layer        met1   met2
Metal Spacing        0      6
Short                9     20
[INFO DRT-0267] cpu time = 00:00:21, elapsed time = 00:00:11, memory = 2443.01 (MB), peak = 2586.70 (MB)
Total wire length = 286232 um.
Total wire length on LAYER li1 = 0 um.
Total wire length on LAYER met1 = 107420 um.
Total wire length on LAYER met2 = 113079 um.
Total wire length on LAYER met3 = 47588 um.
Total wire length on LAYER met4 = 18102 um.
Total wire length on LAYER met5 = 42 um.
Total number of vias = 66391.
Up-via summary (total 66391):

------------------------
 FR_MASTERSLICE        0
            li1    28514
           met1    31024
           met2     5458
           met3     1393
           met4        2
------------------------
                   66391


[INFO DRT-0195] Start 4th optimization iteration.
    Completing 10% with 35 violations.
    elapsed time = 00:00:00, memory = 2443.01 (MB).
    Completing 20% with 35 violations.
    elapsed time = 00:00:00, memory = 2443.01 (MB).
    Completing 30% with 35 violations.
    elapsed time = 00:00:00, memory = 2443.01 (MB).
    Completing 40% with 35 violations.
    elapsed time = 00:00:00, memory = 2443.01 (MB).
    Completing 50% with 35 violations.
    elapsed time = 00:00:00, memory = 2443.01 (MB).
    Completing 60% with 35 violations.
    elapsed time = 00:00:00, memory = 2443.01 (MB).
    Completing 70% with 35 violations.
    elapsed time = 00:00:00, memory = 2443.01 (MB).
    Completing 80% with 35 violations.
    elapsed time = 00:00:02, memory = 2442.97 (MB).
    Completing 90% with 35 violations.
    elapsed time = 00:00:02, memory = 2442.97 (MB).
    Completing 100% with 8 violations.
    elapsed time = 00:00:03, memory = 2463.21 (MB).
[INFO DRT-0199]   Number of violations = 8.
Viol/Layer        met1
Metal Spacing        3
Short                5
[INFO DRT-0267] cpu time = 00:00:04, elapsed time = 00:00:03, memory = 2463.21 (MB), peak = 2586.70 (MB)
Total wire length = 286246 um.
Total wire length on LAYER li1 = 0 um.
Total wire length on LAYER met1 = 107383 um.
Total wire length on LAYER met2 = 113073 um.
Total wire length on LAYER met3 = 47623 um.
Total wire length on LAYER met4 = 18123 um.
Total wire length on LAYER met5 = 42 um.
Total number of vias = 66387.
Up-via summary (total 66387):

------------------------
 FR_MASTERSLICE        0
            li1    28514
           met1    31017
           met2     5458
           met3     1396
           met4        2
------------------------
                   66387


[INFO DRT-0195] Start 5th optimization iteration.
    Completing 10% with 8 violations.
    elapsed time = 00:00:00, memory = 2463.21 (MB).
    Completing 20% with 8 violations.
    elapsed time = 00:00:00, memory = 2463.21 (MB).
    Completing 30% with 8 violations.
    elapsed time = 00:00:00, memory = 2463.21 (MB).
    Completing 40% with 8 violations.
    elapsed time = 00:00:00, memory = 2463.21 (MB).
    Completing 50% with 8 violations.
    elapsed time = 00:00:00, memory = 2463.21 (MB).
    Completing 60% with 8 violations.
    elapsed time = 00:00:00, memory = 2463.21 (MB).
    Completing 70% with 8 violations.
    elapsed time = 00:00:00, memory = 2463.21 (MB).
    Completing 80% with 3 violations.
    elapsed time = 00:00:00, memory = 2463.13 (MB).
    Completing 90% with 3 violations.
    elapsed time = 00:00:00, memory = 2463.13 (MB).
    Completing 100% with 0 violations.
    elapsed time = 00:00:01, memory = 2463.13 (MB).
[INFO DRT-0199]   Number of violations = 0.
[INFO DRT-0267] cpu time = 00:00:01, elapsed time = 00:00:01, memory = 2463.13 (MB), peak = 2586.70 (MB)
Total wire length = 286257 um.
Total wire length on LAYER li1 = 0 um.
Total wire length on LAYER met1 = 107407 um.
Total wire length on LAYER met2 = 113078 um.
Total wire length on LAYER met3 = 47606 um.
Total wire length on LAYER met4 = 18123 um.
Total wire length on LAYER met5 = 42 um.
Total number of vias = 66392.
Up-via summary (total 66392):

------------------------
 FR_MASTERSLICE        0
            li1    28514
           met1    31027
           met2     5453
           met3     1396
           met4        2
------------------------
                   66392


[INFO DRT-0198] Complete detail routing.
Total wire length = 286257 um.
Total wire length on LAYER li1 = 0 um.
Total wire length on LAYER met1 = 107407 um.
Total wire length on LAYER met2 = 113078 um.
Total wire length on LAYER met3 = 47606 um.
Total wire length on LAYER met4 = 18123 um.
Total wire length on LAYER met5 = 42 um.
Total number of vias = 66392.
Up-via summary (total 66392):

------------------------
 FR_MASTERSLICE        0
            li1    28514
           met1    31027
           met2     5453
           met3     1396
           met4        2
------------------------
                   66392


[INFO DRT-0267] cpu time = 00:23:09, elapsed time = 00:02:20, memory = 2463.13 (MB), peak = 2586.70 (MB)

[INFO DRT-0180] Post processing.
[INFO ANT-0002] Found 0 net violations.
[INFO ANT-0001] Found 0 pin violations.
[INFO ANT-0002] Found 0 net violations.
[INFO ANT-0001] Found 0 pin violations.
Elapsed time: 16:19.37[h:]min:sec. CPU time: user 6431.66 sys 6.25 (657%). Peak memory: 2648780KB.
