OpenROAD v2.0-17013-gf7f634f88 
Features included (+) or not (-): +Charts +GPU +GUI +Python
This program is licensed under the BSD-3 license. See the LICENSE file for details.
Components of this program may be licensed under more restrictive licenses which must be honored.
[INFO ORD-0030] Using 16 thread(s).
Deleted 0 routing obstructions
[INFO RCX-0431] Defined process_corner X with ext_model_index 0
[INFO RCX-0029] Defined extraction corner X
[INFO RCX-0435] Reading extraction model file /home/ayush/OpenRoad/flow/platforms/sky130hd/rcx_patterns.rules ...
[INFO RCX-0436] RC segment generation vsdbabysoc (max_merge_res 50.0) ...
[INFO RCX-0040] Final 31992 rc segments
[INFO RCX-0439] Coupling Cap extraction vsdbabysoc ...
[INFO RCX-0440] Coupling threshhold is 0.1000 fF, coupling capacitance less than 0.1000 fF will be grounded.
[INFO RCX-0442] 7% of 121839 wires extracted
[INFO RCX-0442] 21% of 121839 wires extracted
[INFO RCX-0442] 70% of 121839 wires extracted
[INFO RCX-0442] 99% of 121839 wires extracted
[INFO RCX-0045] Extract 8685 nets, 40612 rsegs, 40612 caps, 91716 ccs
[INFO RCX-0443] 8685 nets finished
[INFO PSM-0040] All shapes on net VDD are connected.
[INFO PSM-0073] Using bump pattern with x-pitch 140.0000um, y-pitch 140.0000um, and size 70.0000um with an reduction factor of 3x.
########## IR report #################
Net              : VDD
Corner           : default
Supply voltage   : 1.80e+00 V
Worstcase voltage: 1.80e+00 V
Average voltage  : 1.80e+00 V
Average IR drop  : 2.71e-05 V
Worstcase IR drop: 6.49e-04 V
Percentage drop  : 0.04 %
######################################
[INFO PSM-0040] All shapes on net VSS are connected.
[INFO PSM-0073] Using bump pattern with x-pitch 140.0000um, y-pitch 140.0000um, and size 70.0000um with an reduction factor of 3x.
########## IR report #################
Net              : VSS
Corner           : default
Supply voltage   : 0.00e+00 V
Worstcase voltage: 7.08e-04 V
Average voltage  : 2.58e-05 V
Average IR drop  : 2.58e-05 V
Worstcase IR drop: 7.08e-04 V
Percentage drop  : 0.04 %
######################################
Cell type report:                       Count       Area
  Macro                                     2  662104.35
  Antenna cell                             64     160.15
  Clock buffer                            196    3965.05
  Timing Repair Buffer                   1989   20828.73
  Inverter                                110     472.95
  Clock inverter                           54     480.46
  Sequential cell                        1274   25822.27
  Multi-Input combinational cell         5031   32763.92
  Total                                  8720  746597.89
Report metrics stage 6, finish...

==========================================================================
finish report_design_area
--------------------------------------------------------------------------
Design area 776483 u^2 32% utilization.
Elapsed time: 0:20.65[h:]min:sec. CPU time: user 20.06 sys 0.44 (99%). Peak memory: 998132KB.
